[2022-06-29T06:00:11.658Z] Log level: Info
[2022-06-29T06:00:11.660Z] [info] Validating found git in: git
[2022-06-29T06:00:11.715Z] [info] Using git 2.30.2 from git
[2022-06-29T06:00:11.812Z] > git rev-parse --show-toplevel [70ms]
[2022-06-29T06:00:11.951Z] > git rev-parse --git-dir --git-common-dir [120ms]
[2022-06-29T06:00:11.961Z] [info] Open repository: /home/sunnyhughes
[2022-06-29T06:00:12.619Z] > git fetch [638ms]
[2022-06-29T06:00:12.931Z] > git status -z -uall [934ms]
[2022-06-29T06:00:12.933Z] > git symbolic-ref --short HEAD [41ms]
[2022-06-29T06:00:12.952Z] > git for-each-ref --format=%(refname)%00%(upstream:short)%00%(objectname)%00%(upstream:track)%00%(upstream:remotename)%00%(upstream:remoteref) refs/heads/Main refs/remotes/Main [5ms]
[2022-06-29T06:00:12.991Z] > git for-each-ref --sort -committerdate --format %(refname) %(objectname) %(*objectname) [23ms]
[2022-06-29T06:00:13.004Z] > git remote --verbose [16ms]
[2022-06-29T06:00:19.686Z] > git check-ignore -v -z --stdin [6195ms]
[2022-06-29T06:00:19.689Z] > git config --get commit.template [131ms]
[2022-06-29T06:00:20.220Z] > git status -z -uall [509ms]
[2022-06-29T06:00:20.225Z] > git symbolic-ref --short HEAD [8ms]
[2022-06-29T06:00:20.268Z] > git for-each-ref --format=%(refname)%00%(upstream:short)%00%(objectname)%00%(upstream:track)%00%(upstream:remotename)%00%(upstream:remoteref) refs/heads/Main refs/remotes/Main [7ms]
[2022-06-29T06:00:20.481Z] > git remote --verbose [85ms]
[2022-06-29T06:00:20.482Z] > git for-each-ref --sort -committerdate --format %(refname) %(objectname) %(*objectname) [110ms]
[2022-06-29T06:00:31.857Z] > git config --local branch.Main.github-pr-owner-number [11380ms]
[2022-06-29T06:00:31.898Z] > git config --get commit.template [441ms]
[2022-06-29T06:00:32.580Z] > git show --textconv :js-demo/index.html [209ms]
[2022-06-29T06:00:32.581Z] > git ls-files --stage -- /home/sunnyhughes/js-demo/index.html [179ms]
[2022-06-29T06:00:32.722Z] > git config --global user.email [23ms]
[2022-06-29T06:00:34.722Z] > git config --global user.name [1977ms]
[2022-06-29T06:00:35.238Z] > git status -z -uall [475ms]
[2022-06-29T06:00:35.239Z] > git symbolic-ref --short HEAD [4ms]
[2022-06-29T06:00:35.261Z] > git for-each-ref --format=%(refname)%00%(upstream:short)%00%(objectname)%00%(upstream:track)%00%(upstream:remotename)%00%(upstream:remoteref) refs/heads/Main refs/remotes/Main [2ms]
[2022-06-29T06:00:35.302Z] > git for-each-ref --sort -committerdate --format %(refname) %(objectname) %(*objectname) [22ms]
[2022-06-29T06:00:35.303Z] > git remote --verbose [3ms]
[2022-06-29T06:00:45.680Z] > git config --get commit.template [111ms]
[2022-06-29T06:00:45.723Z] > git show -s --format=%an <%ae> [%ai] f62cee950776fedd2cdba7265ce897191664077d [6ms]
[2022-06-29T06:00:45.756Z] > git show -s --format=%H%n%aN%n%aE%n%at%n%ct%n%P%n%D%n%B -z f62cee950776fedd2cdba7265ce897191664077d [5ms]
[2022-06-29T06:00:45.826Z] > git show -s --format=%an <%ae> [%ai] dac0c282a812b10f17615be055ace656aa87c414 [38ms]
[2022-06-29T06:00:45.859Z] > git show -s --format=%H%n%aN%n%aE%n%at%n%ct%n%P%n%D%n%B -z dac0c282a812b10f17615be055ace656aa87c414 [5ms]
[2022-06-29T06:04:32.074Z] > git fetch [649ms]
[2022-06-29T06:04:32.526Z] > git status -z -uall [433ms]
[2022-06-29T06:04:32.527Z] > git symbolic-ref --short HEAD [5ms]
[2022-06-29T06:04:32.548Z] > git for-each-ref --format=%(refname)%00%(upstream:short)%00%(objectname)%00%(upstream:track)%00%(upstream:remotename)%00%(upstream:remoteref) refs/heads/Main refs/remotes/Main [3ms]
[2022-06-29T06:04:32.589Z] > git for-each-ref --sort -committerdate --format %(refname) %(objectname) %(*objectname) [22ms]
[2022-06-29T06:04:32.590Z] > git remote --verbose [4ms]
[2022-06-29T06:04:42.928Z] > git config --get commit.template [56ms]
[2022-06-29T06:04:42.972Z] > git ls-files --stage -- /home/sunnyhughes/js-demo/index.html [9ms]
[2022-06-29T06:04:43.412Z] > git show --textconv :js-demo/index.html [7ms]
[2022-06-29T06:07:48.179Z] > git fetch [622ms]
[2022-06-29T06:07:48.782Z] > git ls-files --stage -- /home/sunnyhughes/js-demo/index.html [9ms]
[2022-06-29T06:07:48.835Z] > git show --textconv :js-demo/index.html [19ms]
[2022-06-29T06:07:48.869Z] > git status -z -uall [661ms]
[2022-06-29T06:07:48.870Z] > git symbolic-ref --short HEAD [5ms]
[2022-06-29T06:07:48.893Z] > git for-each-ref --format=%(refname)%00%(upstream:short)%00%(objectname)%00%(upstream:track)%00%(upstream:remotename)%00%(upstream:remoteref) refs/heads/Main refs/remotes/Main [3ms]
[2022-06-29T06:07:48.941Z] > git remote --verbose [4ms]
[2022-06-29T06:07:48.942Z] > git for-each-ref --sort -committerdate --format %(refname) %(objectname) %(*objectname) [30ms]
[2022-06-29T06:07:59.271Z] > git config --get commit.template [51ms]
