[2022-06-29 01:44:07.836] [exthost] [info] Extension host with pid 4881 started
[2022-06-29 01:44:07.836] [exthost] [info] Skipping acquiring lock for /home/sunnyhughes/.config/Code/User/workspaceStorage/88d98f382f3dae1f46fc6f612538f655.
[2022-06-29 01:44:08.399] [exthost] [info] ExtensionService#_doActivateExtension vscode.microsoft-authentication, startup: false, activationEvent: 'onAuthenticationRequest:microsoft'
[2022-06-29 01:44:08.444] [exthost] [info] ExtensionService#_doActivateExtension vscode.debug-auto-launch, startup: true, activationEvent: '*'
[2022-06-29 01:44:08.449] [exthost] [info] ExtensionService#_doActivateExtension vscode.git-base, startup: true, activationEvent: '*'
[2022-06-29 01:44:08.454] [exthost] [info] ExtensionService#_doActivateExtension vscode.ipynb, startup: true, activationEvent: '*'
[2022-06-29 01:44:08.464] [exthost] [info] ExtensionService#_doActivateExtension vscode.github-authentication, startup: true, activationEvent: '*', root cause: GitHub.vscode-pull-request-github
[2022-06-29 01:44:08.495] [exthost] [info] ExtensionService#_doActivateExtension ms-vsliveshare.vsliveshare, startup: true, activationEvent: '*'
[2022-06-29 01:44:09.715] [exthost] [info] ExtensionService#_doActivateExtension vscode.github, startup: true, activationEvent: '*'
[2022-06-29 01:44:09.748] [exthost] [info] ExtensionService#_doActivateExtension GitHub.vscode-pull-request-github, startup: true, activationEvent: '*'
[2022-06-29 01:44:10.054] [exthost] [info] ExtensionService#_doActivateExtension github.classroom, startup: true, activationEvent: 'workspaceContains:**/github-classroom/**'
[2022-06-29 01:44:14.599] [exthost] [info] Eager extensions activated
[2022-06-29 01:44:14.644] [exthost] [info] ExtensionService#_doActivateExtension vscode.emmet, startup: false, activationEvent: 'onStartupFinished'
[2022-06-29 01:44:14.660] [exthost] [info] ExtensionService#_doActivateExtension vscode.merge-conflict, startup: false, activationEvent: 'onStartupFinished'
[2022-06-29 01:44:24.820] [exthost] [info] ExtensionService#_doActivateExtension vscode.git, startup: false, activationEvent: 'api', root cause: vscode.github
[2022-06-29 01:44:24.861] [exthost] [info] ExtensionService#_doActivateExtension ecmel.vscode-html-css, startup: false, activationEvent: '*'
[2022-06-29 01:44:24.899] [exthost] [info] ExtensionService#_doActivateExtension ritwickdey.LiveServer, startup: false, activationEvent: 'onStartupFinished'
[2022-06-29 01:44:26.116] [exthost] [warning] [Decorations] CAPPING events from decorations provider vscode.git 10000
[2022-06-29 01:44:33.687] [exthost] [warning] [Decorations] CAPPING events from decorations provider vscode.git 10000
[2022-06-29 01:48:10.995] [exthost] [info] Extension host terminating: received terminate message from renderer
[2022-06-29 01:48:11.109] [exthost] [info] Extension host with pid 4881 exiting with code 0
