[Info  - 05:16:13.882] Reading sessions from keychain...
[Info  - 05:16:15.450] Getting sessions for user:email...
[Info  - 05:16:15.454] Got 0 sessions for user:email...
[Info  - 05:16:16.359] Getting sessions for read:user,repo,user:email,workflow...
[Info  - 05:16:16.362] Got 0 sessions for read:user,repo,user:email,workflow...
[Info  - 05:16:16.440] Getting sessions for all scopes...
[Info  - 05:16:16.442] Got 0 sessions for ...
[Info  - 05:16:16.579] Getting sessions for read:user,repo,user:email...
[Info  - 05:16:16.580] Got 0 sessions for read:user,repo,user:email...
[Info  - 05:16:18.444] Getting sessions for read:user,user:email...
[Info  - 05:16:18.444] Got 0 sessions for read:user,user:email...
[Info  - 05:16:21.140] Getting sessions for read:user,repo,user:email...
[Info  - 05:16:21.142] Got 0 sessions for read:user,repo,user:email...
[Info  - 05:29:23.515] Getting sessions for all scopes...
[Info  - 05:29:23.518] Got 0 sessions for ...
[Info  - 05:29:24.763] Getting sessions for user:email...
[Info  - 05:29:24.763] Got 0 sessions for user:email...
[Info  - 05:29:27.88] Logging in for the following scopes: user:email
[Info  - 05:29:27.118] Trying without local server... (user:email)
[Trace  - 05:29:29.668] Handling Uri...
[Info  - 05:29:29.669] Exchanging code for token...
[Info  - 05:29:30.901] Token exchange success!
[Info  - 05:29:30.903] Getting user info...
[Info  - 05:29:31.412] Got account info!
[Info  - 05:29:31.413] Storing 1 sessions...
[Error  - 05:29:31.503] Setting token failed: Error: GDBus.Error:org.freedesktop.DBus.Error.ServiceUnknown: The name org.freedesktop.secrets was not provided by any .service files
[Info  - 05:29:31.505] Stored 1 sessions!
[Info  - 05:29:31.509] Login success!
[Info  - 05:29:31.534] Getting sessions for user:email...
[Info  - 05:29:31.534] Getting sessions for user:email...
[Info  - 05:29:31.535] Got 1 sessions for user:email...
[Info  - 05:29:31.535] Got 1 sessions for user:email...
[Info  - 05:29:31.539] Getting sessions for read:user,repo,user:email,workflow...
[Info  - 05:29:31.539] Getting sessions for read:user,user:email...
[Info  - 05:29:31.539] Getting sessions for read:user,repo,user:email...
[Info  - 05:29:31.540] Got 0 sessions for read:user,repo,user:email,workflow...
[Info  - 05:29:31.541] Got 0 sessions for read:user,user:email...
[Info  - 05:29:31.541] Got 0 sessions for read:user,repo,user:email...
[Info  - 05:29:31.566] Getting sessions for read:user,repo,user:email...
[Info  - 05:29:31.566] Got 0 sessions for read:user,repo,user:email...
