[Info] /home/sunnyhughes/.ssh/config: ENOENT: no such file or directory, open '/home/sunnyhughes/.ssh/config'
[Info] Registering git provider
[Info] Looking for git repository
[Info] Found 1 repositories during activation
[Info] Git repository found, initializing review manager and pr tree view.
[Info] Review> Validate state in progress
[Info] Review> Validating state...
[Info] Found GitHub remote
[Info] Review> no matching pull request metadata found for current branch master
[Info] Review> no matching pull request metadata found on GitHub for current branch master
[Info] PullRequestTree> Removing PR #undefined from tree
[Info] Repository file:///home/sunnyhughes has been opened
[Info] Review> Validate state in progress
[Info] Review> Validating state...
[Info] No remotes found. The following remotes are missing: origin, upstream
[Info] No GitHub remotes found
[Info] PullRequestTree> Removing PR #undefined from tree
[Info] Review> Queuing additional validate state
[Info] Repo state for file:///home/sunnyhughes changed.
[Info] Repo file:///home/sunnyhughes has already been setup.
[Info] Review> Validating state...
[Info] Found GitHub remote
[Info] Review> no matching pull request metadata found for current branch Main
[Info] Review> no matching pull request metadata found on GitHub for current branch Main
[Info] PullRequestTree> Removing PR #undefined from tree
[Info] Review> Queuing additional validate state
[Info] Review> Queuing additional validate state
[Info] Review> Validating state...
[Info] Review> Validating state...
[Info] Found GitHub remote
[Info] Found GitHub remote
[Info] Review> no matching pull request metadata found for current branch master
[Info] Review> no matching pull request metadata found on GitHub for current branch master
[Info] PullRequestTree> Removing PR #undefined from tree
[Info] Review> no matching pull request metadata found for current branch Main
[Info] Review> no matching pull request metadata found on GitHub for current branch Main
[Info] PullRequestTree> Removing PR #undefined from tree
[Info] PullRequestTree> Removing PR #undefined from tree
