[2022-06-29T05:16:14.905Z] Log level: Info
[2022-06-29T05:16:14.907Z] [info] Validating found git in: git
[2022-06-29T05:16:14.960Z] [info] Using git 2.30.2 from git
[2022-06-29T05:16:15.033Z] > git rev-parse --show-toplevel [7ms]
[2022-06-29T05:16:15.083Z] > git rev-parse --git-dir --git-common-dir [2ms]
[2022-06-29T05:16:15.098Z] [info] Open repository: /home/sunnyhughes/web-dev-starter
[2022-06-29T05:16:15.226Z] > git status -z -uall [25ms]
[2022-06-29T05:16:15.285Z] > git symbolic-ref --short HEAD [17ms]
[2022-06-29T05:16:15.303Z] > git for-each-ref --format=%(refname)%00%(upstream:short)%00%(objectname)%00%(upstream:track)%00%(upstream:remotename)%00%(upstream:remoteref) refs/heads/master refs/remotes/master [4ms]
[2022-06-29T05:16:15.362Z] > git for-each-ref --sort -committerdate --format %(refname) %(objectname) %(*objectname) [37ms]
[2022-06-29T05:16:15.367Z] > git remote --verbose [8ms]
[2022-06-29T05:16:15.401Z] > git config --get commit.template [4ms]
[2022-06-29T05:16:15.832Z] > git fetch [703ms]
[2022-06-29T05:16:15.916Z] > git status -z -uall [70ms]
[2022-06-29T05:16:16.040Z] > git symbolic-ref --short HEAD [100ms]
[2022-06-29T05:16:16.071Z] > git for-each-ref --format=%(refname)%00%(upstream:short)%00%(objectname)%00%(upstream:track)%00%(upstream:remotename)%00%(upstream:remoteref) refs/heads/master refs/remotes/master [14ms]
[2022-06-29T05:16:16.125Z] > git for-each-ref --sort -committerdate --format %(refname) %(objectname) %(*objectname) [36ms]
[2022-06-29T05:16:16.144Z] > git remote --verbose [39ms]
[2022-06-29T05:16:16.190Z] > git config --get commit.template [20ms]
[2022-06-29T05:16:16.203Z] > git check-ignore -v -z --stdin [16ms]
[2022-06-29T05:16:16.449Z] > git show --textconv :index.html [45ms]
[2022-06-29T05:16:16.449Z] > git ls-files --stage -- /home/sunnyhughes/web-dev-starter/index.html [28ms]
[2022-06-29T05:16:16.499Z] > git cat-file -s 43d88d14b9838adba929e657e190bc443e5b381d [33ms]
[2022-06-29T05:16:16.688Z] > git config --local branch.master.github-pr-owner-number [19ms]
[2022-06-29T05:16:17.240Z] > git ls-files --stage -- /home/sunnyhughes/web-dev-starter/index.html [3ms]
[2022-06-29T05:16:17.259Z] > git cat-file -s 43d88d14b9838adba929e657e190bc443e5b381d [4ms]
[2022-06-29T05:16:17.287Z] > git show --textconv :index.html [6ms]
[2022-06-29T05:16:18.535Z] > git config --global user.email [74ms]
[2022-06-29T05:16:20.490Z] > git config --global user.name [1941ms]
[2022-06-29T05:16:20.682Z] > git status -z -uall [163ms]
[2022-06-29T05:16:20.785Z] > git symbolic-ref --short HEAD [35ms]
[2022-06-29T05:16:20.839Z] > git for-each-ref --format=%(refname)%00%(upstream:short)%00%(objectname)%00%(upstream:track)%00%(upstream:remotename)%00%(upstream:remoteref) refs/heads/master refs/remotes/master [6ms]
[2022-06-29T05:16:20.968Z] > git for-each-ref --sort -committerdate --format %(refname) %(objectname) %(*objectname) [89ms]
[2022-06-29T05:16:20.985Z] > git remote --verbose [61ms]
[2022-06-29T05:16:21.089Z] > git config --get commit.template [27ms]
[2022-06-29T05:16:21.148Z] > git show -s --format=%an <%ae> [%ai] abe4f310542656a7fcf174c804fb7331ebb8aff9 [17ms]
[2022-06-29T05:16:30.588Z] > git check-ignore -v -z --stdin [2ms]
[2022-06-29T05:21:09.245Z] > git fetch [668ms]
[2022-06-29T05:21:09.286Z] > git status -z -uall [8ms]
[2022-06-29T05:21:09.318Z] > git symbolic-ref --short HEAD [5ms]
[2022-06-29T05:21:09.354Z] > git for-each-ref --format=%(refname)%00%(upstream:short)%00%(objectname)%00%(upstream:track)%00%(upstream:remotename)%00%(upstream:remoteref) refs/heads/master refs/remotes/master [6ms]
[2022-06-29T05:21:09.418Z] > git for-each-ref --sort -committerdate --format %(refname) %(objectname) %(*objectname) [25ms]
[2022-06-29T05:21:09.423Z] > git remote --verbose [8ms]
[2022-06-29T05:21:09.460Z] > git config --get commit.template [6ms]
[2022-06-29T05:21:10.459Z] > git ls-files --stage -- /home/sunnyhughes/web-dev-starter/index.html [3ms]
[2022-06-29T05:21:10.489Z] > git cat-file -s 43d88d14b9838adba929e657e190bc443e5b381d [4ms]
[2022-06-29T05:21:10.531Z] > git show --textconv :index.html [4ms]
[2022-06-29T05:21:35.261Z] > git status -z -uall [11ms]
[2022-06-29T05:21:35.281Z] > git symbolic-ref --short HEAD [3ms]
[2022-06-29T05:21:35.302Z] > git for-each-ref --format=%(refname)%00%(upstream:short)%00%(objectname)%00%(upstream:track)%00%(upstream:remotename)%00%(upstream:remoteref) refs/heads/master refs/remotes/master [3ms]
[2022-06-29T05:21:35.344Z] > git for-each-ref --sort -committerdate --format %(refname) %(objectname) %(*objectname) [24ms]
[2022-06-29T05:21:35.345Z] > git remote --verbose [3ms]
[2022-06-29T05:21:35.371Z] > git config --get commit.template [3ms]
[2022-06-29T05:28:06.538Z] > git fetch [475ms]
[2022-06-29T05:28:06.560Z] > git status -z -uall [5ms]
[2022-06-29T05:28:06.581Z] > git symbolic-ref --short HEAD [2ms]
[2022-06-29T05:28:06.602Z] > git for-each-ref --format=%(refname)%00%(upstream:short)%00%(objectname)%00%(upstream:track)%00%(upstream:remotename)%00%(upstream:remoteref) refs/heads/master refs/remotes/master [4ms]
[2022-06-29T05:28:06.641Z] > git remote --verbose [4ms]
[2022-06-29T05:28:06.641Z] > git for-each-ref --sort -committerdate --format %(refname) %(objectname) %(*objectname) [21ms]
[2022-06-29T05:28:06.667Z] > git config --get commit.template [3ms]
[2022-06-29T05:28:07.737Z] > git ls-files --stage -- /home/sunnyhughes/web-dev-starter/index.html [3ms]
[2022-06-29T05:28:07.759Z] > git cat-file -s 43d88d14b9838adba929e657e190bc443e5b381d [3ms]
[2022-06-29T05:28:07.792Z] > git show --textconv :index.html [3ms]
[2022-06-29T05:28:10.889Z] > git rev-parse --show-toplevel [17ms]
[2022-06-29T05:28:10.933Z] > git rev-parse --git-dir --git-common-dir [7ms]
[2022-06-29T05:28:10.952Z] [info] Open repository: /home/sunnyhughes
[2022-06-29T05:28:11.433Z] > git show --textconv :js-demo /index.html [134ms]
[2022-06-29T05:28:11.474Z] > git ls-files --stage -- /home/sunnyhughes/js-demo /index.html [85ms]
[2022-06-29T05:28:11.836Z] > git fetch [831ms]
[2022-06-29T05:28:12.028Z] > git check-ignore -v -z --stdin [42ms]
[2022-06-29T05:28:12.050Z] > git check-ignore -v -z --stdin [25ms]
[2022-06-29T05:28:12.706Z] > git status -z -uall [1664ms]
[2022-06-29T05:28:12.715Z] > git symbolic-ref --short HEAD [11ms]
[2022-06-29T05:28:12.740Z] > git for-each-ref --format=%(refname)%00%(upstream:short)%00%(objectname)%00%(upstream:track)%00%(upstream:remotename)%00%(upstream:remoteref) refs/heads/Main refs/remotes/Main [3ms]
[2022-06-29T05:28:12.790Z] > git for-each-ref --sort -committerdate --format %(refname) %(objectname) %(*objectname) [23ms]
[2022-06-29T05:28:12.791Z] > git remote --verbose [3ms]
[2022-06-29T05:28:21.160Z] > git config --local branch.Main.github-pr-owner-number [39ms]
[2022-06-29T05:28:21.168Z] > git config --get commit.template [117ms]
[2022-06-29T05:28:21.754Z] > git status -z -uall [554ms]
[2022-06-29T05:28:21.755Z] > git symbolic-ref --short HEAD [4ms]
[2022-06-29T05:28:21.789Z] > git for-each-ref --format=%(refname)%00%(upstream:short)%00%(objectname)%00%(upstream:track)%00%(upstream:remotename)%00%(upstream:remoteref) refs/heads/Main refs/remotes/Main [5ms]
[2022-06-29T05:28:21.926Z] > git for-each-ref --sort -committerdate --format %(refname) %(objectname) %(*objectname) [108ms]
[2022-06-29T05:28:21.928Z] > git remote --verbose [10ms]
[2022-06-29T05:28:32.657Z] > git config --get commit.template [69ms]
[2022-06-29T05:29:05.748Z] > git check-ignore -v -z --stdin [6ms]
[2022-06-29T05:29:31.659Z] > git config --local branch.master.github-pr-owner-number [35ms]
[2022-06-29T05:29:31.665Z] > git config --local branch.Main.github-pr-owner-number [14ms]
[2022-06-29T05:29:44.979Z] > git show --textconv :index.html [24ms]
[2022-06-29T05:29:44.981Z] > git ls-files --stage -- /home/sunnyhughes/web-dev-starter/index.html [5ms]
[2022-06-29T05:29:45.018Z] > git cat-file -s 43d88d14b9838adba929e657e190bc443e5b381d [3ms]
[2022-06-29T05:29:51.516Z] > git show --textconv :js-demo /index.html [31ms]
[2022-06-29T05:29:51.520Z] > git ls-files --stage -- /home/sunnyhughes/js-demo /index.html [9ms]
[2022-06-29T05:29:54.032Z] > git show --textconv :index.html [26ms]
[2022-06-29T05:29:54.033Z] > git ls-files --stage -- /home/sunnyhughes/web-dev-starter/index.html [5ms]
[2022-06-29T05:29:54.057Z] > git cat-file -s 43d88d14b9838adba929e657e190bc443e5b381d [3ms]
[2022-06-29T05:31:07.384Z] > git fetch [692ms]
[2022-06-29T05:31:07.409Z] > git status -z -uall [4ms]
[2022-06-29T05:31:07.436Z] > git symbolic-ref --short HEAD [2ms]
[2022-06-29T05:31:07.463Z] > git for-each-ref --format=%(refname)%00%(upstream:short)%00%(objectname)%00%(upstream:track)%00%(upstream:remotename)%00%(upstream:remoteref) refs/heads/master refs/remotes/master [4ms]
[2022-06-29T05:31:07.519Z] > git for-each-ref --sort -committerdate --format %(refname) %(objectname) %(*objectname) [26ms]
[2022-06-29T05:31:07.520Z] > git remote --verbose [5ms]
[2022-06-29T05:31:07.554Z] > git config --get commit.template [5ms]
[2022-06-29T05:31:08.638Z] > git status -z -uall [4ms]
[2022-06-29T05:31:08.666Z] > git symbolic-ref --short HEAD [3ms]
[2022-06-29T05:31:08.697Z] > git for-each-ref --format=%(refname)%00%(upstream:short)%00%(objectname)%00%(upstream:track)%00%(upstream:remotename)%00%(upstream:remoteref) refs/heads/master refs/remotes/master [4ms]
[2022-06-29T05:31:08.748Z] > git remote --verbose [5ms]
[2022-06-29T05:31:08.748Z] > git for-each-ref --sort -committerdate --format %(refname) %(objectname) %(*objectname) [29ms]
[2022-06-29T05:31:08.801Z] > git config --get commit.template [28ms]
[2022-06-29T05:31:08.803Z] > git ls-files --stage -- /home/sunnyhughes/web-dev-starter/index.html [4ms]
[2022-06-29T05:31:08.828Z] > git cat-file -s 43d88d14b9838adba929e657e190bc443e5b381d [4ms]
[2022-06-29T05:31:08.860Z] > git show --textconv :index.html [5ms]
[2022-06-29T05:31:33.171Z] > git fetch [491ms]
[2022-06-29T05:31:33.546Z] > git status -z -uall [355ms]
[2022-06-29T05:31:33.546Z] > git symbolic-ref --short HEAD [2ms]
[2022-06-29T05:31:33.570Z] > git for-each-ref --format=%(refname)%00%(upstream:short)%00%(objectname)%00%(upstream:track)%00%(upstream:remotename)%00%(upstream:remoteref) refs/heads/Main refs/remotes/Main [3ms]
[2022-06-29T05:31:33.612Z] > git for-each-ref --sort -committerdate --format %(refname) %(objectname) %(*objectname) [22ms]
[2022-06-29T05:31:33.613Z] > git remote --verbose [3ms]
[2022-06-29T05:31:44.057Z] > git config --get commit.template [148ms]
[2022-06-29T05:31:44.959Z] > git show --textconv :index.html [29ms]
[2022-06-29T05:31:44.960Z] > git ls-files --stage -- /home/sunnyhughes/web-dev-starter/index.html [4ms]
[2022-06-29T05:31:44.990Z] > git cat-file -s 43d88d14b9838adba929e657e190bc443e5b381d [3ms]
