[Info  - 20:43:46.478] Reading sessions from secret storage...
[Info  - 20:43:47.476] Got 0 stored sessions
[Info  - 20:43:47.572] Getting sessions for the following scopes: email offline_access openid profile
[Trace  - 20:43:47.572] No session found with idtoken scopes... Using fallback scope list of: email offline_access openid profile
[Info  - 20:43:47.572] Got 0 sessions for scopes: email offline_access openid profile
[Info  - 20:44:03.919] Getting sessions for the following scopes: email offline_access openid profile
[Trace  - 20:44:03.919] No session found with idtoken scopes... Using fallback scope list of: email offline_access openid profile
[Info  - 20:44:03.919] Got 0 sessions for scopes: email offline_access openid profile
[Info  - 20:44:49.690] Getting sessions for all scopes...
[Info  - 20:44:49.690] Got 0 sessions for all scopes...
[Info  - 20:44:58.69] Getting sessions for the following scopes: email offline_access openid profile
[Trace  - 20:44:58.69] No session found with idtoken scopes... Using fallback scope list of: email offline_access openid profile
[Info  - 20:44:58.69] Got 0 sessions for scopes: email offline_access openid profile
[Info  - 20:45:09.869] Getting sessions for all scopes...
[Info  - 20:45:09.869] Got 0 sessions for all scopes...
[Info  - 20:45:11.412] Getting sessions for the following scopes: email offline_access openid profile
[Trace  - 20:45:11.412] No session found with idtoken scopes... Using fallback scope list of: email offline_access openid profile
[Info  - 20:45:11.412] Got 0 sessions for scopes: email offline_access openid profile
[Info  - 20:45:17.635] Getting sessions for the following scopes: email offline_access openid profile
[Trace  - 20:45:17.635] No session found with idtoken scopes... Using fallback scope list of: email offline_access openid profile
[Info  - 20:45:17.635] Got 0 sessions for scopes: email offline_access openid profile
[Info  - 20:45:17.635] Getting sessions for the following scopes: email offline_access openid profile
[Trace  - 20:45:17.635] No session found with idtoken scopes... Using fallback scope list of: email offline_access openid profile
[Info  - 20:45:17.635] Got 0 sessions for scopes: email offline_access openid profile
