[Info  - 20:43:46.486] Reading sessions from keychain...
[Info  - 20:43:47.727] Getting sessions for user:email...
[Info  - 20:43:47.729] Got 0 sessions for user:email...
[Info  - 20:43:48.90] Getting sessions for read:user,repo,user:email,workflow...
[Info  - 20:43:48.96] Got 0 sessions for read:user,repo,user:email,workflow...
[Info  - 20:43:48.529] Getting sessions for read:user,repo,user:email...
[Info  - 20:43:48.530] Got 0 sessions for read:user,repo,user:email...
[Info  - 20:43:49.318] Getting sessions for read:user,repo,user:email,workflow...
[Info  - 20:43:49.318] Got 0 sessions for read:user,repo,user:email,workflow...
[Info  - 20:43:49.340] Getting sessions for all scopes...
[Info  - 20:43:49.340] Got 0 sessions for ...
[Info  - 20:43:49.359] Getting sessions for read:user,repo,user:email...
[Info  - 20:43:49.363] Got 0 sessions for read:user,repo,user:email...
[Info  - 20:43:52.477] Getting sessions for read:user,user:email...
[Info  - 20:43:52.478] Got 0 sessions for read:user,user:email...
[Info  - 20:43:54.875] Getting sessions for read:user,repo,user:email,workflow...
[Info  - 20:43:54.875] Getting sessions for read:user,repo,user:email...
[Info  - 20:43:54.877] Got 0 sessions for read:user,repo,user:email,workflow...
[Info  - 20:43:54.877] Got 0 sessions for read:user,repo,user:email...
[Info  - 20:43:55.10] Getting sessions for read:user,repo,user:email...
[Info  - 20:43:55.11] Got 0 sessions for read:user,repo,user:email...
[Info  - 20:43:55.221] Getting sessions for read:user,repo,user:email,workflow...
[Info  - 20:43:55.230] Got 0 sessions for read:user,repo,user:email,workflow...
[Info  - 20:43:57.936] Logging in for the following scopes: read:user repo user:email workflow
[Info  - 20:43:57.974] Trying without local server... (read:user repo user:email workflow)
[Trace  - 20:44:01.783] Handling Uri...
[Info  - 20:44:01.786] Exchanging code for token...
[Info  - 20:44:03.71] Token exchange success!
[Info  - 20:44:03.72] Getting user info...
[Info  - 20:44:03.780] Got account info!
[Info  - 20:44:03.781] Storing 1 sessions...
[Error  - 20:44:03.896] Setting token failed: Error: GDBus.Error:org.freedesktop.DBus.Error.ServiceUnknown: The name org.freedesktop.secrets was not provided by any .service files
[Info  - 20:44:03.896] Stored 1 sessions!
[Info  - 20:44:03.896] Login success!
[Info  - 20:44:04.64] Getting sessions for user:email...
[Info  - 20:44:04.64] Got 0 sessions for user:email...
[Info  - 20:44:04.87] Getting sessions for read:user,user:email...
[Info  - 20:44:04.88] Getting sessions for read:user,repo,user:email...
[Info  - 20:44:04.88] Got 0 sessions for read:user,user:email...
[Info  - 20:44:04.88] Got 0 sessions for read:user,repo,user:email...
[Trace  - 20:44:22.240] Handling Uri...
[Info  - 20:44:49.690] Getting sessions for all scopes...
[Info  - 20:44:49.690] Got 1 sessions for ...
[Info  - 20:44:53.520] Logging in for the following scopes: read:user repo user:email
[Info  - 20:44:53.529] Trying without local server... (read:user repo user:email)
[Trace  - 20:44:56.96] Handling Uri...
[Info  - 20:44:56.97] Exchanging code for token...
[Info  - 20:44:57.317] Token exchange success!
[Info  - 20:44:57.317] Getting user info...
[Info  - 20:44:57.972] Got account info!
[Info  - 20:44:57.973] Storing 2 sessions...
[Error  - 20:44:58.62] Setting token failed: Error: GDBus.Error:org.freedesktop.DBus.Error.ServiceUnknown: The name org.freedesktop.secrets was not provided by any .service files
[Info  - 20:44:58.63] Stored 2 sessions!
[Info  - 20:44:58.63] Login success!
[Info  - 20:44:58.73] Getting sessions for user:email...
[Info  - 20:44:58.73] Got 0 sessions for user:email...
[Info  - 20:44:58.76] Getting sessions for read:user,repo,user:email,workflow...
[Info  - 20:44:58.76] Getting sessions for read:user,user:email...
[Info  - 20:44:58.76] Getting sessions for read:user,repo,user:email...
[Info  - 20:44:58.77] Got 1 sessions for read:user,repo,user:email,workflow...
[Info  - 20:44:58.77] Got 0 sessions for read:user,user:email...
[Info  - 20:44:58.77] Got 1 sessions for read:user,repo,user:email...
[Trace  - 20:45:04.85] Handling Uri...
[Info  - 20:45:09.869] Getting sessions for all scopes...
[Info  - 20:45:09.869] Got 2 sessions for ...
[Info  - 20:45:11.418] Getting sessions for user:email...
[Info  - 20:45:11.418] Got 0 sessions for user:email...
[Info  - 20:45:13.394] Logging in for the following scopes: user:email
[Info  - 20:45:13.398] Trying without local server... (user:email)
[Trace  - 20:45:15.695] Handling Uri...
[Info  - 20:45:15.695] Exchanging code for token...
[Info  - 20:45:16.978] Token exchange success!
[Info  - 20:45:16.979] Getting user info...
[Info  - 20:45:17.512] Got account info!
[Info  - 20:45:17.512] Storing 3 sessions...
[Error  - 20:45:17.628] Setting token failed: Error: GDBus.Error:org.freedesktop.DBus.Error.ServiceUnknown: The name org.freedesktop.secrets was not provided by any .service files
[Info  - 20:45:17.628] Stored 3 sessions!
[Info  - 20:45:17.628] Login success!
[Info  - 20:45:17.639] Getting sessions for user:email...
[Info  - 20:45:17.639] Getting sessions for user:email...
[Info  - 20:45:17.640] Got 1 sessions for user:email...
[Info  - 20:45:17.640] Got 1 sessions for user:email...
[Info  - 20:45:17.646] Getting sessions for read:user,repo,user:email,workflow...
[Info  - 20:45:17.646] Getting sessions for read:user,user:email...
[Info  - 20:45:17.646] Getting sessions for read:user,repo,user:email...
[Info  - 20:45:17.646] Got 1 sessions for read:user,repo,user:email,workflow...
[Info  - 20:45:17.646] Got 0 sessions for read:user,user:email...
[Info  - 20:45:17.646] Got 1 sessions for read:user,repo,user:email...
