[2022-06-23T20:43:47.477Z] Log level: Info
[2022-06-23T20:43:47.479Z] [info] Validating found git in: git
[2022-06-23T20:43:47.530Z] [info] Using git 2.30.2 from git
[2022-06-23T20:43:47.686Z] > git rev-parse --show-toplevel [132ms]
[2022-06-23T20:43:47.829Z] > git rev-parse --git-dir --git-common-dir [122ms]
[2022-06-23T20:43:47.837Z] [info] Open repository: /home/sunnyhughes/github-classroom/CodeLouisville/webdev-c1---knowledge-check-1-sunnyhughes
[2022-06-23T20:43:47.884Z] > git status -z -uall [23ms]
[2022-06-23T20:43:47.974Z] > git symbolic-ref --short HEAD [73ms]
[2022-06-23T20:43:48.020Z] > git for-each-ref --format=%(refname)%00%(upstream:short)%00%(objectname)%00%(upstream:track)%00%(upstream:remotename)%00%(upstream:remoteref) refs/heads/main refs/remotes/main [22ms]
[2022-06-23T20:43:48.122Z] > git remote --verbose [57ms]
[2022-06-23T20:43:48.123Z] > git for-each-ref --sort -committerdate --format %(refname) %(objectname) %(*objectname) [86ms]
[2022-06-23T20:43:48.179Z] > git config --get commit.template [25ms]
[2022-06-23T20:43:48.774Z] > git config --local branch.main.github-pr-owner-number [14ms]
[2022-06-23T20:43:48.800Z] > git status -z -uall [4ms]
[2022-06-23T20:43:48.833Z] > git symbolic-ref --short HEAD [2ms]
[2022-06-23T20:43:49.060Z] > git show --textconv :css/style.css [159ms]
[2022-06-23T20:43:49.062Z] > git ls-files --stage -- /home/sunnyhughes/github-classroom/CodeLouisville/webdev-c1---knowledge-check-1-sunnyhughes/css/style.css [112ms]
[2022-06-23T20:43:49.091Z] > git for-each-ref --format=%(refname)%00%(upstream:short)%00%(objectname)%00%(upstream:track)%00%(upstream:remotename)%00%(upstream:remoteref) refs/heads/main refs/remotes/main [227ms]
[2022-06-23T20:43:49.162Z] > git check-ignore -v -z --stdin [111ms]
[2022-06-23T20:43:49.164Z] > git remote --verbose [8ms]
[2022-06-23T20:43:49.165Z] > git cat-file -s f7199b279de45f60c19b53ec8f0b9c661fccf403 [80ms]
[2022-06-23T20:43:49.168Z] > git for-each-ref --sort -committerdate --format %(refname) %(objectname) %(*objectname) [37ms]
[2022-06-23T20:43:49.264Z] > git config --get commit.template [2ms]
[2022-06-23T20:43:52.605Z] > git config --global user.email [110ms]
[2022-06-23T20:43:52.647Z] > git config --global user.name [23ms]
[2022-06-23T20:43:54.709Z] > git status -z -uall [2031ms]
[2022-06-23T20:43:54.735Z] > git symbolic-ref --short HEAD [6ms]
[2022-06-23T20:43:54.770Z] > git for-each-ref --format=%(refname)%00%(upstream:short)%00%(objectname)%00%(upstream:track)%00%(upstream:remotename)%00%(upstream:remoteref) refs/heads/main refs/remotes/main [12ms]
[2022-06-23T20:43:54.811Z] > git for-each-ref --sort -committerdate --format %(refname) %(objectname) %(*objectname) [22ms]
[2022-06-23T20:43:54.813Z] > git remote --verbose [5ms]
[2022-06-23T20:43:54.842Z] > git config --get commit.template [5ms]
[2022-06-23T20:43:54.886Z] > git show -s --format=%an <%ae> [%ai] 674f295dd151aff877610485d68cc1a47603d35c [23ms]
[2022-06-23T20:43:54.916Z] > git show -s --format=%H%n%aN%n%aE%n%at%n%ct%n%P%n%D%n%B -z 674f295dd151aff877610485d68cc1a47603d35c [10ms]
[2022-06-23T20:43:54.945Z] > git show -s --format=%an <%ae> [%ai] 26cfb5ba130a462a8c511f07a0b011c554aab528 [10ms]
[2022-06-23T20:43:54.990Z] > git show -s --format=%H%n%aN%n%aE%n%at%n%ct%n%P%n%D%n%B -z 26cfb5ba130a462a8c511f07a0b011c554aab528 [25ms]
[2022-06-23T20:43:55.015Z] > git show -s --format=%an <%ae> [%ai] 03b2e671667c48a61db705e922f64d07d0e7c2e6 [7ms]
[2022-06-23T20:43:55.038Z] > git show -s --format=%H%n%aN%n%aE%n%at%n%ct%n%P%n%D%n%B -z 03b2e671667c48a61db705e922f64d07d0e7c2e6 [4ms]
[2022-06-23T20:43:55.062Z] > git show -s --format=%an <%ae> [%ai] 93bd525317d08c96f1d66857c67e8d6931b9fde7 [4ms]
[2022-06-23T20:43:55.086Z] > git show -s --format=%H%n%aN%n%aE%n%at%n%ct%n%P%n%D%n%B -z 93bd525317d08c96f1d66857c67e8d6931b9fde7 [7ms]
[2022-06-23T20:43:56.091Z] > git show --textconv :index.html [279ms]
[2022-06-23T20:43:56.091Z] > git ls-files --stage -- /home/sunnyhughes/github-classroom/CodeLouisville/webdev-c1---knowledge-check-1-sunnyhughes/index.html [191ms]
[2022-06-23T20:43:56.157Z] > git cat-file -s f0de00a65000f6f61aa937aeb75a899f9b17c5ff [5ms]
[2022-06-23T20:44:05.483Z] > git config --local branch.main.github-pr-owner-number [15ms]
[2022-06-23T20:44:05.532Z] > git status -z -uall [21ms]
[2022-06-23T20:44:05.605Z] > git symbolic-ref --short HEAD [52ms]
[2022-06-23T20:44:05.661Z] > git for-each-ref --format=%(refname)%00%(upstream:short)%00%(objectname)%00%(upstream:track)%00%(upstream:remotename)%00%(upstream:remoteref) refs/heads/main refs/remotes/main [35ms]
[2022-06-23T20:44:05.714Z] > git remote --verbose [7ms]
[2022-06-23T20:44:05.714Z] > git for-each-ref --sort -committerdate --format %(refname) %(objectname) %(*objectname) [32ms]
[2022-06-23T20:44:05.757Z] > git config --get commit.template [15ms]
[2022-06-23T20:44:05.848Z] > git fetch origin main [499ms]
[2022-06-23T20:44:05.849Z] From https://github.com/CodeLouisville/webdev-c1---knowledge-check-1-sunnyhughes
 * branch            main       -> FETCH_HEAD
[2022-06-23T20:44:05.873Z] > git status -z -uall [4ms]
[2022-06-23T20:44:05.912Z] > git symbolic-ref --short HEAD [17ms]
[2022-06-23T20:44:05.939Z] > git for-each-ref --format=%(refname)%00%(upstream:short)%00%(objectname)%00%(upstream:track)%00%(upstream:remotename)%00%(upstream:remoteref) refs/heads/main refs/remotes/main [7ms]
[2022-06-23T20:44:05.986Z] > git remote --verbose [6ms]
[2022-06-23T20:44:05.987Z] > git for-each-ref --sort -committerdate --format %(refname) %(objectname) %(*objectname) [27ms]
[2022-06-23T20:44:06.018Z] > git config --get commit.template [5ms]
[2022-06-23T20:44:44.140Z] > git show --textconv :index.html [32ms]
[2022-06-23T20:44:44.140Z] > git ls-files --stage -- /home/sunnyhughes/github-classroom/CodeLouisville/webdev-c1---knowledge-check-1-sunnyhughes/index.html [7ms]
[2022-06-23T20:44:44.174Z] > git cat-file -s f0de00a65000f6f61aa937aeb75a899f9b17c5ff [7ms]
[2022-06-23T20:44:47.306Z] > git show --textconv :css/style.css [27ms]
[2022-06-23T20:44:47.310Z] > git ls-files --stage -- /home/sunnyhughes/github-classroom/CodeLouisville/webdev-c1---knowledge-check-1-sunnyhughes/css/style.css [5ms]
[2022-06-23T20:44:47.335Z] > git cat-file -s f7199b279de45f60c19b53ec8f0b9c661fccf403 [3ms]
[2022-06-23T20:44:58.941Z] > git config --local branch.main.github-pr-owner-number [8ms]
[2022-06-23T20:44:58.985Z] > git status -z -uall [18ms]
[2022-06-23T20:44:59.013Z] > git symbolic-ref --short HEAD [2ms]
[2022-06-23T20:44:59.045Z] > git for-each-ref --format=%(refname)%00%(upstream:short)%00%(objectname)%00%(upstream:track)%00%(upstream:remotename)%00%(upstream:remoteref) refs/heads/main refs/remotes/main [4ms]
[2022-06-23T20:44:59.156Z] > git remote --verbose [39ms]
[2022-06-23T20:44:59.159Z] > git for-each-ref --sort -committerdate --format %(refname) %(objectname) %(*objectname) [85ms]
[2022-06-23T20:44:59.204Z] > git config --get commit.template [7ms]
[2022-06-23T20:44:59.995Z] > git config --local -l [211ms]
[2022-06-23T20:45:00.036Z] > git status -z -uall [12ms]
[2022-06-23T20:45:00.077Z] > git symbolic-ref --short HEAD [13ms]
[2022-06-23T20:45:00.117Z] > git for-each-ref --format=%(refname)%00%(upstream:short)%00%(objectname)%00%(upstream:track)%00%(upstream:remotename)%00%(upstream:remoteref) refs/heads/main refs/remotes/main [14ms]
[2022-06-23T20:45:00.164Z] > git for-each-ref --sort -committerdate --format %(refname) %(objectname) %(*objectname) [26ms]
[2022-06-23T20:45:00.165Z] > git remote --verbose [4ms]
[2022-06-23T20:45:00.197Z] > git config --get commit.template [3ms]
[2022-06-23T20:45:07.318Z] > git ls-files --stage -- /home/sunnyhughes/github-classroom/CodeLouisville/webdev-c1---knowledge-check-1-sunnyhughes/css/style.css [2ms]
[2022-06-23T20:45:07.346Z] > git cat-file -s f7199b279de45f60c19b53ec8f0b9c661fccf403 [7ms]
[2022-06-23T20:45:07.376Z] > git show --textconv :css/style.css [4ms]
[2022-06-23T20:45:07.798Z] > git fetch [513ms]
[2022-06-23T20:45:07.829Z] > git status -z -uall [5ms]
[2022-06-23T20:45:07.889Z] > git symbolic-ref --short HEAD [3ms]
[2022-06-23T20:45:07.930Z] > git for-each-ref --format=%(refname)%00%(upstream:short)%00%(objectname)%00%(upstream:track)%00%(upstream:remotename)%00%(upstream:remoteref) refs/heads/main refs/remotes/main [10ms]
[2022-06-23T20:45:07.983Z] > git remote --verbose [4ms]
[2022-06-23T20:45:07.984Z] > git for-each-ref --sort -committerdate --format %(refname) %(objectname) %(*objectname) [29ms]
[2022-06-23T20:45:08.019Z] > git config --get commit.template [3ms]
[2022-06-23T20:45:09.021Z] > git ls-files --stage -- /home/sunnyhughes/github-classroom/CodeLouisville/webdev-c1---knowledge-check-1-sunnyhughes/css/style.css [2ms]
[2022-06-23T20:45:09.058Z] > git cat-file -s f7199b279de45f60c19b53ec8f0b9c661fccf403 [3ms]
[2022-06-23T20:45:09.098Z] > git show --textconv :css/style.css [5ms]
[2022-06-23T20:45:18.774Z] > git config --local branch.main.github-pr-owner-number [10ms]
[2022-06-23T20:45:18.870Z] > git status -z -uall [64ms]
[2022-06-23T20:45:18.897Z] > git symbolic-ref --short HEAD [3ms]
[2022-06-23T20:45:18.947Z] > git for-each-ref --format=%(refname)%00%(upstream:short)%00%(objectname)%00%(upstream:track)%00%(upstream:remotename)%00%(upstream:remoteref) refs/heads/main refs/remotes/main [17ms]
[2022-06-23T20:45:19.029Z] > git remote --verbose [5ms]
[2022-06-23T20:45:19.029Z] > git for-each-ref --sort -committerdate --format %(refname) %(objectname) %(*objectname) [37ms]
[2022-06-23T20:45:19.092Z] > git config --get commit.template [30ms]
[2022-06-23T20:48:52.742Z] > git fetch [807ms]
[2022-06-23T20:48:52.771Z] > git status -z -uall [7ms]
[2022-06-23T20:48:52.797Z] > git symbolic-ref --short HEAD [3ms]
[2022-06-23T20:48:52.833Z] > git for-each-ref --format=%(refname)%00%(upstream:short)%00%(objectname)%00%(upstream:track)%00%(upstream:remotename)%00%(upstream:remoteref) refs/heads/main refs/remotes/main [7ms]
[2022-06-23T20:48:52.899Z] > git for-each-ref --sort -committerdate --format %(refname) %(objectname) %(*objectname) [37ms]
[2022-06-23T20:48:52.901Z] > git remote --verbose [9ms]
[2022-06-23T20:48:52.948Z] > git config --get commit.template [4ms]
[2022-06-23T20:48:53.933Z] > git ls-files --stage -- /home/sunnyhughes/github-classroom/CodeLouisville/webdev-c1---knowledge-check-1-sunnyhughes/css/style.css [3ms]
[2022-06-23T20:48:53.973Z] > git cat-file -s f7199b279de45f60c19b53ec8f0b9c661fccf403 [4ms]
