[2022-06-29 01:16:10.544] [renderer1] [critical] Extension 'ms-vsliveshare.vsliveshare' wants API proposal 'notebookDocumentEvents' but that proposal DOES NOT EXIST. Likely, the proposal has been finalized (check 'vscode.d.ts') or was abandoned.
[2022-06-29 01:16:13.694] [renderer1] [error] [Extension Host] (node:3352) [DEP0005] DeprecationWarning: Buffer() is deprecated due to security and usability issues. Please use the Buffer.alloc(), Buffer.allocUnsafe(), or Buffer.from() methods instead.
(Use `code --trace-deprecation ...` to show where the warning was created)
[2022-06-29 01:28:17.388] [renderer1] [info] UNRESPONSIVE extension host: starting to profile NOW
[2022-06-29 01:28:22.015] [renderer1] [info] UNRESPONSIVE extension host: received responsive event and cancelling profiling session
[2022-06-29 01:28:22.250] [renderer1] [warning] UNRESPONSIVE extension host: 'vscode.git' took 79% of 5108.376ms, saved PROFILE here: 'file:///tmp/exthost-b17b56.cpuprofile' [{"id":"gc","total":189845,"percentage":4},{"id":"GitHub.vscode-pull-request-github","total":30350,"percentage":1},{"id":"ms-vsliveshare.vsliveshare","total":1283,"percentage":0},{"id":"program","total":12212,"percentage":0},{"id":"self","total":826068,"percentage":16},{"id":"vscode.git","total":4048160,"percentage":79},{"id":"vscode.html-language-features","total":175,"percentage":0}]
[2022-06-29 01:28:25.826] [renderer1] [info] UNRESPONSIVE extension host: starting to profile NOW
[2022-06-29 01:28:30.986] [renderer1] [warning] UNRESPONSIVE extension host: 'vscode.git' took 92% of 5343.22ms, saved PROFILE here: 'file:///tmp/exthost-ea5117.cpuprofile' [{"id":"gc","total":102119,"percentage":2},{"id":"self","total":336822,"percentage":6},{"id":"vscode.git","total":4903075,"percentage":92}]
[2022-06-29 01:29:31.518] [renderer1] [info] Settings Sync: Updated current session dad797fb-dc50-4c3e-b26f-3da3502ec773
[2022-06-29 01:31:37.524] [renderer1] [info] UNRESPONSIVE extension host: starting to profile NOW
[2022-06-29 01:31:42.635] [renderer1] [warning] UNRESPONSIVE extension host: 'vscode.git' took 92% of 5388.325ms, saved PROFILE here: 'file:///tmp/exthost-12fff2.cpuprofile' [{"id":"gc","total":124436,"percentage":2},{"id":"self","total":285970,"percentage":5},{"id":"vscode.git","total":4977727,"percentage":92}]
[2022-06-29 01:31:55.375] [renderer1] [critical] Extension 'ms-vsliveshare.vsliveshare' wants API proposal 'notebookDocumentEvents' but that proposal DOES NOT EXIST. Likely, the proposal has been finalized (check 'vscode.d.ts') or was abandoned.
[2022-06-29 01:31:57.665] [renderer1] [error] [Extension Host] (node:4083) [DEP0005] DeprecationWarning: Buffer() is deprecated due to security and usability issues. Please use the Buffer.alloc(), Buffer.allocUnsafe(), or Buffer.from() methods instead.
(Use `code --trace-deprecation ...` to show where the warning was created)
[2022-06-29 01:32:32.246] [renderer1] [info] UNRESPONSIVE extension host: starting to profile NOW
[2022-06-29 01:32:36.982] [renderer1] [info] UNRESPONSIVE extension host: received responsive event and cancelling profiling session
[2022-06-29 01:32:37.290] [renderer1] [warning] UNRESPONSIVE extension host: 'vscode.git' took 81% of 5211.439ms, saved PROFILE here: 'file:///tmp/exthost-875f80.cpuprofile' [{"id":"gc","total":122049,"percentage":2},{"id":"GitHub.vscode-pull-request-github","total":35994,"percentage":1},{"id":"program","total":5927,"percentage":0},{"id":"self","total":797547,"percentage":15},{"id":"vscode.git","total":4206022,"percentage":81},{"id":"vscode.html-language-features","total":43423,"percentage":1}]
[2022-06-29 01:32:42.446] [renderer1] [info] UNRESPONSIVE extension host: starting to profile NOW
[2022-06-29 01:32:47.647] [renderer1] [warning] UNRESPONSIVE extension host: 'vscode.git' took 91% of 6095.489ms, saved PROFILE here: 'file:///tmp/exthost-a8f472.cpuprofile' [{"id":"gc","total":132809,"percentage":2},{"id":"self","total":382074,"percentage":6},{"id":"vscode.git","total":5577287,"percentage":91}]
[2022-06-29 01:32:54.764] [renderer1] [info] UNRESPONSIVE extension host: starting to profile NOW
[2022-06-29 01:32:59.997] [renderer1] [warning] UNRESPONSIVE extension host: 'vscode.git' took 88% of 5468.199ms, saved PROFILE here: 'file:///tmp/exthost-078d63.cpuprofile' [{"id":"gc","total":89605,"percentage":2},{"id":"self","total":577065,"percentage":11},{"id":"vscode.git","total":4796268,"percentage":88}]
[2022-06-29 01:33:35.637] [renderer1] [critical] Extension 'ms-vsliveshare.vsliveshare' wants API proposal 'notebookDocumentEvents' but that proposal DOES NOT EXIST. Likely, the proposal has been finalized (check 'vscode.d.ts') or was abandoned.
[2022-06-29 01:33:39.465] [renderer1] [error] [Extension Host] (node:4295) [DEP0005] DeprecationWarning: Buffer() is deprecated due to security and usability issues. Please use the Buffer.alloc(), Buffer.allocUnsafe(), or Buffer.from() methods instead.
(Use `code --trace-deprecation ...` to show where the warning was created)
[2022-06-29 01:33:47.080] [renderer1] [info] UNRESPONSIVE extension host: starting to profile NOW
[2022-06-29 01:33:51.907] [renderer1] [info] UNRESPONSIVE extension host: received responsive event and cancelling profiling session
[2022-06-29 01:33:52.230] [renderer1] [warning] UNRESPONSIVE extension host: 'vscode.git' took 74% of 5255.454ms, saved PROFILE here: 'file:///tmp/exthost-613480.cpuprofile' [{"id":"gc","total":230712,"percentage":4},{"id":"GitHub.vscode-pull-request-github","total":28874,"percentage":1},{"id":"ms-vsliveshare.vsliveshare","total":279590,"percentage":5},{"id":"program","total":22014,"percentage":0},{"id":"self","total":805322,"percentage":15},{"id":"vscode.git","total":3888478,"percentage":74}]
[2022-06-29 01:33:56.903] [renderer1] [info] UNRESPONSIVE extension host: starting to profile NOW
[2022-06-29 01:34:02.078] [renderer1] [warning] UNRESPONSIVE extension host: 'vscode.git' took 93% of 5395.199ms, saved PROFILE here: 'file:///tmp/exthost-601eaf.cpuprofile' [{"id":"gc","total":100034,"percentage":2},{"id":"self","total":263221,"percentage":5},{"id":"vscode.git","total":5029922,"percentage":93}]
[2022-06-29 01:34:08.428] [renderer1] [info] UNRESPONSIVE extension host: starting to profile NOW
[2022-06-29 01:34:13.586] [renderer1] [warning] UNRESPONSIVE extension host: 'vscode.git' took 94% of 5364.224ms, saved PROFILE here: 'file:///tmp/exthost-1e06ef.cpuprofile' [{"id":"gc","total":98122,"percentage":2},{"id":"self","total":216330,"percentage":4},{"id":"vscode.git","total":5049384,"percentage":94}]
[2022-06-29 01:35:12.030] [renderer1] [critical] Extension 'ms-vsliveshare.vsliveshare' wants API proposal 'notebookDocumentEvents' but that proposal DOES NOT EXIST. Likely, the proposal has been finalized (check 'vscode.d.ts') or was abandoned.
[2022-06-29 01:35:14.177] [renderer1] [error] [Extension Host] (node:4631) [DEP0005] DeprecationWarning: Buffer() is deprecated due to security and usability issues. Please use the Buffer.alloc(), Buffer.allocUnsafe(), or Buffer.from() methods instead.
(Use `code --trace-deprecation ...` to show where the warning was created)
