[2022-06-29 02:10:47.593] [exthost] [info] Extension host with pid 6541 started
[2022-06-29 02:10:47.593] [exthost] [info] Skipping acquiring lock for /home/sunnyhughes/.config/Code/User/workspaceStorage/1a4e9ab9ce05cd0a119bf5aa80127fed.
[2022-06-29 02:10:48.324] [exthost] [info] ExtensionService#_doActivateExtension vscode.html-language-features, startup: false, activationEvent: 'onLanguage:html'
[2022-06-29 02:10:48.443] [exthost] [info] ExtensionService#_doActivateExtension vscode.microsoft-authentication, startup: false, activationEvent: 'onAuthenticationRequest:microsoft'
[2022-06-29 02:10:48.508] [exthost] [info] ExtensionService#_doActivateExtension vscode.debug-auto-launch, startup: true, activationEvent: '*'
[2022-06-29 02:10:48.516] [exthost] [info] ExtensionService#_doActivateExtension vscode.git-base, startup: true, activationEvent: '*', root cause: vscode.git
[2022-06-29 02:10:48.523] [exthost] [info] ExtensionService#_doActivateExtension vscode.ipynb, startup: true, activationEvent: '*'
[2022-06-29 02:10:48.534] [exthost] [info] ExtensionService#_doActivateExtension ecmel.vscode-html-css, startup: true, activationEvent: '*'
[2022-06-29 02:10:48.606] [exthost] [info] ExtensionService#_doActivateExtension vscode.github-authentication, startup: true, activationEvent: '*', root cause: GitHub.vscode-pull-request-github
[2022-06-29 02:10:48.645] [exthost] [info] ExtensionService#_doActivateExtension ms-vsliveshare.vsliveshare, startup: true, activationEvent: '*'
[2022-06-29 02:10:49.503] [exthost] [info] ExtensionService#_doActivateExtension vscode.npm, startup: true, activationEvent: 'workspaceContains:package.json'
[2022-06-29 02:10:50.168] [exthost] [info] ExtensionService#_doActivateExtension vscode.git, startup: true, activationEvent: '*'
[2022-06-29 02:10:50.299] [exthost] [info] ExtensionService#_doActivateExtension vscode.github, startup: true, activationEvent: '*'
[2022-06-29 02:10:50.335] [exthost] [info] ExtensionService#_doActivateExtension GitHub.vscode-pull-request-github, startup: true, activationEvent: '*'
[2022-06-29 02:10:52.540] [exthost] [warning] [Decorations] CAPPING events from decorations provider vscode.git 10000
[2022-06-29 02:11:01.040] [exthost] [warning] [Decorations] CAPPING events from decorations provider vscode.git 10000
[2022-06-29 02:11:11.184] [exthost] [info] ExtensionService#_doActivateExtension vscode.emmet, startup: false, activationEvent: 'onStartupFinished'
[2022-06-29 02:11:11.205] [exthost] [info] ExtensionService#_doActivateExtension vscode.merge-conflict, startup: false, activationEvent: 'onStartupFinished'
[2022-06-29 02:11:11.213] [exthost] [info] ExtensionService#_doActivateExtension github.classroom, startup: false, activationEvent: 'onStartupFinished'
[2022-06-29 02:11:11.289] [exthost] [info] ExtensionService#_doActivateExtension ritwickdey.LiveServer, startup: false, activationEvent: 'onStartupFinished'
[2022-06-29 02:11:12.687] [exthost] [info] Eager extensions activated
[2022-06-29 02:11:15.923] [exthost] [warning] [Decorations] CAPPING events from decorations provider vscode.git 10000
[2022-06-29 02:11:39.132] [exthost] [info] ExtensionService#_doActivateExtension vscode.configuration-editing, startup: false, activationEvent: 'onLanguage:jsonc'
[2022-06-29 02:11:39.140] [exthost] [info] ExtensionService#_doActivateExtension vscode.json-language-features, startup: false, activationEvent: 'onLanguage:jsonc'
[2022-06-29 02:11:39.190] [exthost] [info] ExtensionService#_doActivateExtension vscode.typescript-language-features, startup: false, activationEvent: 'onLanguage:jsonc'
[2022-06-29 02:14:13.222] [exthost] [warning] [Decorations] CAPPING events from decorations provider vscode.git 10000
[2022-06-29 02:17:26.052] [exthost] [warning] [Decorations] CAPPING events from decorations provider vscode.git 10000
[2022-06-29 02:17:43.268] [exthost] [error] [ecmel.vscode-html-css] provider FAILED
[2022-06-29 02:17:43.268] [exthost] [error] undefined
[2022-06-29 02:18:27.140] [exthost] [error] [ecmel.vscode-html-css] provider FAILED
[2022-06-29 02:18:27.140] [exthost] [error] undefined
[2022-06-29 02:18:29.826] [exthost] [error] [ecmel.vscode-html-css] provider FAILED
[2022-06-29 02:18:29.826] [exthost] [error] undefined
[2022-06-29 02:20:39.244] [exthost] [warning] [Decorations] CAPPING events from decorations provider vscode.git 10000
[2022-06-29 02:28:30.451] [exthost] [warning] [Decorations] CAPPING events from decorations provider vscode.git 10000
[2022-06-29 02:30:05.442] [exthost] [error] [ecmel.vscode-html-css] provider FAILED
[2022-06-29 02:30:05.442] [exthost] [error] undefined
[2022-06-29 02:30:36.088] [exthost] [info] Extension host terminating: received terminate message from renderer
[2022-06-29 02:30:36.304] [exthost] [info] Extension host with pid 6541 exiting with code 0
