[Info  - 20:49:29.359] Reading sessions from keychain...
[Info  - 20:49:29.873] Getting sessions for all scopes...
[Info  - 20:49:29.874] Got 0 sessions for ...
[Info  - 20:49:29.978] Getting sessions for all scopes...
[Info  - 20:49:29.979] Got 0 sessions for ...
[Info  - 20:49:30.120] Getting sessions for user:email...
[Info  - 20:49:30.121] Got 0 sessions for user:email...
[Info  - 20:49:30.322] Getting sessions for read:user,repo,user:email,workflow...
[Info  - 20:49:30.323] Got 0 sessions for read:user,repo,user:email,workflow...
[Info  - 20:49:30.905] Getting sessions for read:user,repo,user:email...
[Info  - 20:49:30.907] Got 0 sessions for read:user,repo,user:email...
[Info  - 20:49:31.648] Getting sessions for read:user,repo,user:email,workflow...
[Info  - 20:49:31.649] Got 0 sessions for read:user,repo,user:email,workflow...
[Info  - 20:49:31.660] Getting sessions for read:user,repo,user:email...
[Info  - 20:49:31.660] Got 0 sessions for read:user,repo,user:email...
[Info  - 20:49:34.406] Getting sessions for read:user,user:email...
[Info  - 20:49:34.406] Got 0 sessions for read:user,user:email...
[Info  - 20:49:36.485] Getting sessions for read:user,repo,user:email...
[Info  - 20:49:36.487] Got 0 sessions for read:user,repo,user:email...
[Info  - 20:49:46.307] Getting sessions for read:user,repo,user:email,workflow...
[Info  - 20:49:46.308] Got 0 sessions for read:user,repo,user:email,workflow...
[Info  - 20:49:46.323] Getting sessions for read:user,repo,user:email...
[Info  - 20:49:46.323] Got 0 sessions for read:user,repo,user:email...
[Info  - 20:49:46.334] Getting sessions for read:user,repo,user:email,workflow...
[Info  - 20:49:46.335] Got 0 sessions for read:user,repo,user:email,workflow...
[Info  - 20:49:48.677] Logging in for the following scopes: read:user repo user:email workflow
[Info  - 20:49:48.704] Trying without local server... (read:user repo user:email workflow)
[Trace  - 20:49:51.908] Handling Uri...
[Info  - 20:49:51.909] Exchanging code for token...
[Info  - 20:49:53.20] Token exchange success!
[Info  - 20:49:53.21] Getting user info...
[Info  - 20:49:53.569] Got account info!
[Info  - 20:49:53.570] Storing 1 sessions...
[Error  - 20:49:53.674] Setting token failed: Error: GDBus.Error:org.freedesktop.DBus.Error.ServiceUnknown: The name org.freedesktop.secrets was not provided by any .service files
[Info  - 20:49:53.674] Stored 1 sessions!
[Info  - 20:49:53.675] Login success!
[Info  - 20:49:53.848] Getting sessions for user:email...
[Info  - 20:49:53.848] Got 0 sessions for user:email...
[Info  - 20:49:53.853] Getting sessions for read:user,user:email...
[Info  - 20:49:53.853] Getting sessions for read:user,repo,user:email...
[Info  - 20:49:53.853] Got 0 sessions for read:user,user:email...
[Info  - 20:49:53.854] Got 0 sessions for read:user,repo,user:email...
[Info  - 20:51:54.119] Getting sessions for read:user,repo,user:email...
[Info  - 20:51:54.120] Got 0 sessions for read:user,repo,user:email...
[Info  - 20:51:55.802] Logging in for the following scopes: read:user repo user:email
[Info  - 20:51:55.851] Trying without local server... (read:user repo user:email)
[Trace  - 20:51:58.469] Handling Uri...
[Info  - 20:51:58.469] Exchanging code for token...
[Info  - 20:51:59.551] Token exchange success!
[Info  - 20:51:59.552] Getting user info...
[Info  - 20:52:00.145] Got account info!
[Info  - 20:52:00.146] Storing 2 sessions...
[Error  - 20:52:00.257] Setting token failed: Error: GDBus.Error:org.freedesktop.DBus.Error.ServiceUnknown: The name org.freedesktop.secrets was not provided by any .service files
[Info  - 20:52:00.257] Stored 2 sessions!
[Info  - 20:52:00.257] Login success!
[Info  - 20:52:00.308] Getting sessions for user:email...
[Info  - 20:52:00.309] Got 0 sessions for user:email...
[Info  - 20:52:00.359] Getting sessions for read:user,repo,user:email,workflow...
[Info  - 20:52:00.360] Getting sessions for read:user,user:email...
[Info  - 20:52:00.361] Got 1 sessions for read:user,repo,user:email,workflow...
[Info  - 20:52:00.361] Got 0 sessions for read:user,user:email...
