[2022-06-23T20:49:29.903Z] Log level: Info
[2022-06-23T20:49:29.906Z] [info] Validating found git in: git
[2022-06-23T20:49:30.069Z] [info] Using git 2.30.2 from git
[2022-06-23T20:49:30.158Z] > git rev-parse --show-toplevel [44ms]
[2022-06-23T20:49:30.221Z] > git rev-parse --git-dir --git-common-dir [37ms]
[2022-06-23T20:49:30.247Z] [info] Open repository: /home/sunnyhughes/github-classroom/CodeLouisville/webdev-c1---knowledge-check-1-sunnyhughes
[2022-06-23T20:49:30.544Z] > git status -z -uall [255ms]
[2022-06-23T20:49:30.631Z] > git symbolic-ref --short HEAD [56ms]
[2022-06-23T20:49:30.780Z] > git show --textconv :css/style.css [39ms]
[2022-06-23T20:49:30.785Z] > git for-each-ref --format=%(refname)%00%(upstream:short)%00%(objectname)%00%(upstream:track)%00%(upstream:remotename)%00%(upstream:remoteref) refs/heads/main refs/remotes/main [120ms]
[2022-06-23T20:49:30.911Z] > git remote --verbose [96ms]
[2022-06-23T20:49:30.912Z] > git for-each-ref --sort -committerdate --format %(refname) %(objectname) %(*objectname) [112ms]
[2022-06-23T20:49:30.918Z] > git ls-files --stage -- /home/sunnyhughes/github-classroom/CodeLouisville/webdev-c1---knowledge-check-1-sunnyhughes/css/style.css [161ms]
[2022-06-23T20:49:30.936Z] > git fetch [669ms]
[2022-06-23T20:49:30.954Z] > git check-ignore -v -z --stdin [114ms]
[2022-06-23T20:49:30.994Z] > git cat-file -s f7199b279de45f60c19b53ec8f0b9c661fccf403 [62ms]
[2022-06-23T20:49:31.028Z] > git config --get commit.template [76ms]
[2022-06-23T20:49:31.064Z] > git status -z -uall [18ms]
[2022-06-23T20:49:31.085Z] > git symbolic-ref --short HEAD [6ms]
[2022-06-23T20:49:31.120Z] > git for-each-ref --format=%(refname)%00%(upstream:short)%00%(objectname)%00%(upstream:track)%00%(upstream:remotename)%00%(upstream:remoteref) refs/heads/main refs/remotes/main [19ms]
[2022-06-23T20:49:31.170Z] > git remote --verbose [14ms]
[2022-06-23T20:49:31.171Z] > git for-each-ref --sort -committerdate --format %(refname) %(objectname) %(*objectname) [34ms]
[2022-06-23T20:49:31.358Z] > git config --local branch.main.github-pr-owner-number [27ms]
[2022-06-23T20:49:31.361Z] > git config --get commit.template [6ms]
[2022-06-23T20:49:31.431Z] > git status -z -uall [50ms]
[2022-06-23T20:49:31.498Z] > git symbolic-ref --short HEAD [43ms]
[2022-06-23T20:49:31.539Z] > git for-each-ref --format=%(refname)%00%(upstream:short)%00%(objectname)%00%(upstream:track)%00%(upstream:remotename)%00%(upstream:remoteref) refs/heads/main refs/remotes/main [11ms]
[2022-06-23T20:49:31.577Z] > git remote --verbose [9ms]
[2022-06-23T20:49:31.578Z] > git for-each-ref --sort -committerdate --format %(refname) %(objectname) %(*objectname) [24ms]
[2022-06-23T20:49:31.637Z] > git config --get commit.template [40ms]
[2022-06-23T20:49:32.060Z] > git ls-files --stage -- /home/sunnyhughes/github-classroom/CodeLouisville/webdev-c1---knowledge-check-1-sunnyhughes/css/style.css [14ms]
[2022-06-23T20:49:32.109Z] > git cat-file -s f7199b279de45f60c19b53ec8f0b9c661fccf403 [15ms]
[2022-06-23T20:49:32.156Z] > git show --textconv :css/style.css [6ms]
[2022-06-23T20:49:34.518Z] > git config --global user.email [94ms]
[2022-06-23T20:49:36.271Z] > git config --global user.name [1737ms]
[2022-06-23T20:49:36.329Z] > git status -z -uall [28ms]
[2022-06-23T20:49:36.363Z] > git symbolic-ref --short HEAD [9ms]
[2022-06-23T20:49:36.391Z] > git for-each-ref --format=%(refname)%00%(upstream:short)%00%(objectname)%00%(upstream:track)%00%(upstream:remotename)%00%(upstream:remoteref) refs/heads/main refs/remotes/main [7ms]
[2022-06-23T20:49:36.445Z] > git remote --verbose [8ms]
[2022-06-23T20:49:36.446Z] > git for-each-ref --sort -committerdate --format %(refname) %(objectname) %(*objectname) [33ms]
[2022-06-23T20:49:36.491Z] > git config --get commit.template [15ms]
[2022-06-23T20:49:36.600Z] > git show -s --format=%an <%ae> [%ai] 674f295dd151aff877610485d68cc1a47603d35c [83ms]
[2022-06-23T20:49:36.635Z] > git show -s --format=%H%n%aN%n%aE%n%at%n%ct%n%P%n%D%n%B -z 674f295dd151aff877610485d68cc1a47603d35c [12ms]
[2022-06-23T20:49:36.667Z] > git show -s --format=%an <%ae> [%ai] 26cfb5ba130a462a8c511f07a0b011c554aab528 [7ms]
[2022-06-23T20:49:36.724Z] > git show -s --format=%H%n%aN%n%aE%n%at%n%ct%n%P%n%D%n%B -z 26cfb5ba130a462a8c511f07a0b011c554aab528 [31ms]
[2022-06-23T20:49:36.759Z] > git show -s --format=%an <%ae> [%ai] 03b2e671667c48a61db705e922f64d07d0e7c2e6 [10ms]
[2022-06-23T20:49:36.792Z] > git show -s --format=%H%n%aN%n%aE%n%at%n%ct%n%P%n%D%n%B -z 03b2e671667c48a61db705e922f64d07d0e7c2e6 [12ms]
[2022-06-23T20:49:36.816Z] > git show -s --format=%an <%ae> [%ai] 93bd525317d08c96f1d66857c67e8d6931b9fde7 [3ms]
[2022-06-23T20:49:36.842Z] > git show -s --format=%H%n%aN%n%aE%n%at%n%ct%n%P%n%D%n%B -z 93bd525317d08c96f1d66857c67e8d6931b9fde7 [4ms]
[2022-06-23T20:49:38.007Z] > git show --textconv :index.html [208ms]
[2022-06-23T20:49:38.007Z] > git ls-files --stage -- /home/sunnyhughes/github-classroom/CodeLouisville/webdev-c1---knowledge-check-1-sunnyhughes/index.html [179ms]
[2022-06-23T20:49:38.051Z] > git cat-file -s f0de00a65000f6f61aa937aeb75a899f9b17c5ff [10ms]
[2022-06-23T20:49:55.840Z] > git config --local branch.main.github-pr-owner-number [27ms]
[2022-06-23T20:49:55.898Z] > git status -z -uall [19ms]
[2022-06-23T20:49:55.946Z] > git symbolic-ref --short HEAD [19ms]
[2022-06-23T20:49:56.017Z] > git for-each-ref --format=%(refname)%00%(upstream:short)%00%(objectname)%00%(upstream:track)%00%(upstream:remotename)%00%(upstream:remoteref) refs/heads/main refs/remotes/main [40ms]
[2022-06-23T20:49:56.200Z] > git remote --verbose [118ms]
[2022-06-23T20:49:56.201Z] > git for-each-ref --sort -committerdate --format %(refname) %(objectname) %(*objectname) [149ms]
[2022-06-23T20:49:56.425Z] > git config --get commit.template [43ms]
[2022-06-23T20:49:56.434Z] > git fetch origin main [832ms]
[2022-06-23T20:49:56.434Z] From https://github.com/CodeLouisville/webdev-c1---knowledge-check-1-sunnyhughes
 * branch            main       -> FETCH_HEAD
[2022-06-23T20:49:56.578Z] > git status -z -uall [75ms]
[2022-06-23T20:49:56.705Z] > git symbolic-ref --short HEAD [39ms]
[2022-06-23T20:49:56.898Z] > git for-each-ref --format=%(refname)%00%(upstream:short)%00%(objectname)%00%(upstream:track)%00%(upstream:remotename)%00%(upstream:remoteref) refs/heads/main refs/remotes/main [79ms]
[2022-06-23T20:49:56.974Z] > git remote --verbose [13ms]
[2022-06-23T20:49:56.983Z] > git for-each-ref --sort -committerdate --format %(refname) %(objectname) %(*objectname) [53ms]
[2022-06-23T20:49:57.041Z] > git config --get commit.template [12ms]
[2022-06-23T20:51:48.399Z] > git show --textconv :index.html [28ms]
[2022-06-23T20:51:48.401Z] > git ls-files --stage -- /home/sunnyhughes/github-classroom/CodeLouisville/webdev-c1---knowledge-check-1-sunnyhughes/index.html [4ms]
[2022-06-23T20:51:48.427Z] > git cat-file -s f0de00a65000f6f61aa937aeb75a899f9b17c5ff [3ms]
[2022-06-23T20:51:55.854Z] > git ls-files --stage -- /home/sunnyhughes/github-classroom/CodeLouisville/webdev-c1---knowledge-check-1-sunnyhughes/index.html [4ms]
[2022-06-23T20:51:55.887Z] > git cat-file -s f0de00a65000f6f61aa937aeb75a899f9b17c5ff [4ms]
[2022-06-23T20:51:55.988Z] > git show --textconv :index.html [5ms]
[2022-06-23T20:52:01.754Z] > git config --local branch.main.github-pr-owner-number [10ms]
[2022-06-23T20:52:01.832Z] > git status -z -uall [50ms]
[2022-06-23T20:52:01.870Z] > git symbolic-ref --short HEAD [6ms]
[2022-06-23T20:52:01.920Z] > git for-each-ref --format=%(refname)%00%(upstream:short)%00%(objectname)%00%(upstream:track)%00%(upstream:remotename)%00%(upstream:remoteref) refs/heads/main refs/remotes/main [8ms]
[2022-06-23T20:52:01.997Z] > git for-each-ref --sort -committerdate --format %(refname) %(objectname) %(*objectname) [49ms]
[2022-06-23T20:52:02.002Z] > git remote --verbose [19ms]
[2022-06-23T20:52:02.097Z] > git config --get commit.template [17ms]
[2022-06-23T20:52:02.705Z] > git config --local -l [105ms]
[2022-06-23T20:52:02.741Z] > git status -z -uall [8ms]
[2022-06-23T20:52:02.802Z] > git symbolic-ref --short HEAD [26ms]
[2022-06-23T20:52:02.846Z] > git for-each-ref --format=%(refname)%00%(upstream:short)%00%(objectname)%00%(upstream:track)%00%(upstream:remotename)%00%(upstream:remoteref) refs/heads/main refs/remotes/main [11ms]
[2022-06-23T20:52:02.920Z] > git remote --verbose [11ms]
[2022-06-23T20:52:02.921Z] > git for-each-ref --sort -committerdate --format %(refname) %(objectname) %(*objectname) [43ms]
[2022-06-23T20:52:02.969Z] > git config --get commit.template [7ms]
[2022-06-23T20:54:31.048Z] > git config --local branch.main.github-pr-owner-number [2ms]
[2022-06-23T20:54:31.076Z] > git status -z -uall [3ms]
[2022-06-23T20:54:31.103Z] > git symbolic-ref --short HEAD [2ms]
[2022-06-23T20:54:31.129Z] > git for-each-ref --format=%(refname)%00%(upstream:short)%00%(objectname)%00%(upstream:track)%00%(upstream:remotename)%00%(upstream:remoteref) refs/heads/main refs/remotes/main [3ms]
[2022-06-23T20:54:31.181Z] > git remote --verbose [4ms]
[2022-06-23T20:54:31.182Z] > git for-each-ref --sort -committerdate --format %(refname) %(objectname) %(*objectname) [29ms]
[2022-06-23T20:54:31.213Z] > git config --get commit.template [3ms]
[2022-06-23T20:54:32.216Z] > git fetch origin main [397ms]
[2022-06-23T20:54:32.216Z] From https://github.com/CodeLouisville/webdev-c1---knowledge-check-1-sunnyhughes
 * branch            main       -> FETCH_HEAD
[2022-06-23T20:54:32.243Z] > git status -z -uall [3ms]
[2022-06-23T20:54:32.272Z] > git symbolic-ref --short HEAD [3ms]
[2022-06-23T20:54:32.298Z] > git for-each-ref --format=%(refname)%00%(upstream:short)%00%(objectname)%00%(upstream:track)%00%(upstream:remotename)%00%(upstream:remoteref) refs/heads/main refs/remotes/main [3ms]
[2022-06-23T20:54:32.347Z] > git for-each-ref --sort -committerdate --format %(refname) %(objectname) %(*objectname) [25ms]
[2022-06-23T20:54:32.348Z] > git remote --verbose [3ms]
[2022-06-23T20:54:32.379Z] > git config --get commit.template [3ms]
[2022-06-23T20:56:01.080Z] > git ls-files --stage -- /home/sunnyhughes/github-classroom/CodeLouisville/webdev-c1---knowledge-check-1-sunnyhughes/index.html [2ms]
[2022-06-23T20:56:01.111Z] > git cat-file -s f0de00a65000f6f61aa937aeb75a899f9b17c5ff [4ms]
[2022-06-23T20:56:01.155Z] > git show --textconv :index.html [9ms]
[2022-06-23T20:56:01.517Z] > git fetch [477ms]
[2022-06-23T20:56:01.550Z] > git status -z -uall [4ms]
[2022-06-23T20:56:01.582Z] > git symbolic-ref --short HEAD [4ms]
[2022-06-23T20:56:01.618Z] > git for-each-ref --format=%(refname)%00%(upstream:short)%00%(objectname)%00%(upstream:track)%00%(upstream:remotename)%00%(upstream:remoteref) refs/heads/main refs/remotes/main [3ms]
[2022-06-23T20:56:01.676Z] > git for-each-ref --sort -committerdate --format %(refname) %(objectname) %(*objectname) [32ms]
[2022-06-23T20:56:01.677Z] > git remote --verbose [3ms]
[2022-06-23T20:56:01.710Z] > git config --get commit.template [3ms]
[2022-06-23T20:56:02.722Z] > git ls-files --stage -- /home/sunnyhughes/github-classroom/CodeLouisville/webdev-c1---knowledge-check-1-sunnyhughes/index.html [4ms]
[2022-06-23T20:56:02.756Z] > git cat-file -s f0de00a65000f6f61aa937aeb75a899f9b17c5ff [5ms]
[2022-06-23T20:56:02.793Z] > git show --textconv :index.html [4ms]
