0 verbose cli /usr/bin/node /usr/bin/npm
1 info using npm@8.12.1
2 info using node@v18.4.0
3 timing npm:load:whichnode Completed in 0ms
4 timing config:load:defaults Completed in 3ms
5 timing config:load:file:/usr/lib/node_modules/npm/npmrc Completed in 1ms
6 timing config:load:builtin Completed in 2ms
7 timing config:load:cli Completed in 3ms
8 timing config:load:env Completed in 1ms
9 timing config:load:file:/home/sunnyhughes/js-demo/.npmrc Completed in 0ms
10 timing config:load:project Completed in 17ms
11 timing config:load:file:/home/sunnyhughes/.npmrc Completed in 0ms
12 timing config:load:user Completed in 0ms
13 timing config:load:file:/usr/etc/npmrc Completed in 1ms
14 timing config:load:global Completed in 1ms
15 timing config:load:validate Completed in 0ms
16 timing config:load:credentials Completed in 2ms
17 timing config:load:setEnvs Completed in 2ms
18 timing config:load Completed in 32ms
19 timing npm:load:configload Completed in 32ms
20 timing npm:load:mkdirpcache Completed in 2ms
21 timing npm:load:mkdirplogs Completed in 1ms
22 verbose title npm install
23 verbose argv "install"
24 timing npm:load:setTitle Completed in 2ms
25 timing config:load:flatten Completed in 6ms
26 timing npm:load:display Completed in 8ms
27 verbose logfile logs-max:10 dir:/home/sunnyhughes/.npm/_logs
28 verbose logfile /home/sunnyhughes/.npm/_logs/2022-06-29T05_59_18_167Z-debug-0.log
29 timing npm:load:logFile Completed in 9ms
30 timing npm:load:timers Completed in 0ms
31 timing npm:load:configScope Completed in 0ms
32 timing npm:load Completed in 57ms
33 timing arborist:ctor Completed in 2ms
34 silly logfile start cleaning logs, removing 1 files
35 silly logfile done cleaning log files
36 timing idealTree:init Completed in 269ms
37 timing idealTree:userRequests Completed in 1ms
38 silly idealTree buildDeps
39 timing idealTree:#root Completed in 0ms
40 timing idealTree:buildDeps Completed in 2ms
41 timing idealTree:fixDepFlags Completed in 1ms
42 timing idealTree Completed in 282ms
43 timing arborist:ctor Completed in 0ms
44 timing reify:loadTrees Completed in 442ms
45 timing reify:diffTrees Completed in 11ms
46 silly reify moves {}
47 timing reify:retireShallow Completed in 2ms
48 timing reify:createSparse Completed in 5ms
49 timing reify:loadBundles Completed in 0ms
50 silly audit bulk request {
50 silly audit   '@socket.io/component-emitter': [ '3.1.0' ],
50 silly audit   '@types/component-emitter': [ '1.2.11' ],
50 silly audit   '@types/cookie': [ '0.4.1' ],
50 silly audit   '@types/cors': [ '2.8.12' ],
50 silly audit   '@types/node': [ '18.0.0' ],
50 silly audit   accepts: [ '1.3.8' ],
50 silly audit   'ansi-regex': [ '2.1.1', '5.0.1' ],
50 silly audit   'ansi-styles': [ '2.2.1', '4.3.0' ],
50 silly audit   anymatch: [ '3.1.2' ],
50 silly audit   async: [ '2.6.4' ],
50 silly audit   'async-each-series': [ '0.1.1' ],
50 silly audit   axios: [ '0.21.4' ],
50 silly audit   'balanced-match': [ '1.0.2' ],
50 silly audit   base64id: [ '2.0.0' ],
50 silly audit   batch: [ '0.6.1' ],
50 silly audit   'binary-extensions': [ '2.2.0' ],
50 silly audit   'brace-expansion': [ '1.1.11' ],
50 silly audit   braces: [ '3.0.2' ],
50 silly audit   'browser-sync': [ '2.27.10' ],
50 silly audit   'browser-sync-client': [ '2.27.10' ],
50 silly audit   'browser-sync-ui': [ '2.27.10' ],
50 silly audit   'bs-recipes': [ '1.3.4' ],
50 silly audit   'bs-snippet-injector': [ '2.0.1' ],
50 silly audit   bytes: [ '3.1.2' ],
50 silly audit   chalk: [ '1.1.3' ],
50 silly audit   chokidar: [ '3.5.3' ],
50 silly audit   cliui: [ '7.0.4' ],
50 silly audit   'strip-ansi': [ '6.0.1', '3.0.1' ],
50 silly audit   'color-convert': [ '2.0.1' ],
50 silly audit   'color-name': [ '1.1.4' ],
50 silly audit   commander: [ '2.20.3' ],
50 silly audit   'component-emitter': [ '1.3.0' ],
50 silly audit   'concat-map': [ '0.0.1' ],
50 silly audit   connect: [ '3.6.6' ],
50 silly audit   'connect-history-api-fallback': [ '1.6.0' ],
50 silly audit   'connect-logger': [ '0.0.1' ],
50 silly audit   cookie: [ '0.4.2' ],
50 silly audit   cors: [ '2.8.5' ],
50 silly audit   debug: [ '2.6.9', '4.3.4', '4.3.2' ],
50 silly audit   depd: [ '2.0.0', '1.1.2' ],
50 silly audit   destroy: [ '1.0.4' ],
50 silly audit   'dev-ip': [ '1.0.1' ],
50 silly audit   dlv: [ '1.1.3' ],
50 silly audit   'easy-extender': [ '2.3.4' ],
50 silly audit   'eazy-logger': [ '3.1.0' ],
50 silly audit   'ee-first': [ '1.1.1' ],
50 silly audit   'emoji-regex': [ '8.0.0' ],
50 silly audit   encodeurl: [ '1.0.2' ],
50 silly audit   'engine.io': [ '6.2.0' ],
50 silly audit   'engine.io-client': [ '6.2.2' ],
50 silly audit   ms: [ '2.1.2', '2.0.0' ],
50 silly audit   'engine.io-parser': [ '5.0.4' ],
50 silly audit   escalade: [ '3.1.1' ],
50 silly audit   'escape-html': [ '1.0.3' ],
50 silly audit   'escape-string-regexp': [ '1.0.5' ],
50 silly audit   etag: [ '1.8.1' ],
50 silly audit   eventemitter3: [ '4.0.7' ],
50 silly audit   'fill-range': [ '7.0.1' ],
50 silly audit   finalhandler: [ '1.1.0' ],
50 silly audit   'follow-redirects': [ '1.15.1' ],
50 silly audit   fresh: [ '0.5.2' ],
50 silly audit   'fs-extra': [ '3.0.1' ],
50 silly audit   fsevents: [ '2.3.2' ],
50 silly audit   'get-caller-file': [ '2.0.5' ],
50 silly audit   'glob-parent': [ '5.1.2' ],
50 silly audit   'graceful-fs': [ '4.2.10' ],
50 silly audit   'has-ansi': [ '2.0.0' ],
50 silly audit   'http-errors': [ '2.0.0', '1.6.3' ],
50 silly audit   statuses: [ '2.0.1', '1.4.0', '1.5.0', '1.3.1' ],
50 silly audit   'http-proxy': [ '1.18.1' ],
50 silly audit   'iconv-lite': [ '0.4.24' ],
50 silly audit   immutable: [ '3.8.2' ],
50 silly audit   inherits: [ '2.0.4', '2.0.3' ],
50 silly audit   'is-binary-path': [ '2.1.0' ],
50 silly audit   'is-extglob': [ '2.1.1' ],
50 silly audit   'is-fullwidth-code-point': [ '3.0.0' ],
50 silly audit   'is-glob': [ '4.0.3' ],
50 silly audit   'is-number': [ '7.0.0' ],
50 silly audit   'is-number-like': [ '1.0.8' ],
50 silly audit   'is-wsl': [ '1.1.0' ],
50 silly audit   jsonfile: [ '3.0.1' ],
50 silly audit   limiter: [ '1.1.5' ],
50 silly audit   'lite-server': [ '2.6.1' ],
50 silly audit   localtunnel: [ '2.0.2' ],
50 silly audit   yargs: [ '17.1.1', '17.5.1' ],
50 silly audit   'yargs-parser': [ '20.2.9', '21.0.1' ],
50 silly audit   lodash: [ '4.17.21' ],
50 silly audit   'lodash.isfinite': [ '3.3.2' ],
50 silly audit   micromatch: [ '4.0.5' ],
50 silly audit   mime: [ '1.4.1' ],
50 silly audit   'mime-db': [ '1.52.0' ],
50 silly audit   'mime-types': [ '2.1.35' ],
50 silly audit   minimatch: [ '3.1.2' ],
50 silly audit   minimist: [ '1.2.6' ],
50 silly audit   mitt: [ '1.2.0' ],
50 silly audit   moment: [ '2.29.3' ],
50 silly audit   negotiator: [ '0.6.3' ],
50 silly audit   'normalize-path': [ '3.0.0' ],
50 silly audit   'object-assign': [ '4.1.1' ],
50 silly audit   'on-finished': [ '2.3.0' ],
50 silly audit   openurl: [ '1.1.1' ],
50 silly audit   opn: [ '5.3.0' ],
50 silly audit   parseurl: [ '1.3.3' ],
50 silly audit   picomatch: [ '2.3.1' ],
50 silly audit   portscanner: [ '2.2.0' ],
50 silly audit   qs: [ '6.2.3' ],
50 silly audit   'range-parser': [ '1.2.1' ],
50 silly audit   'raw-body': [ '2.5.1' ],
50 silly audit   readdirp: [ '3.6.0' ],
50 silly audit   'require-directory': [ '2.1.1' ],
50 silly audit   'requires-port': [ '1.0.0' ],
50 silly audit   'resp-modifier': [ '6.0.2' ],
50 silly audit   rx: [ '4.1.0' ],
50 silly audit   rxjs: [ '5.5.12' ],
50 silly audit   'safer-buffer': [ '2.1.2' ],
50 silly audit   send: [ '0.16.2' ],
50 silly audit   setprototypeof: [ '1.1.0', '1.2.0' ],
50 silly audit   'serve-index': [ '1.9.1' ],
50 silly audit   'serve-static': [ '1.13.2' ],
50 silly audit   'server-destroy': [ '1.0.1' ],
50 silly audit   'socket.io': [ '4.5.1' ],
50 silly audit   'socket.io-adapter': [ '2.4.0' ],
50 silly audit   'socket.io-client': [ '4.5.1' ],
50 silly audit   'socket.io-parser': [ '4.2.1', '4.0.5' ],
50 silly audit   'stream-throttle': [ '0.1.3' ],
50 silly audit   'string-width': [ '4.2.3' ],
50 silly audit   'supports-color': [ '2.0.0' ],
50 silly audit   'symbol-observable': [ '1.0.1' ],
50 silly audit   tfunk: [ '4.0.0' ],
50 silly audit   'to-regex-range': [ '5.0.1' ],
50 silly audit   toidentifier: [ '1.0.1' ],
50 silly audit   typescript: [ '4.7.4' ],
50 silly audit   'ua-parser-js': [ '1.0.2' ],
50 silly audit   universalify: [ '0.1.2' ],
50 silly audit   unpipe: [ '1.0.0' ],
50 silly audit   'utils-merge': [ '1.0.1' ],
50 silly audit   vary: [ '1.1.2' ],
50 silly audit   'wrap-ansi': [ '7.0.0' ],
50 silly audit   ws: [ '8.2.3' ],
50 silly audit   'xmlhttprequest-ssl': [ '2.0.0' ],
50 silly audit   y18n: [ '5.0.8' ]
50 silly audit }
51 verbose reify failed optional dependency /home/sunnyhughes/js-demo/node_modules/fsevents
52 silly reify mark deleted [ '/home/sunnyhughes/js-demo/node_modules/fsevents' ]
53 timing reifyNode:node_modules/fsevents Completed in 89ms
54 timing reify:unpack Completed in 89ms
55 timing reify:unretire Completed in 0ms
56 timing build:queue Completed in 6ms
57 timing build:deps Completed in 7ms
58 timing build Completed in 8ms
59 timing reify:build Completed in 8ms
60 timing reify:trash Completed in 4ms
61 timing reify:save Completed in 92ms
62 http fetch POST 200 https://registry.npmjs.org/-/npm/v1/security/advisories/bulk 1250ms
63 timing auditReport:getReport Completed in 1265ms
64 silly audit report {}
65 timing auditReport:init Completed in 0ms
66 timing reify:audit Completed in 1266ms
67 timing reify Completed in 1749ms
68 silly ADD
69 timing command:install Completed in 1772ms
70 verbose exit 0
71 timing npm Completed in 1952ms
72 info ok
