0 verbose cli /usr/bin/node /usr/bin/npm
1 info using npm@8.12.1
2 info using node@v18.4.0
3 timing npm:load:whichnode Completed in 0ms
4 timing config:load:defaults Completed in 2ms
5 timing config:load:file:/usr/lib/node_modules/npm/npmrc Completed in 1ms
6 timing config:load:builtin Completed in 1ms
7 timing config:load:cli Completed in 2ms
8 timing config:load:env Completed in 1ms
9 timing config:load:project Completed in 18ms
10 timing config:load:file:/home/sunnyhughes/.npmrc Completed in 0ms
11 timing config:load:user Completed in 0ms
12 timing config:load:file:/usr/etc/npmrc Completed in 0ms
13 timing config:load:global Completed in 0ms
14 timing config:load:validate Completed in 0ms
15 timing config:load:credentials Completed in 2ms
16 timing config:load:setEnvs Completed in 2ms
17 timing config:load Completed in 32ms
18 timing npm:load:configload Completed in 33ms
19 timing npm:load:mkdirpcache Completed in 2ms
20 timing npm:load:mkdirplogs Completed in 1ms
21 verbose title npm run start
22 verbose argv "run" "start"
23 timing npm:load:setTitle Completed in 2ms
24 timing config:load:flatten Completed in 6ms
25 timing npm:load:display Completed in 9ms
26 verbose logfile logs-max:10 dir:/home/sunnyhughes/.npm/_logs
27 verbose logfile /home/sunnyhughes/.npm/_logs/2022-06-29T05_37_38_900Z-debug-0.log
28 timing npm:load:logFile Completed in 10ms
29 timing npm:load:timers Completed in 0ms
30 timing npm:load:configScope Completed in 0ms
31 timing npm:load Completed in 59ms
32 silly logfile start cleaning logs, removing 1 files
33 timing command:run Completed in 6ms
34 verbose stack Error: ENOENT: no such file or directory, open '/home/sunnyhughes/package.json'
35 verbose cwd /home/sunnyhughes
36 verbose Linux 5.10.110-15808-ge5740beba59b
37 verbose node v18.4.0
38 verbose npm  v8.12.1
39 error code ENOENT
40 error syscall open
41 error path /home/sunnyhughes/package.json
42 error errno -2
43 error enoent ENOENT: no such file or directory, open '/home/sunnyhughes/package.json'
44 error enoent This is related to npm not being able to find a file.
44 error enoent
45 verbose exit -2
46 timing npm Completed in 91ms
47 verbose code -2
48 error A complete log of this run can be found in:
48 error     /home/sunnyhughes/.npm/_logs/2022-06-29T05_37_38_900Z-debug-0.log
