[Info  - 21:06:36.212] Reading sessions from secret storage...
[Info  - 21:06:36.545] Got 0 stored sessions
[Info  - 21:06:36.631] Getting sessions for the following scopes: email offline_access openid profile
[Trace  - 21:06:36.631] No session found with idtoken scopes... Using fallback scope list of: email offline_access openid profile
[Info  - 21:06:36.631] Got 0 sessions for scopes: email offline_access openid profile
[Info  - 21:06:40.962] Getting sessions for all scopes...
[Info  - 21:06:40.962] Got 0 sessions for all scopes...
[Info  - 21:06:42.460] Getting sessions for the following scopes: email offline_access openid profile
[Trace  - 21:06:42.460] No session found with idtoken scopes... Using fallback scope list of: email offline_access openid profile
[Info  - 21:06:42.460] Got 0 sessions for scopes: email offline_access openid profile
[Info  - 21:06:47.954] Getting sessions for the following scopes: email offline_access openid profile
[Trace  - 21:06:47.954] No session found with idtoken scopes... Using fallback scope list of: email offline_access openid profile
[Info  - 21:06:47.954] Got 0 sessions for scopes: email offline_access openid profile
[Info  - 21:06:47.954] Getting sessions for the following scopes: email offline_access openid profile
[Trace  - 21:06:47.954] No session found with idtoken scopes... Using fallback scope list of: email offline_access openid profile
[Info  - 21:06:47.954] Got 0 sessions for scopes: email offline_access openid profile
[Info  - 21:06:58.16] Getting sessions for all scopes...
[Info  - 21:06:58.16] Got 0 sessions for all scopes...
[Info  - 21:07:10.471] Getting sessions for all scopes...
[Info  - 21:07:10.471] Got 0 sessions for all scopes...
[Info  - 21:07:18.488] Getting sessions for the following scopes: email offline_access openid profile
[Trace  - 21:07:18.488] No session found with idtoken scopes... Using fallback scope list of: email offline_access openid profile
[Info  - 21:07:18.488] Got 0 sessions for scopes: email offline_access openid profile
