[Info  - 21:06:36.215] Reading sessions from keychain...
[Info  - 21:06:36.497] Getting sessions for all scopes...
[Info  - 21:06:36.498] Got 0 sessions for ...
[Info  - 21:06:36.696] Getting sessions for user:email...
[Info  - 21:06:36.696] Got 0 sessions for user:email...
[Info  - 21:06:36.803] Getting sessions for all scopes...
[Info  - 21:06:36.803] Got 0 sessions for ...
[Info  - 21:06:36.877] Getting sessions for read:user,repo,user:email,workflow...
[Info  - 21:06:36.877] Got 0 sessions for read:user,repo,user:email,workflow...
[Info  - 21:06:37.190] Getting sessions for read:user,repo,user:email...
[Info  - 21:06:37.196] Got 0 sessions for read:user,repo,user:email...
[Info  - 21:06:38.952] Getting sessions for read:user,user:email...
[Info  - 21:06:38.953] Got 0 sessions for read:user,user:email...
[Info  - 21:06:40.962] Getting sessions for all scopes...
[Info  - 21:06:40.963] Got 0 sessions for ...
[Info  - 21:06:41.17] Getting sessions for read:user,repo,user:email...
[Info  - 21:06:41.18] Got 0 sessions for read:user,repo,user:email...
[Info  - 21:06:42.466] Getting sessions for user:email...
[Info  - 21:06:42.466] Got 0 sessions for user:email...
[Info  - 21:06:44.238] Logging in for the following scopes: user:email
[Info  - 21:06:44.257] Trying without local server... (user:email)
[Trace  - 21:06:46.738] Handling Uri...
[Info  - 21:06:46.742] Exchanging code for token...
[Info  - 21:06:47.492] Token exchange success!
[Info  - 21:06:47.493] Getting user info...
[Info  - 21:06:47.870] Got account info!
[Info  - 21:06:47.871] Storing 1 sessions...
[Error  - 21:06:47.938] Setting token failed: Error: GDBus.Error:org.freedesktop.DBus.Error.ServiceUnknown: The name org.freedesktop.secrets was not provided by any .service files
[Info  - 21:06:47.940] Stored 1 sessions!
[Info  - 21:06:47.940] Login success!
[Info  - 21:06:47.960] Getting sessions for user:email...
[Info  - 21:06:47.961] Getting sessions for user:email...
[Info  - 21:06:47.961] Got 1 sessions for user:email...
[Info  - 21:06:47.961] Got 1 sessions for user:email...
[Info  - 21:06:47.966] Getting sessions for read:user,repo,user:email,workflow...
[Info  - 21:06:47.966] Getting sessions for read:user,user:email...
[Info  - 21:06:47.966] Getting sessions for read:user,repo,user:email...
[Info  - 21:06:47.966] Got 0 sessions for read:user,repo,user:email,workflow...
[Info  - 21:06:47.966] Got 0 sessions for read:user,user:email...
[Info  - 21:06:47.966] Got 0 sessions for read:user,repo,user:email...
[Info  - 21:06:47.990] Getting sessions for read:user,repo,user:email...
[Info  - 21:06:47.991] Got 0 sessions for read:user,repo,user:email...
[Info  - 21:06:58.16] Getting sessions for all scopes...
[Info  - 21:06:58.16] Got 1 sessions for ...
[Info  - 21:07:10.471] Getting sessions for all scopes...
[Info  - 21:07:10.471] Got 1 sessions for ...
[Info  - 21:07:13.837] Logging in for the following scopes: read:user repo user:email
[Info  - 21:07:13.842] Trying without local server... (read:user repo user:email)
[Trace  - 21:07:16.424] Handling Uri...
[Info  - 21:07:16.424] Exchanging code for token...
[Info  - 21:07:17.339] Token exchange success!
[Info  - 21:07:17.339] Getting user info...
[Info  - 21:07:18.390] Got account info!
[Info  - 21:07:18.391] Storing 2 sessions...
[Error  - 21:07:18.478] Setting token failed: Error: GDBus.Error:org.freedesktop.DBus.Error.ServiceUnknown: The name org.freedesktop.secrets was not provided by any .service files
[Info  - 21:07:18.480] Stored 2 sessions!
[Info  - 21:07:18.481] Login success!
[Info  - 21:07:18.500] Getting sessions for user:email...
[Info  - 21:07:18.500] Got 1 sessions for user:email...
[Info  - 21:07:18.509] Getting sessions for read:user,repo,user:email,workflow...
[Info  - 21:07:18.509] Getting sessions for read:user,user:email...
[Info  - 21:07:18.509] Getting sessions for read:user,repo,user:email...
[Info  - 21:07:18.509] Got 0 sessions for read:user,repo,user:email,workflow...
[Info  - 21:07:18.510] Got 0 sessions for read:user,user:email...
[Info  - 21:07:18.510] Got 1 sessions for read:user,repo,user:email...
[Info  - 21:07:18.545] Getting sessions for read:user,repo,user:email...
[Info  - 21:07:18.546] Got 1 sessions for read:user,repo,user:email...
