[Info  - 21:08:49.398] Reading sessions from secret storage...
[Info  - 21:08:49.500] Got 0 stored sessions
[Info  - 21:08:49.513] Getting sessions for the following scopes: email offline_access openid profile
[Trace  - 21:08:49.513] No session found with idtoken scopes... Using fallback scope list of: email offline_access openid profile
[Info  - 21:08:49.513] Got 0 sessions for scopes: email offline_access openid profile
[Info  - 04:27:13.955] Getting sessions for all scopes...
[Info  - 04:27:13.955] Got 0 sessions for all scopes...
[Info  - 04:27:13.957] Getting sessions for all scopes...
[Info  - 04:27:13.957] Got 0 sessions for all scopes...
[Info  - 04:27:13.957] Getting sessions for all scopes...
[Info  - 04:27:13.957] Got 0 sessions for all scopes...
[Info  - 04:27:13.958] Getting sessions for all scopes...
[Info  - 04:27:13.958] Got 0 sessions for all scopes...
[Info  - 04:27:17.408] Getting sessions for all scopes...
[Info  - 04:27:17.409] Got 0 sessions for all scopes...
[Info  - 04:27:29.334] Getting sessions for the following scopes: email offline_access openid profile
[Trace  - 04:27:29.335] No session found with idtoken scopes... Using fallback scope list of: email offline_access openid profile
[Info  - 04:27:29.335] Got 0 sessions for scopes: email offline_access openid profile
[Info  - 04:27:29.340] Getting sessions for all scopes...
[Info  - 04:27:29.340] Got 0 sessions for all scopes...
[Info  - 04:27:29.340] Getting sessions for all scopes...
[Info  - 04:27:29.340] Got 0 sessions for all scopes...
[Info  - 04:27:29.341] Getting sessions for all scopes...
[Info  - 04:27:29.341] Got 0 sessions for all scopes...
[Info  - 04:27:29.417] Getting sessions for all scopes...
[Info  - 04:27:29.417] Got 0 sessions for all scopes...
[Info  - 04:27:52.92] Getting sessions for the following scopes: email offline_access openid profile
[Trace  - 04:27:52.92] No session found with idtoken scopes... Using fallback scope list of: email offline_access openid profile
[Info  - 04:27:52.92] Got 0 sessions for scopes: email offline_access openid profile
[Info  - 04:27:52.93] Getting sessions for the following scopes: email offline_access openid profile
[Trace  - 04:27:52.93] No session found with idtoken scopes... Using fallback scope list of: email offline_access openid profile
[Info  - 04:27:52.93] Got 0 sessions for scopes: email offline_access openid profile
[Info  - 04:39:53.458] Getting sessions for all scopes...
[Info  - 04:39:53.458] Got 0 sessions for all scopes...
[Info  - 04:40:15.949] Getting sessions for all scopes...
[Info  - 04:40:15.949] Got 0 sessions for all scopes...
[Info  - 04:40:15.949] Getting sessions for all scopes...
[Info  - 04:40:15.949] Got 0 sessions for all scopes...
[Info  - 04:40:17.572] Getting sessions for all scopes...
[Info  - 04:40:17.572] Got 0 sessions for all scopes...
[Info  - 04:40:36.686] Getting sessions for the following scopes: email offline_access openid profile
[Trace  - 04:40:36.686] No session found with idtoken scopes... Using fallback scope list of: email offline_access openid profile
[Info  - 04:40:36.686] Got 0 sessions for scopes: email offline_access openid profile
[Info  - 04:58:52.26] Getting sessions for all scopes...
[Info  - 04:58:52.26] Got 0 sessions for all scopes...
