[Info  - 21:08:49.401] Reading sessions from keychain...
[Info  - 21:08:49.432] Getting sessions for all scopes...
[Info  - 21:08:49.500] Got 0 sessions for ...
[Info  - 21:08:49.513] Getting sessions for all scopes...
[Info  - 21:08:49.513] Got 0 sessions for ...
[Info  - 21:08:49.554] Getting sessions for user:email...
[Info  - 21:08:49.554] Got 0 sessions for user:email...
[Info  - 21:08:49.733] Getting sessions for read:user,repo,user:email,workflow...
[Info  - 21:08:49.733] Got 0 sessions for read:user,repo,user:email,workflow...
[Info  - 21:08:49.954] Getting sessions for read:user,repo,user:email...
[Info  - 21:08:49.955] Got 0 sessions for read:user,repo,user:email...
[Info  - 21:08:52.27] Getting sessions for read:user,user:email...
[Info  - 21:08:52.27] Got 0 sessions for read:user,user:email...
[Info  - 21:08:54.533] Getting sessions for read:user,repo,user:email...
[Info  - 21:08:54.534] Got 0 sessions for read:user,repo,user:email...
[Info  - 04:27:13.955] Getting sessions for all scopes...
[Info  - 04:27:13.957] Getting sessions for all scopes...
[Info  - 04:27:13.957] Getting sessions for all scopes...
[Info  - 04:27:13.957] Getting sessions for all scopes...
[Info  - 04:27:13.959] Got 0 sessions for ...
[Info  - 04:27:13.960] Got 0 sessions for ...
[Info  - 04:27:13.960] Got 0 sessions for ...
[Info  - 04:27:13.960] Got 0 sessions for ...
[Info  - 04:27:17.408] Getting sessions for all scopes...
[Info  - 04:27:17.409] Got 0 sessions for ...
[Info  - 04:27:29.340] Getting sessions for all scopes...
[Info  - 04:27:29.340] Getting sessions for all scopes...
[Info  - 04:27:29.340] Getting sessions for all scopes...
[Info  - 04:27:29.344] Got 0 sessions for ...
[Info  - 04:27:29.344] Got 0 sessions for ...
[Info  - 04:27:29.344] Got 0 sessions for ...
[Info  - 04:27:29.417] Getting sessions for all scopes...
[Info  - 04:27:29.417] Got 0 sessions for ...
[Info  - 04:27:29.953] Getting sessions for user:email...
[Info  - 04:27:29.953] Got 0 sessions for user:email...
[Info  - 04:27:33.644] Logging in for the following scopes: user:email
[Info  - 04:27:33.679] Trying without local server... (user:email)
[Trace  - 04:27:49.49] Handling Uri...
[Info  - 04:27:49.49] Exchanging code for token...
[Info  - 04:27:51.363] Token exchange success!
[Info  - 04:27:51.364] Getting user info...
[Info  - 04:27:51.984] Got account info!
[Info  - 04:27:51.984] Storing 1 sessions...
[Error  - 04:27:52.75] Setting token failed: Error: GDBus.Error:org.freedesktop.DBus.Error.ServiceUnknown: The name org.freedesktop.secrets was not provided by any .service files
[Info  - 04:27:52.76] Stored 1 sessions!
[Info  - 04:27:52.76] Login success!
[Info  - 04:27:52.98] Getting sessions for user:email...
[Info  - 04:27:52.98] Getting sessions for user:email...
[Info  - 04:27:52.98] Got 1 sessions for user:email...
[Info  - 04:27:52.99] Got 1 sessions for user:email...
[Info  - 04:27:52.104] Getting sessions for read:user,repo,user:email,workflow...
[Info  - 04:27:52.104] Getting sessions for read:user,user:email...
[Info  - 04:27:52.104] Getting sessions for read:user,repo,user:email...
[Info  - 04:27:52.104] Got 0 sessions for read:user,repo,user:email,workflow...
[Info  - 04:27:52.104] Got 0 sessions for read:user,user:email...
[Info  - 04:27:52.104] Got 0 sessions for read:user,repo,user:email...
[Info  - 04:27:52.120] Getting sessions for read:user,repo,user:email...
[Info  - 04:27:52.120] Got 0 sessions for read:user,repo,user:email...
[Info  - 04:39:53.458] Getting sessions for all scopes...
[Info  - 04:39:53.459] Got 1 sessions for ...
[Info  - 04:40:15.938] Getting sessions for all scopes...
[Info  - 04:40:15.949] Getting sessions for all scopes...
[Info  - 04:40:15.950] Got 1 sessions for ...
[Info  - 04:40:15.951] Got 1 sessions for ...
[Info  - 04:40:17.572] Getting sessions for all scopes...
[Info  - 04:40:17.572] Got 1 sessions for ...
[Info  - 04:40:30.590] Logging in for the following scopes: read:user repo user:email
[Info  - 04:40:31.284] Trying without local server... (read:user repo user:email)
[Trace  - 04:40:35.160] Handling Uri...
[Info  - 04:40:35.160] Exchanging code for token...
[Info  - 04:40:35.992] Token exchange success!
[Info  - 04:40:35.993] Getting user info...
[Info  - 04:40:36.605] Got account info!
[Info  - 04:40:36.606] Storing 2 sessions...
[Error  - 04:40:36.667] Setting token failed: Error: GDBus.Error:org.freedesktop.DBus.Error.ServiceUnknown: The name org.freedesktop.secrets was not provided by any .service files
[Info  - 04:40:36.667] Stored 2 sessions!
[Info  - 04:40:36.668] Login success!
[Info  - 04:40:36.692] Getting sessions for user:email...
[Info  - 04:40:36.695] Got 1 sessions for user:email...
[Info  - 04:40:36.699] Getting sessions for read:user,repo,user:email,workflow...
[Info  - 04:40:36.699] Getting sessions for read:user,user:email...
[Info  - 04:40:36.699] Getting sessions for read:user,repo,user:email...
[Info  - 04:40:36.700] Got 0 sessions for read:user,repo,user:email,workflow...
[Info  - 04:40:36.700] Got 0 sessions for read:user,user:email...
[Info  - 04:40:36.700] Got 1 sessions for read:user,repo,user:email...
[Info  - 04:40:36.736] Getting sessions for read:user,repo,user:email...
[Info  - 04:40:36.739] Got 1 sessions for read:user,repo,user:email...
[Info  - 04:58:52.25] Getting sessions for all scopes...
[Info  - 04:58:52.26] Got 2 sessions for ...
