[2022-06-29T05:33:41.222Z] Log level: Info
[2022-06-29T05:33:41.224Z] [info] Validating found git in: git
[2022-06-29T05:33:41.329Z] [info] Using git 2.30.2 from git
[2022-06-29T05:33:41.454Z] > git rev-parse --show-toplevel [61ms]
[2022-06-29T05:33:41.514Z] > git rev-parse --git-dir --git-common-dir [38ms]
[2022-06-29T05:33:41.526Z] [info] Open repository: /home/sunnyhughes
[2022-06-29T05:33:42.371Z] > git status -z -uall [775ms]
[2022-06-29T05:33:42.372Z] > git symbolic-ref --short HEAD [35ms]
[2022-06-29T05:33:42.398Z] > git fetch [835ms]
[2022-06-29T05:33:42.400Z] > git check-ignore -v -z --stdin [32ms]
[2022-06-29T05:33:42.409Z] > git for-each-ref --format=%(refname)%00%(upstream:short)%00%(objectname)%00%(upstream:track)%00%(upstream:remotename)%00%(upstream:remoteref) refs/heads/Main refs/remotes/Main [12ms]
[2022-06-29T05:33:42.458Z] > git for-each-ref --sort -committerdate --format %(refname) %(objectname) %(*objectname) [23ms]
[2022-06-29T05:33:42.460Z] > git remote --verbose [5ms]
[2022-06-29T05:33:51.113Z] > git config --local branch.Main.github-pr-owner-number [169ms]
[2022-06-29T05:33:51.120Z] > git config --get commit.template [269ms]
[2022-06-29T05:33:51.805Z] > git status -z -uall [659ms]
[2022-06-29T05:33:51.817Z] > git symbolic-ref --short HEAD [19ms]
[2022-06-29T05:33:51.881Z] > git for-each-ref --format=%(refname)%00%(upstream:short)%00%(objectname)%00%(upstream:track)%00%(upstream:remotename)%00%(upstream:remoteref) refs/heads/Main refs/remotes/Main [20ms]
[2022-06-29T05:33:52.060Z] > git for-each-ref --sort -committerdate --format %(refname) %(objectname) %(*objectname) [39ms]
[2022-06-29T05:33:52.279Z] > git remote --verbose [226ms]
[2022-06-29T05:34:03.653Z] > git show --textconv :js-demo /index.html [11531ms]
[2022-06-29T05:34:03.653Z] > git ls-files --stage -- /home/sunnyhughes/js-demo /index.html [11505ms]
[2022-06-29T05:34:03.747Z] > git config --get commit.template [177ms]
[2022-06-29T05:34:03.749Z] > git config --global user.email [287ms]
[2022-06-29T05:34:03.791Z] > git config --global user.name [21ms]
[2022-06-29T05:34:04.344Z] > git status -z -uall [522ms]
[2022-06-29T05:34:04.345Z] > git symbolic-ref --short HEAD [5ms]
[2022-06-29T05:34:04.390Z] > git for-each-ref --format=%(refname)%00%(upstream:short)%00%(objectname)%00%(upstream:track)%00%(upstream:remotename)%00%(upstream:remoteref) refs/heads/Main refs/remotes/Main [4ms]
[2022-06-29T05:34:04.439Z] > git for-each-ref --sort -committerdate --format %(refname) %(objectname) %(*objectname) [26ms]
[2022-06-29T05:34:04.455Z] > git remote --verbose [19ms]
[2022-06-29T05:34:16.650Z] > git config --get commit.template [1843ms]
[2022-06-29T05:34:16.688Z] > git show -s --format=%an <%ae> [%ai] f62cee950776fedd2cdba7265ce897191664077d [12ms]
[2022-06-29T05:34:16.720Z] > git show -s --format=%H%n%aN%n%aE%n%at%n%ct%n%P%n%D%n%B -z f62cee950776fedd2cdba7265ce897191664077d [7ms]
[2022-06-29T05:34:16.751Z] > git show -s --format=%an <%ae> [%ai] dac0c282a812b10f17615be055ace656aa87c414 [5ms]
[2022-06-29T05:34:16.783Z] > git show -s --format=%H%n%aN%n%aE%n%at%n%ct%n%P%n%D%n%B -z dac0c282a812b10f17615be055ace656aa87c414 [6ms]
