[Info  - 06:10:49.810] Reading sessions from secret storage...
[Info  - 06:10:50.826] Got 0 stored sessions
[Info  - 06:10:51.376] Getting sessions for the following scopes: email offline_access openid profile
[Trace  - 06:10:51.376] No session found with idtoken scopes... Using fallback scope list of: email offline_access openid profile
[Info  - 06:10:51.376] Got 0 sessions for scopes: email offline_access openid profile
[Info  - 06:11:15.362] Getting sessions for all scopes...
[Info  - 06:11:15.362] Got 0 sessions for all scopes...
[Info  - 06:11:27.285] Getting sessions for the following scopes: email offline_access openid profile
[Trace  - 06:11:27.285] No session found with idtoken scopes... Using fallback scope list of: email offline_access openid profile
[Info  - 06:11:27.285] Got 0 sessions for scopes: email offline_access openid profile
[Info  - 06:11:27.298] Getting sessions for all scopes...
[Info  - 06:11:27.298] Got 0 sessions for all scopes...
[Info  - 06:11:27.299] Getting sessions for all scopes...
[Info  - 06:11:27.299] Got 0 sessions for all scopes...
[Info  - 06:11:28.92] Getting sessions for all scopes...
[Info  - 06:11:28.92] Got 0 sessions for all scopes...
[Info  - 06:11:37.954] Getting sessions for the following scopes: email offline_access openid profile
[Trace  - 06:11:37.954] No session found with idtoken scopes... Using fallback scope list of: email offline_access openid profile
[Info  - 06:11:37.954] Got 0 sessions for scopes: email offline_access openid profile
[Info  - 06:11:37.954] Getting sessions for the following scopes: email offline_access openid profile
[Trace  - 06:11:37.954] No session found with idtoken scopes... Using fallback scope list of: email offline_access openid profile
[Info  - 06:11:37.954] Got 0 sessions for scopes: email offline_access openid profile
