[Info  - 06:10:49.815] Reading sessions from keychain...
[Info  - 06:10:51.936] Getting sessions for user:email...
[Info  - 06:10:51.937] Got 0 sessions for user:email...
[Info  - 06:10:59.566] Getting sessions for read:user,repo,user:email,workflow...
[Info  - 06:10:59.581] Getting sessions for all scopes...
[Info  - 06:10:59.589] Got 0 sessions for read:user,repo,user:email,workflow...
[Info  - 06:10:59.593] Got 0 sessions for ...
[Info  - 06:11:12.188] Getting sessions for read:user,repo,user:email...
[Info  - 06:11:12.196] Got 0 sessions for read:user,repo,user:email...
[Info  - 06:11:12.737] Getting sessions for read:user,user:email...
[Info  - 06:11:12.739] Got 0 sessions for read:user,user:email...
[Info  - 06:11:12.815] Getting sessions for read:user,repo,user:email...
[Info  - 06:11:12.816] Got 0 sessions for read:user,repo,user:email...
[Info  - 06:11:15.362] Getting sessions for all scopes...
[Info  - 06:11:15.362] Got 0 sessions for ...
[Info  - 06:11:27.297] Getting sessions for all scopes...
[Info  - 06:11:27.299] Getting sessions for all scopes...
[Info  - 06:11:27.301] Got 0 sessions for ...
[Info  - 06:11:27.301] Got 0 sessions for ...
[Info  - 06:11:28.91] Getting sessions for user:email...
[Info  - 06:11:28.92] Getting sessions for all scopes...
[Info  - 06:11:28.92] Got 0 sessions for user:email...
[Info  - 06:11:28.92] Got 0 sessions for ...
[Info  - 06:11:32.944] Logging in for the following scopes: user:email
[Info  - 06:11:32.968] Trying without local server... (user:email)
[Trace  - 06:11:36.126] Handling Uri...
[Info  - 06:11:36.128] Exchanging code for token...
[Info  - 06:11:37.244] Token exchange success!
[Info  - 06:11:37.245] Getting user info...
[Info  - 06:11:37.841] Got account info!
[Info  - 06:11:37.841] Storing 1 sessions...
[Error  - 06:11:37.940] Setting token failed: Error: GDBus.Error:org.freedesktop.DBus.Error.ServiceUnknown: The name org.freedesktop.secrets was not provided by any .service files
[Info  - 06:11:37.941] Stored 1 sessions!
[Info  - 06:11:37.942] Login success!
[Info  - 06:11:37.959] Getting sessions for user:email...
[Info  - 06:11:37.959] Getting sessions for user:email...
[Info  - 06:11:37.960] Got 1 sessions for user:email...
[Info  - 06:11:37.960] Got 1 sessions for user:email...
[Info  - 06:11:37.965] Getting sessions for read:user,repo,user:email,workflow...
[Info  - 06:11:37.965] Getting sessions for read:user,user:email...
[Info  - 06:11:37.965] Getting sessions for read:user,repo,user:email...
[Info  - 06:11:37.966] Got 0 sessions for read:user,repo,user:email,workflow...
[Info  - 06:11:37.966] Got 0 sessions for read:user,user:email...
[Info  - 06:11:37.966] Got 0 sessions for read:user,repo,user:email...
[Info  - 06:11:37.987] Getting sessions for read:user,repo,user:email...
[Info  - 06:11:37.987] Got 0 sessions for read:user,repo,user:email...
