[2022-06-29T06:10:50.844Z] Log level: Info
[2022-06-29T06:10:50.846Z] [info] Validating found git in: git
[2022-06-29T06:10:50.926Z] [info] Using git 2.30.2 from git
[2022-06-29T06:10:50.966Z] > git rev-parse --show-toplevel [6ms]
[2022-06-29T06:10:50.985Z] > git rev-parse --git-dir --git-common-dir [4ms]
[2022-06-29T06:10:50.992Z] [info] Open repository: /home/sunnyhughes
[2022-06-29T06:10:51.740Z] > git status -z -uall [712ms]
[2022-06-29T06:10:51.741Z] > git fetch [728ms]
[2022-06-29T06:10:51.766Z] > git symbolic-ref --short HEAD [29ms]
[2022-06-29T06:10:51.978Z] > git for-each-ref --format=%(refname)%00%(upstream:short)%00%(objectname)%00%(upstream:track)%00%(upstream:remotename)%00%(upstream:remoteref) refs/heads/Main refs/remotes/Main [162ms]
[2022-06-29T06:10:52.127Z] > git show --textconv :js-demo/index.html [45ms]
[2022-06-29T06:10:52.143Z] > git for-each-ref --sort -committerdate --format %(refname) %(objectname) %(*objectname) [133ms]
[2022-06-29T06:10:52.162Z] > git ls-files --stage -- /home/sunnyhughes/js-demo/index.html [66ms]
[2022-06-29T06:10:52.166Z] > git remote --verbose [141ms]
[2022-06-29T06:10:59.825Z] > git check-ignore -v -z --stdin [7182ms]
[2022-06-29T06:10:59.829Z] > git config --get commit.template [266ms]
[2022-06-29T06:11:00.450Z] > git status -z -uall [602ms]
[2022-06-29T06:11:00.460Z] > git symbolic-ref --short HEAD [12ms]
[2022-06-29T06:11:00.488Z] > git for-each-ref --format=%(refname)%00%(upstream:short)%00%(objectname)%00%(upstream:track)%00%(upstream:remotename)%00%(upstream:remoteref) refs/heads/Main refs/remotes/Main [5ms]
[2022-06-29T06:11:00.539Z] > git for-each-ref --sort -committerdate --format %(refname) %(objectname) %(*objectname) [24ms]
[2022-06-29T06:11:00.543Z] > git remote --verbose [7ms]
[2022-06-29T06:11:11.623Z] > git config --get commit.template [465ms]
[2022-06-29T06:11:12.373Z] > git config --local branch.Main.github-pr-owner-number [10ms]
[2022-06-29T06:11:12.793Z] > git config --global user.email [32ms]
[2022-06-29T06:11:15.057Z] > git config --global user.name [2244ms]
[2022-06-29T06:11:15.666Z] > git status -z -uall [580ms]
[2022-06-29T06:11:15.667Z] > git symbolic-ref --short HEAD [3ms]
[2022-06-29T06:11:15.696Z] > git for-each-ref --format=%(refname)%00%(upstream:short)%00%(objectname)%00%(upstream:track)%00%(upstream:remotename)%00%(upstream:remoteref) refs/heads/Main refs/remotes/Main [4ms]
[2022-06-29T06:11:15.745Z] > git for-each-ref --sort -committerdate --format %(refname) %(objectname) %(*objectname) [22ms]
[2022-06-29T06:11:15.746Z] > git remote --verbose [3ms]
[2022-06-29T06:11:27.469Z] > git config --get commit.template [201ms]
[2022-06-29T06:11:27.523Z] > git show -s --format=%an <%ae> [%ai] f62cee950776fedd2cdba7265ce897191664077d [27ms]
[2022-06-29T06:11:27.581Z] > git show -s --format=%H%n%aN%n%aE%n%at%n%ct%n%P%n%D%n%B -z f62cee950776fedd2cdba7265ce897191664077d [30ms]
[2022-06-29T06:11:27.614Z] > git show -s --format=%an <%ae> [%ai] dac0c282a812b10f17615be055ace656aa87c414 [5ms]
[2022-06-29T06:11:27.643Z] > git show -s --format=%H%n%aN%n%aE%n%at%n%ct%n%P%n%D%n%B -z dac0c282a812b10f17615be055ace656aa87c414 [4ms]
[2022-06-29T06:11:38.056Z] > git config --local branch.Main.github-pr-owner-number [5ms]
[2022-06-29T06:14:12.487Z] > git fetch [841ms]
[2022-06-29T06:14:12.963Z] > git status -z -uall [457ms]
[2022-06-29T06:14:12.964Z] > git symbolic-ref --short HEAD [29ms]
[2022-06-29T06:14:12.986Z] > git ls-files --stage -- /home/sunnyhughes/js-demo/index.html [25ms]
[2022-06-29T06:14:12.988Z] > git for-each-ref --format=%(refname)%00%(upstream:short)%00%(objectname)%00%(upstream:track)%00%(upstream:remotename)%00%(upstream:remoteref) refs/heads/Main refs/remotes/Main [4ms]
[2022-06-29T06:14:13.034Z] > git for-each-ref --sort -committerdate --format %(refname) %(objectname) %(*objectname) [25ms]
[2022-06-29T06:14:13.036Z] > git remote --verbose [3ms]
[2022-06-29T06:14:23.117Z] > git show --textconv :js-demo/index.html [61ms]
[2022-06-29T06:14:23.118Z] > git config --get commit.template [30ms]
[2022-06-29T06:17:24.459Z] > git ls-files --stage -- /home/sunnyhughes/js-demo/index.html [26ms]
[2022-06-29T06:17:24.557Z] > git show --textconv :js-demo/index.html [21ms]
[2022-06-29T06:17:24.818Z] > git fetch [1655ms]
[2022-06-29T06:17:25.618Z] > git status -z -uall [707ms]
[2022-06-29T06:17:25.619Z] > git symbolic-ref --short HEAD [6ms]
[2022-06-29T06:17:25.680Z] > git for-each-ref --format=%(refname)%00%(upstream:short)%00%(objectname)%00%(upstream:track)%00%(upstream:remotename)%00%(upstream:remoteref) refs/heads/Main refs/remotes/Main [27ms]
[2022-06-29T06:17:25.808Z] > git for-each-ref --sort -committerdate --format %(refname) %(objectname) %(*objectname) [55ms]
[2022-06-29T06:17:25.820Z] > git remote --verbose [23ms]
[2022-06-29T06:17:37.135Z] > git config --get commit.template [159ms]
[2022-06-29T06:20:38.450Z] > git ls-files --stage -- /home/sunnyhughes/js-demo/index.html [9ms]
[2022-06-29T06:20:38.485Z] > git show --textconv :js-demo/index.html [7ms]
[2022-06-29T06:20:38.538Z] > git fetch [1378ms]
[2022-06-29T06:20:38.979Z] > git status -z -uall [420ms]
[2022-06-29T06:20:38.980Z] > git symbolic-ref --short HEAD [7ms]
[2022-06-29T06:20:39.004Z] > git for-each-ref --format=%(refname)%00%(upstream:short)%00%(objectname)%00%(upstream:track)%00%(upstream:remotename)%00%(upstream:remoteref) refs/heads/Main refs/remotes/Main [3ms]
[2022-06-29T06:20:39.047Z] > git remote --verbose [3ms]
[2022-06-29T06:20:39.048Z] > git for-each-ref --sort -committerdate --format %(refname) %(objectname) %(*objectname) [23ms]
[2022-06-29T06:20:49.495Z] > git config --get commit.template [45ms]
[2022-06-29T06:23:08.521Z] > git check-ignore -v -z --stdin [45ms]
[2022-06-29T06:23:13.342Z] > git show --textconv :js-demo/home.js [196ms]
[2022-06-29T06:23:13.350Z] > git ls-files --stage -- /home/sunnyhughes/js-demo/home.js [89ms]
[2022-06-29T06:23:18.406Z] > git show --textconv :js-demo/utils.js [59ms]
[2022-06-29T06:23:18.426Z] > git ls-files --stage -- /home/sunnyhughes/js-demo/utils.js [25ms]
[2022-06-29T06:23:24.586Z] > git check-ignore -v -z --stdin [16ms]
[2022-06-29T06:23:27.344Z] > git show --textconv :js-demo/index.html [34ms]
[2022-06-29T06:23:27.350Z] > git ls-files --stage -- /home/sunnyhughes/js-demo/index.html [8ms]
[2022-06-29T06:28:29.585Z] > git fetch [894ms]
[2022-06-29T06:28:29.960Z] > git ls-files --stage -- /home/sunnyhughes/js-demo/index.html [41ms]
[2022-06-29T06:28:30.019Z] > git show --textconv :js-demo/index.html [14ms]
[2022-06-29T06:28:30.137Z] > git status -z -uall [532ms]
[2022-06-29T06:28:30.138Z] > git symbolic-ref --short HEAD [5ms]
[2022-06-29T06:28:30.169Z] > git for-each-ref --format=%(refname)%00%(upstream:short)%00%(objectname)%00%(upstream:track)%00%(upstream:remotename)%00%(upstream:remoteref) refs/heads/Main refs/remotes/Main [2ms]
[2022-06-29T06:28:30.215Z] > git remote --verbose [3ms]
[2022-06-29T06:28:30.217Z] > git for-each-ref --sort -committerdate --format %(refname) %(objectname) %(*objectname) [25ms]
[2022-06-29T06:28:40.832Z] > git config --get commit.template [140ms]
