[2022-06-24T04:34:16.704Z] Log level: Info
[2022-06-24T04:34:16.707Z] [info] Validating found git in: git
[2022-06-24T04:34:17.234Z] [info] Using git 2.30.2 from git
[2022-06-24T04:34:17.664Z] > git rev-parse --show-toplevel [274ms]
[2022-06-24T04:34:17.664Z] fatal: not a git repository (or any parent up to mount point /mnt)
Stopping at filesystem boundary (GIT_DISCOVERY_ACROSS_FILESYSTEM not set).
[2022-06-24T04:34:17.925Z] > git rev-parse --show-toplevel [215ms]
[2022-06-24T04:34:17.925Z] fatal: not a git repository (or any parent up to mount point /mnt)
Stopping at filesystem boundary (GIT_DISCOVERY_ACROSS_FILESYSTEM not set).
[2022-06-24T04:34:18.329Z] > git rev-parse --show-toplevel [271ms]
[2022-06-24T04:34:18.329Z] fatal: not a git repository (or any parent up to mount point /mnt)
Stopping at filesystem boundary (GIT_DISCOVERY_ACROSS_FILESYSTEM not set).
[2022-06-24T04:34:18.399Z] > git rev-parse --show-toplevel [37ms]
[2022-06-24T04:34:18.399Z] fatal: not a git repository (or any parent up to mount point /mnt)
Stopping at filesystem boundary (GIT_DISCOVERY_ACROSS_FILESYSTEM not set).
[2022-06-24T04:34:18.467Z] > git rev-parse --show-toplevel [33ms]
[2022-06-24T04:34:18.468Z] fatal: not a git repository (or any parent up to mount point /mnt)
Stopping at filesystem boundary (GIT_DISCOVERY_ACROSS_FILESYSTEM not set).
[2022-06-24T04:34:18.844Z] > git rev-parse --show-toplevel [340ms]
[2022-06-24T04:34:18.844Z] fatal: not a git repository (or any parent up to mount point /mnt)
Stopping at filesystem boundary (GIT_DISCOVERY_ACROSS_FILESYSTEM not set).
[2022-06-24T04:34:29.318Z] > git rev-parse --show-toplevel [6811ms]
[2022-06-24T04:34:29.318Z] fatal: not a git repository (or any parent up to mount point /mnt)
Stopping at filesystem boundary (GIT_DISCOVERY_ACROSS_FILESYSTEM not set).
[2022-06-24T04:34:33.973Z] > git rev-parse --show-toplevel [99ms]
[2022-06-24T04:34:33.973Z] fatal: not a git repository (or any parent up to mount point /mnt)
Stopping at filesystem boundary (GIT_DISCOVERY_ACROSS_FILESYSTEM not set).
[2022-06-24T04:35:01.597Z] > git rev-parse --show-toplevel [11ms]
[2022-06-24T04:35:01.597Z] fatal: not a git repository (or any parent up to mount point /mnt)
Stopping at filesystem boundary (GIT_DISCOVERY_ACROSS_FILESYSTEM not set).
