[2022-06-23 16:43:42.382] [settingssync] [info] Using settings sync service https://vscode-sync.trafficmanager.net/
[2022-06-23 16:43:42.382] [settingssync] [info] Auto Sync is enabled.
[2022-06-23 16:43:42.382] [settingssync] [info] Auto Sync: Suspended until auth token is available.
[2022-06-23 16:45:17.654] [settingssync] [info] Auto Sync: Started
[2022-06-23 16:45:17.656] [settingssync] [info] Auto Sync: Triggered by Interval
[2022-06-23 16:45:19.237] [settingssync] [info] Settings: Updated remote settings
[2022-06-23 16:45:19.274] [settingssync] [info] Settings: Updated last synchronized settings
[2022-06-23 16:45:19.312] [settingssync] [info] Keybindings: No changes found during synchronizing keybindings.
[2022-06-23 16:45:19.331] [settingssync] [info] Snippets: No changes found during synchronizing snippets.
[2022-06-23 16:45:19.350] [settingssync] [info] Tasks: No changes found during synchronizing tasks.
[2022-06-23 16:45:19.741] [settingssync] [info] GlobalState: Updated remote ui state
[2022-06-23 16:45:19.753] [settingssync] [info] GlobalState: Updated last synchronized ui state
[2022-06-23 16:45:20.025] [settingssync] [info] Extensions: No changes found during synchronizing extensions.
[2022-06-23 16:45:20.029] [settingssync] [info] Sync done. Took 1151ms
[2022-06-23 16:45:36.179] [settingssync] [info] Auto Sync: Triggered by Activity
[2022-06-23 16:45:36.659] [settingssync] [info] Settings: No changes found during synchronizing settings.
[2022-06-23 16:45:36.674] [settingssync] [info] Keybindings: No changes found during synchronizing keybindings.
[2022-06-23 16:45:36.690] [settingssync] [info] Snippets: No changes found during synchronizing snippets.
[2022-06-23 16:45:36.703] [settingssync] [info] Tasks: No changes found during synchronizing tasks.
[2022-06-23 16:45:36.722] [settingssync] [info] GlobalState: No changes found during synchronizing ui state.
[2022-06-23 16:45:37.046] [settingssync] [info] Extensions: No changes found during synchronizing extensions.
[2022-06-23 16:45:37.054] [settingssync] [info] Sync done. Took 409ms
