[2022-06-29T05:31:58.042Z] Log level: Info
[2022-06-29T05:31:58.044Z] [info] Validating found git in: git
[2022-06-29T05:31:58.170Z] [info] Using git 2.30.2 from git
[2022-06-29T05:32:26.071Z] > git rev-parse --show-toplevel [21ms]
[2022-06-29T05:32:26.197Z] > git rev-parse --git-dir --git-common-dir [79ms]
[2022-06-29T05:32:26.225Z] [info] Open repository: /home/sunnyhughes
[2022-06-29T05:32:26.438Z] > git config --global user.email [181ms]
[2022-06-29T05:32:26.544Z] > git config --global user.name [46ms]
[2022-06-29T05:32:27.049Z] > git status -z -uall [738ms]
[2022-06-29T05:32:27.057Z] > git fetch [771ms]
[2022-06-29T05:32:27.057Z] > git symbolic-ref --short HEAD [14ms]
[2022-06-29T05:32:27.098Z] > git for-each-ref --format=%(refname)%00%(upstream:short)%00%(objectname)%00%(upstream:track)%00%(upstream:remotename)%00%(upstream:remoteref) refs/heads/Main refs/remotes/Main [11ms]
[2022-06-29T05:32:27.273Z] > git show --textconv :js-demo /index.html [52ms]
[2022-06-29T05:32:27.274Z] > git for-each-ref --sort -committerdate --format %(refname) %(objectname) %(*objectname) [150ms]
[2022-06-29T05:32:27.308Z] > git remote --verbose [144ms]
[2022-06-29T05:32:36.280Z] > git check-ignore -v -z --stdin [8461ms]
[2022-06-29T05:32:36.339Z] > git ls-files --stage -- /home/sunnyhughes/js-demo /index.html [9074ms]
[2022-06-29T05:32:36.443Z] > git config --get commit.template [179ms]
[2022-06-29T05:32:36.483Z] > git config --local branch.Main.github-pr-owner-number [257ms]
[2022-06-29T05:32:36.960Z] > git status -z -uall [483ms]
[2022-06-29T05:32:36.966Z] > git symbolic-ref --short HEAD [10ms]
[2022-06-29T05:32:37.073Z] > git for-each-ref --format=%(refname)%00%(upstream:short)%00%(objectname)%00%(upstream:track)%00%(upstream:remotename)%00%(upstream:remoteref) refs/heads/Main refs/remotes/Main [14ms]
[2022-06-29T05:32:37.154Z] > git remote --verbose [21ms]
[2022-06-29T05:32:37.156Z] > git for-each-ref --sort -committerdate --format %(refname) %(objectname) %(*objectname) [58ms]
[2022-06-29T05:32:49.307Z] > git config --get commit.template [203ms]
[2022-06-29T05:32:49.751Z] > git status -z -uall [415ms]
[2022-06-29T05:32:49.752Z] > git symbolic-ref --short HEAD [4ms]
[2022-06-29T05:32:49.785Z] > git for-each-ref --format=%(refname)%00%(upstream:short)%00%(objectname)%00%(upstream:track)%00%(upstream:remotename)%00%(upstream:remoteref) refs/heads/Main refs/remotes/Main [7ms]
[2022-06-29T05:32:49.909Z] > git remote --verbose [37ms]
[2022-06-29T05:32:49.911Z] > git for-each-ref --sort -committerdate --format %(refname) %(objectname) %(*objectname) [75ms]
[2022-06-29T05:33:02.151Z] > git check-ignore -v -z --stdin [12245ms]
[2022-06-29T05:33:02.182Z] > git config --get commit.template [67ms]
[2022-06-29T05:33:02.218Z] > git show -s --format=%an <%ae> [%ai] f62cee950776fedd2cdba7265ce897191664077d [5ms]
[2022-06-29T05:33:02.257Z] > git show -s --format=%H%n%aN%n%aE%n%at%n%ct%n%P%n%D%n%B -z f62cee950776fedd2cdba7265ce897191664077d [6ms]
[2022-06-29T05:33:02.304Z] > git show -s --format=%an <%ae> [%ai] dac0c282a812b10f17615be055ace656aa87c414 [2ms]
[2022-06-29T05:33:02.341Z] > git show -s --format=%H%n%aN%n%aE%n%at%n%ct%n%P%n%D%n%B -z dac0c282a812b10f17615be055ace656aa87c414 [4ms]
