[Info  - 06:30:50.431] Reading sessions from secret storage...
[Info  - 06:30:51.450] Got 0 stored sessions
[Info  - 06:30:51.838] Getting sessions for the following scopes: email offline_access openid profile
[Trace  - 06:30:51.838] No session found with idtoken scopes... Using fallback scope list of: email offline_access openid profile
[Info  - 06:30:51.838] Got 0 sessions for scopes: email offline_access openid profile
[Info  - 07:28:40.444] Getting sessions for all scopes...
[Info  - 07:28:40.444] Got 0 sessions for all scopes...
[Info  - 07:28:40.445] Getting sessions for all scopes...
[Info  - 07:28:40.445] Got 0 sessions for all scopes...
[Info  - 07:28:40.446] Getting sessions for all scopes...
[Info  - 07:28:40.446] Got 0 sessions for all scopes...
[Info  - 07:28:40.446] Getting sessions for all scopes...
[Info  - 07:28:40.446] Got 0 sessions for all scopes...
[Info  - 07:28:43.45] Getting sessions for all scopes...
[Info  - 07:28:43.45] Got 0 sessions for all scopes...
[Info  - 07:28:51.553] Getting sessions for the following scopes: email offline_access openid profile
[Trace  - 07:28:51.553] No session found with idtoken scopes... Using fallback scope list of: email offline_access openid profile
[Info  - 07:28:51.553] Got 0 sessions for scopes: email offline_access openid profile
[Info  - 07:52:13.617] Getting sessions for all scopes...
[Info  - 07:52:13.617] Got 0 sessions for all scopes...
