[Info  - 06:30:50.437] Reading sessions from keychain...
[Info  - 06:30:52.451] Getting sessions for user:email...
[Info  - 06:30:52.457] Got 0 sessions for user:email...
[Info  - 06:30:52.845] Getting sessions for all scopes...
[Info  - 06:30:52.846] Got 0 sessions for ...
[Info  - 06:30:52.851] Getting sessions for read:user,repo,user:email,workflow...
[Info  - 06:30:52.851] Got 0 sessions for read:user,repo,user:email,workflow...
[Info  - 06:31:01.300] Getting sessions for read:user,repo,user:email...
[Info  - 06:31:01.301] Got 0 sessions for read:user,repo,user:email...
[Info  - 06:31:15.246] Getting sessions for read:user,user:email...
[Info  - 06:31:15.248] Got 0 sessions for read:user,user:email...
[Info  - 06:31:15.390] Getting sessions for read:user,repo,user:email...
[Info  - 06:31:15.401] Got 0 sessions for read:user,repo,user:email...
[Info  - 07:28:40.444] Getting sessions for all scopes...
[Info  - 07:28:40.445] Getting sessions for all scopes...
[Info  - 07:28:40.445] Getting sessions for all scopes...
[Info  - 07:28:40.446] Getting sessions for all scopes...
[Info  - 07:28:40.448] Got 0 sessions for ...
[Info  - 07:28:40.448] Got 0 sessions for ...
[Info  - 07:28:40.449] Got 0 sessions for ...
[Info  - 07:28:40.449] Got 0 sessions for ...
[Info  - 07:28:43.45] Getting sessions for all scopes...
[Info  - 07:28:43.45] Got 0 sessions for ...
[Info  - 07:28:45.882] Logging in for the following scopes: read:user repo user:email
[Info  - 07:28:45.916] Trying without local server... (read:user repo user:email)
[Trace  - 07:28:49.780] Handling Uri...
[Info  - 07:28:49.782] Exchanging code for token...
[Info  - 07:28:50.892] Token exchange success!
[Info  - 07:28:50.893] Getting user info...
[Info  - 07:28:51.403] Got account info!
[Info  - 07:28:51.403] Storing 1 sessions...
[Error  - 07:28:51.524] Setting token failed: Error: GDBus.Error:org.freedesktop.DBus.Error.ServiceUnknown: The name org.freedesktop.secrets was not provided by any .service files
[Info  - 07:28:51.524] Stored 1 sessions!
[Info  - 07:28:51.524] Login success!
[Info  - 07:28:51.566] Getting sessions for user:email...
[Info  - 07:28:51.566] Got 0 sessions for user:email...
[Info  - 07:28:51.574] Getting sessions for read:user,repo,user:email,workflow...
[Info  - 07:28:51.574] Getting sessions for read:user,user:email...
[Info  - 07:28:51.575] Getting sessions for read:user,repo,user:email...
[Info  - 07:28:51.575] Got 0 sessions for read:user,repo,user:email,workflow...
[Info  - 07:28:51.575] Got 0 sessions for read:user,user:email...
[Info  - 07:28:51.575] Got 1 sessions for read:user,repo,user:email...
[Info  - 07:28:51.608] Getting sessions for read:user,repo,user:email...
[Info  - 07:28:51.609] Got 1 sessions for read:user,repo,user:email...
