[2022-06-29T06:30:51.453Z] Log level: Info
[2022-06-29T06:30:51.465Z] [info] Validating found git in: git
[2022-06-29T06:30:51.570Z] [info] Using git 2.30.2 from git
[2022-06-29T06:30:51.635Z] > git rev-parse --show-toplevel [19ms]
[2022-06-29T06:30:51.666Z] > git rev-parse --git-dir --git-common-dir [8ms]
[2022-06-29T06:30:51.678Z] [info] Open repository: /home/sunnyhughes
[2022-06-29T06:30:52.525Z] > git status -z -uall [804ms]
[2022-06-29T06:30:52.526Z] > git fetch [824ms]
[2022-06-29T06:30:52.560Z] > git symbolic-ref --short HEAD [38ms]
[2022-06-29T06:30:52.803Z] > git check-ignore -v -z --stdin [92ms]
[2022-06-29T06:30:52.805Z] > git for-each-ref --format=%(refname)%00%(upstream:short)%00%(objectname)%00%(upstream:track)%00%(upstream:remotename)%00%(upstream:remoteref) refs/heads/Main refs/remotes/Main [220ms]
[2022-06-29T06:30:52.849Z] > git for-each-ref --sort -committerdate --format %(refname) %(objectname) %(*objectname) [26ms]
[2022-06-29T06:30:52.853Z] > git remote --verbose [12ms]
[2022-06-29T06:30:59.996Z] > git config --get commit.template [131ms]
[2022-06-29T06:31:01.276Z] > git status -z -uall [1253ms]
[2022-06-29T06:31:01.336Z] > git symbolic-ref --short HEAD [609ms]
[2022-06-29T06:31:01.405Z] > git for-each-ref --format=%(refname)%00%(upstream:short)%00%(objectname)%00%(upstream:track)%00%(upstream:remotename)%00%(upstream:remoteref) refs/heads/Main refs/remotes/Main [40ms]
[2022-06-29T06:31:01.497Z] > git for-each-ref --sort -committerdate --format %(refname) %(objectname) %(*objectname) [57ms]
[2022-06-29T06:31:01.500Z] > git remote --verbose [34ms]
[2022-06-29T06:31:14.007Z] > git config --local branch.Main.github-pr-owner-number [92ms]
[2022-06-29T06:31:14.055Z] > git config --get commit.template [253ms]
[2022-06-29T06:31:15.301Z] > git config --global user.email [17ms]
[2022-06-29T06:31:15.344Z] > git config --global user.name [6ms]
[2022-06-29T06:31:17.763Z] > git status -z -uall [2388ms]
[2022-06-29T06:31:17.765Z] > git symbolic-ref --short HEAD [16ms]
[2022-06-29T06:31:17.807Z] > git for-each-ref --format=%(refname)%00%(upstream:short)%00%(objectname)%00%(upstream:track)%00%(upstream:remotename)%00%(upstream:remoteref) refs/heads/Main refs/remotes/Main [14ms]
[2022-06-29T06:31:17.861Z] > git for-each-ref --sort -committerdate --format %(refname) %(objectname) %(*objectname) [26ms]
[2022-06-29T06:31:17.863Z] > git remote --verbose [7ms]
[2022-06-29T06:31:29.458Z] > git config --get commit.template [39ms]
[2022-06-29T06:31:29.517Z] > git show -s --format=%an <%ae> [%ai] f62cee950776fedd2cdba7265ce897191664077d [30ms]
[2022-06-29T06:31:29.556Z] > git show -s --format=%H%n%aN%n%aE%n%at%n%ct%n%P%n%D%n%B -z f62cee950776fedd2cdba7265ce897191664077d [11ms]
[2022-06-29T06:31:29.592Z] > git show -s --format=%an <%ae> [%ai] dac0c282a812b10f17615be055ace656aa87c414 [7ms]
[2022-06-29T06:31:29.626Z] > git show -s --format=%H%n%aN%n%aE%n%at%n%ct%n%P%n%D%n%B -z dac0c282a812b10f17615be055ace656aa87c414 [5ms]
[2022-06-29T06:35:49.614Z] > git fetch [720ms]
[2022-06-29T06:35:50.254Z] > git status -z -uall [606ms]
[2022-06-29T06:35:50.255Z] > git symbolic-ref --short HEAD [12ms]
[2022-06-29T06:35:50.298Z] > git for-each-ref --format=%(refname)%00%(upstream:short)%00%(objectname)%00%(upstream:track)%00%(upstream:remotename)%00%(upstream:remoteref) refs/heads/Main refs/remotes/Main [5ms]
[2022-06-29T06:35:50.357Z] > git for-each-ref --sort -committerdate --format %(refname) %(objectname) %(*objectname) [30ms]
[2022-06-29T06:35:50.371Z] > git remote --verbose [17ms]
[2022-06-29T06:36:03.618Z] > git config --get commit.template [116ms]
[2022-06-29T06:36:04.223Z] > git show --textconv :js-demo/index.html [86ms]
[2022-06-29T06:36:04.223Z] > git ls-files --stage -- /home/sunnyhughes/js-demo/index.html [60ms]
[2022-06-29T06:41:13.808Z] > git fetch [650ms]
[2022-06-29T06:41:14.504Z] > git ls-files --stage -- /home/sunnyhughes/js-demo/index.html [35ms]
[2022-06-29T06:41:14.591Z] > git status -z -uall [736ms]
[2022-06-29T06:41:14.592Z] > git symbolic-ref --short HEAD [37ms]
[2022-06-29T06:41:14.622Z] > git show --textconv :js-demo/index.html [32ms]
[2022-06-29T06:41:14.623Z] > git for-each-ref --format=%(refname)%00%(upstream:short)%00%(objectname)%00%(upstream:track)%00%(upstream:remotename)%00%(upstream:remoteref) refs/heads/Main refs/remotes/Main [4ms]
[2022-06-29T06:41:14.676Z] > git remote --verbose [4ms]
[2022-06-29T06:41:14.677Z] > git for-each-ref --sort -committerdate --format %(refname) %(objectname) %(*objectname) [28ms]
[2022-06-29T06:41:26.589Z] > git config --get commit.template [145ms]
[2022-06-29T06:44:27.342Z] > git fetch [726ms]
[2022-06-29T06:44:27.773Z] > git status -z -uall [409ms]
[2022-06-29T06:44:27.774Z] > git symbolic-ref --short HEAD [5ms]
[2022-06-29T06:44:27.799Z] > git for-each-ref --format=%(refname)%00%(upstream:short)%00%(objectname)%00%(upstream:track)%00%(upstream:remotename)%00%(upstream:remoteref) refs/heads/Main refs/remotes/Main [3ms]
[2022-06-29T06:44:27.872Z] > git remote --verbose [27ms]
[2022-06-29T06:44:27.873Z] > git for-each-ref --sort -committerdate --format %(refname) %(objectname) %(*objectname) [52ms]
[2022-06-29T06:44:37.932Z] > git ls-files --stage -- /home/sunnyhughes/js-demo/index.html [10062ms]
[2022-06-29T06:44:37.966Z] > git config --get commit.template [38ms]
[2022-06-29T06:44:38.473Z] > git show --textconv :js-demo/index.html [8ms]
[2022-06-29T06:48:43.353Z] > git fetch [555ms]
[2022-06-29T06:48:44.006Z] > git status -z -uall [608ms]
[2022-06-29T06:48:44.007Z] > git symbolic-ref --short HEAD [7ms]
[2022-06-29T06:48:44.058Z] > git for-each-ref --format=%(refname)%00%(upstream:short)%00%(objectname)%00%(upstream:track)%00%(upstream:remotename)%00%(upstream:remoteref) refs/heads/Main refs/remotes/Main [26ms]
[2022-06-29T06:48:44.127Z] > git remote --verbose [9ms]
[2022-06-29T06:48:44.128Z] > git for-each-ref --sort -committerdate --format %(refname) %(objectname) %(*objectname) [39ms]
[2022-06-29T06:48:44.344Z] > git ls-files --stage -- /home/sunnyhughes/js-demo/index.html [288ms]
[2022-06-29T06:48:54.793Z] > git show --textconv :js-demo/index.html [74ms]
[2022-06-29T06:48:54.794Z] > git config --get commit.template [36ms]
[2022-06-29T06:51:55.449Z] > git fetch [622ms]
[2022-06-29T06:51:55.941Z] > git status -z -uall [465ms]
[2022-06-29T06:51:55.942Z] > git symbolic-ref --short HEAD [5ms]
[2022-06-29T06:51:55.974Z] > git for-each-ref --format=%(refname)%00%(upstream:short)%00%(objectname)%00%(upstream:track)%00%(upstream:remotename)%00%(upstream:remoteref) refs/heads/Main refs/remotes/Main [3ms]
[2022-06-29T06:51:56.038Z] > git remote --verbose [7ms]
[2022-06-29T06:51:56.040Z] > git for-each-ref --sort -committerdate --format %(refname) %(objectname) %(*objectname) [35ms]
[2022-06-29T06:52:07.266Z] > git config --get commit.template [50ms]
[2022-06-29T06:52:07.276Z] > git ls-files --stage -- /home/sunnyhughes/js-demo/index.html [100ms]
[2022-06-29T06:52:08.011Z] > git show --textconv :js-demo/index.html [15ms]
[2022-06-29T06:56:19.242Z] > git fetch [941ms]
[2022-06-29T06:56:19.590Z] > git ls-files --stage -- /home/sunnyhughes/js-demo/index.html [12ms]
[2022-06-29T06:56:19.638Z] > git show --textconv :js-demo/index.html [15ms]
[2022-06-29T06:56:19.829Z] > git status -z -uall [543ms]
[2022-06-29T06:56:19.830Z] > git symbolic-ref --short HEAD [11ms]
[2022-06-29T06:56:19.858Z] > git for-each-ref --format=%(refname)%00%(upstream:short)%00%(objectname)%00%(upstream:track)%00%(upstream:remotename)%00%(upstream:remoteref) refs/heads/Main refs/remotes/Main [4ms]
[2022-06-29T06:56:19.914Z] > git remote --verbose [3ms]
[2022-06-29T06:56:19.915Z] > git for-each-ref --sort -committerdate --format %(refname) %(objectname) %(*objectname) [31ms]
[2022-06-29T06:56:30.947Z] > git config --get commit.template [45ms]
[2022-06-29T06:58:02.383Z] > git show --textconv :js-demo/home.js [119ms]
[2022-06-29T06:58:02.401Z] > git ls-files --stage -- /home/sunnyhughes/js-demo/home.js [68ms]
[2022-06-29T06:58:22.144Z] > git show --textconv :js-demo/index.html [33ms]
[2022-06-29T06:58:22.151Z] > git ls-files --stage -- /home/sunnyhughes/js-demo/index.html [8ms]
[2022-06-29T06:58:31.443Z] > git show --textconv :js-demo/home.js [49ms]
[2022-06-29T06:58:31.445Z] > git ls-files --stage -- /home/sunnyhughes/js-demo/home.js [13ms]
[2022-06-29T06:59:03.949Z] > git show --textconv :js-demo/index.html [24ms]
[2022-06-29T06:59:03.957Z] > git ls-files --stage -- /home/sunnyhughes/js-demo/index.html [10ms]
[2022-06-29T06:59:29.067Z] > git show --textconv :js-demo/home.js [36ms]
[2022-06-29T06:59:29.075Z] > git ls-files --stage -- /home/sunnyhughes/js-demo/home.js [10ms]
[2022-06-29T07:00:49.417Z] > git show --textconv :js-demo/utils.js [39ms]
[2022-06-29T07:00:49.421Z] > git ls-files --stage -- /home/sunnyhughes/js-demo/utils.js [9ms]
[2022-06-29T07:00:49.523Z] > git fetch [753ms]
[2022-06-29T07:00:50.116Z] > git ls-files --stage -- /home/sunnyhughes/js-demo/utils.js [29ms]
[2022-06-29T07:00:50.233Z] > git status -z -uall [663ms]
[2022-06-29T07:00:50.233Z] > git symbolic-ref --short HEAD [46ms]
[2022-06-29T07:00:50.275Z] > git show --textconv :js-demo/utils.js [53ms]
[2022-06-29T07:00:50.281Z] > git for-each-ref --format=%(refname)%00%(upstream:short)%00%(objectname)%00%(upstream:track)%00%(upstream:remotename)%00%(upstream:remoteref) refs/heads/Main refs/remotes/Main [9ms]
[2022-06-29T07:00:50.381Z] > git remote --verbose [7ms]
[2022-06-29T07:00:50.382Z] > git for-each-ref --sort -committerdate --format %(refname) %(objectname) %(*objectname) [59ms]
[2022-06-29T07:01:02.255Z] > git config --get commit.template [148ms]
[2022-06-29T07:02:19.518Z] > git show --textconv :js-demo/index.html [39ms]
[2022-06-29T07:02:19.522Z] > git ls-files --stage -- /home/sunnyhughes/js-demo/index.html [9ms]
[2022-06-29T07:02:40.166Z] > git show --textconv :js-demo/home.js [35ms]
[2022-06-29T07:02:40.172Z] > git ls-files --stage -- /home/sunnyhughes/js-demo/home.js [12ms]
[2022-06-29T07:02:46.919Z] > git show --textconv :js-demo/index.html [25ms]
[2022-06-29T07:02:46.925Z] > git ls-files --stage -- /home/sunnyhughes/js-demo/index.html [8ms]
[2022-06-29T07:04:24.005Z] > git fetch [1184ms]
[2022-06-29T07:04:24.149Z] > git ls-files --stage -- /home/sunnyhughes/js-demo/index.html [17ms]
[2022-06-29T07:04:24.201Z] > git show --textconv :js-demo/index.html [10ms]
[2022-06-29T07:04:24.605Z] > git status -z -uall [568ms]
[2022-06-29T07:04:24.605Z] > git symbolic-ref --short HEAD [13ms]
[2022-06-29T07:04:24.647Z] > git for-each-ref --format=%(refname)%00%(upstream:short)%00%(objectname)%00%(upstream:track)%00%(upstream:remotename)%00%(upstream:remoteref) refs/heads/Main refs/remotes/Main [11ms]
[2022-06-29T07:04:24.792Z] > git show --textconv :js-demo/home.js [41ms]
[2022-06-29T07:04:24.794Z] > git remote --verbose [78ms]
[2022-06-29T07:04:24.794Z] > git for-each-ref --sort -committerdate --format %(refname) %(objectname) %(*objectname) [105ms]
[2022-06-29T07:04:35.807Z] > git ls-files --stage -- /home/sunnyhughes/js-demo/home.js [11020ms]
[2022-06-29T07:04:35.836Z] > git config --get commit.template [34ms]
[2022-06-29T07:05:43.709Z] > git show --textconv :js-demo/utils.js [59ms]
[2022-06-29T07:05:43.723Z] > git ls-files --stage -- /home/sunnyhughes/js-demo/utils.js [22ms]
[2022-06-29T07:05:59.986Z] > git show --textconv :js-demo/home.js [56ms]
[2022-06-29T07:05:59.991Z] > git ls-files --stage -- /home/sunnyhughes/js-demo/home.js [21ms]
[2022-06-29T07:06:19.058Z] > git show --textconv :js-demo/utils.js [58ms]
[2022-06-29T07:06:19.083Z] > git ls-files --stage -- /home/sunnyhughes/js-demo/utils.js [28ms]
[2022-06-29T07:06:25.058Z] > git show --textconv :js-demo/index.html [91ms]
[2022-06-29T07:06:25.084Z] > git ls-files --stage -- /home/sunnyhughes/js-demo/index.html [50ms]
[2022-06-29T07:09:17.089Z] > git fetch [683ms]
[2022-06-29T07:09:17.709Z] > git ls-files --stage -- /home/sunnyhughes/js-demo/index.html [14ms]
[2022-06-29T07:09:17.802Z] > git status -z -uall [677ms]
[2022-06-29T07:09:17.803Z] > git symbolic-ref --short HEAD [40ms]
[2022-06-29T07:09:17.841Z] > git show --textconv :js-demo/index.html [41ms]
[2022-06-29T07:09:17.850Z] > git for-each-ref --format=%(refname)%00%(upstream:short)%00%(objectname)%00%(upstream:track)%00%(upstream:remotename)%00%(upstream:remoteref) refs/heads/Main refs/remotes/Main [16ms]
[2022-06-29T07:09:17.912Z] > git for-each-ref --sort -committerdate --format %(refname) %(objectname) %(*objectname) [31ms]
[2022-06-29T07:09:17.914Z] > git remote --verbose [6ms]
[2022-06-29T07:09:29.294Z] > git config --get commit.template [189ms]
[2022-06-29T07:09:30.097Z] > git show --textconv :js-demo/home.js [49ms]
[2022-06-29T07:09:30.103Z] > git ls-files --stage -- /home/sunnyhughes/js-demo/home.js [16ms]
[2022-06-29T07:12:30.202Z] > git fetch [879ms]
[2022-06-29T07:12:30.664Z] > git status -z -uall [439ms]
[2022-06-29T07:12:30.665Z] > git symbolic-ref --short HEAD [7ms]
[2022-06-29T07:12:30.688Z] > git ls-files --stage -- /home/sunnyhughes/js-demo/home.js [67ms]
[2022-06-29T07:12:30.691Z] > git for-each-ref --format=%(refname)%00%(upstream:short)%00%(objectname)%00%(upstream:track)%00%(upstream:remotename)%00%(upstream:remoteref) refs/heads/Main refs/remotes/Main [3ms]
[2022-06-29T07:12:30.741Z] > git remote --verbose [4ms]
[2022-06-29T07:12:30.741Z] > git for-each-ref --sort -committerdate --format %(refname) %(objectname) %(*objectname) [28ms]
[2022-06-29T07:12:40.696Z] > git show --textconv :js-demo/home.js [33ms]
[2022-06-29T07:12:40.697Z] > git config --get commit.template [83ms]
[2022-06-29T07:15:41.591Z] > git fetch [861ms]
[2022-06-29T07:15:42.113Z] > git status -z -uall [498ms]
[2022-06-29T07:15:42.114Z] > git symbolic-ref --short HEAD [7ms]
[2022-06-29T07:15:42.138Z] > git ls-files --stage -- /home/sunnyhughes/js-demo/home.js [72ms]
[2022-06-29T07:15:42.141Z] > git for-each-ref --format=%(refname)%00%(upstream:short)%00%(objectname)%00%(upstream:track)%00%(upstream:remotename)%00%(upstream:remoteref) refs/heads/Main refs/remotes/Main [3ms]
[2022-06-29T07:15:42.190Z] > git remote --verbose [4ms]
[2022-06-29T07:15:42.191Z] > git for-each-ref --sort -committerdate --format %(refname) %(objectname) %(*objectname) [27ms]
[2022-06-29T07:15:52.233Z] > git show --textconv :js-demo/home.js [32ms]
[2022-06-29T07:15:52.235Z] > git config --get commit.template [93ms]
[2022-06-29T07:18:52.862Z] > git fetch [597ms]
[2022-06-29T07:18:53.398Z] > git status -z -uall [513ms]
[2022-06-29T07:18:53.398Z] > git symbolic-ref --short HEAD [9ms]
[2022-06-29T07:18:53.436Z] > git for-each-ref --format=%(refname)%00%(upstream:short)%00%(objectname)%00%(upstream:track)%00%(upstream:remotename)%00%(upstream:remoteref) refs/heads/Main refs/remotes/Main [4ms]
[2022-06-29T07:18:53.583Z] > git remote --verbose [56ms]
[2022-06-29T07:18:53.584Z] > git for-each-ref --sort -committerdate --format %(refname) %(objectname) %(*objectname) [104ms]
[2022-06-29T07:19:03.801Z] > git ls-files --stage -- /home/sunnyhughes/js-demo/home.js [10221ms]
[2022-06-29T07:19:03.823Z] > git config --get commit.template [24ms]
[2022-06-29T07:19:04.400Z] > git show --textconv :js-demo/home.js [15ms]
[2022-06-29T07:22:04.365Z] > git fetch [517ms]
[2022-06-29T07:22:04.873Z] > git status -z -uall [484ms]
[2022-06-29T07:22:04.873Z] > git symbolic-ref --short HEAD [4ms]
[2022-06-29T07:22:04.899Z] > git for-each-ref --format=%(refname)%00%(upstream:short)%00%(objectname)%00%(upstream:track)%00%(upstream:remotename)%00%(upstream:remoteref) refs/heads/Main refs/remotes/Main [3ms]
[2022-06-29T07:22:04.961Z] > git remote --verbose [3ms]
[2022-06-29T07:22:04.962Z] > git for-each-ref --sort -committerdate --format %(refname) %(objectname) %(*objectname) [30ms]
[2022-06-29T07:22:16.889Z] > git config --get commit.template [48ms]
[2022-06-29T07:22:16.960Z] > git ls-files --stage -- /home/sunnyhughes/js-demo/home.js [9ms]
[2022-06-29T07:22:17.571Z] > git show --textconv :js-demo/home.js [20ms]
[2022-06-29T07:25:17.494Z] > git fetch [568ms]
[2022-06-29T07:25:17.955Z] > git status -z -uall [438ms]
[2022-06-29T07:25:17.957Z] > git symbolic-ref --short HEAD [5ms]
[2022-06-29T07:25:17.983Z] > git for-each-ref --format=%(refname)%00%(upstream:short)%00%(objectname)%00%(upstream:track)%00%(upstream:remotename)%00%(upstream:remoteref) refs/heads/Main refs/remotes/Main [3ms]
[2022-06-29T07:25:18.033Z] > git remote --verbose [3ms]
[2022-06-29T07:25:18.034Z] > git for-each-ref --sort -committerdate --format %(refname) %(objectname) %(*objectname) [26ms]
[2022-06-29T07:25:27.919Z] > git config --get commit.template [28ms]
[2022-06-29T07:25:27.964Z] > git ls-files --stage -- /home/sunnyhughes/js-demo/home.js [8ms]
[2022-06-29T07:25:28.386Z] > git show --textconv :js-demo/home.js [8ms]
[2022-06-29T07:28:06.894Z] > git show --textconv :js-demo/utils.js [34ms]
[2022-06-29T07:28:06.898Z] > git ls-files --stage -- /home/sunnyhughes/js-demo/utils.js [7ms]
[2022-06-29T07:28:25.022Z] > git show --textconv :js-demo/index.html [28ms]
[2022-06-29T07:28:25.028Z] > git ls-files --stage -- /home/sunnyhughes/js-demo/index.html [7ms]
[2022-06-29T07:28:28.791Z] > git fetch [815ms]
[2022-06-29T07:28:29.295Z] > git ls-files --stage -- /home/sunnyhughes/js-demo/index.html [23ms]
[2022-06-29T07:28:29.433Z] > git status -z -uall [601ms]
[2022-06-29T07:28:29.436Z] > git symbolic-ref --short HEAD [73ms]
[2022-06-29T07:28:29.544Z] > git show --textconv :js-demo/index.html [113ms]
[2022-06-29T07:28:29.545Z] > git for-each-ref --format=%(refname)%00%(upstream:short)%00%(objectname)%00%(upstream:track)%00%(upstream:remotename)%00%(upstream:remoteref) refs/heads/Main refs/remotes/Main [4ms]
[2022-06-29T07:28:29.663Z] > git remote --verbose [10ms]
[2022-06-29T07:28:29.664Z] > git for-each-ref --sort -committerdate --format %(refname) %(objectname) %(*objectname) [57ms]
[2022-06-29T07:28:40.547Z] > git config --get commit.template [42ms]
[2022-06-29T07:28:54.247Z] > git config --local branch.Main.github-pr-owner-number [42ms]
[2022-06-29T07:30:05.126Z] > git check-ignore -v -z --stdin [25ms]
[2022-06-29T07:30:10.965Z] > git status -z -uall [512ms]
[2022-06-29T07:30:10.965Z] > git symbolic-ref --short HEAD [7ms]
[2022-06-29T07:30:11.015Z] > git for-each-ref --format=%(refname)%00%(upstream:short)%00%(objectname)%00%(upstream:track)%00%(upstream:remotename)%00%(upstream:remoteref) refs/heads/Main refs/remotes/Main [5ms]
[2022-06-29T07:30:11.087Z] > git remote --verbose [8ms]
[2022-06-29T07:30:11.088Z] > git for-each-ref --sort -committerdate --format %(refname) %(objectname) %(*objectname) [38ms]
[2022-06-29T07:30:24.228Z] > git config --get commit.template [79ms]
[2022-06-29T07:31:41.088Z] > git fetch [506ms]
[2022-06-29T07:31:41.532Z] > git status -z -uall [418ms]
[2022-06-29T07:31:41.533Z] > git symbolic-ref --short HEAD [6ms]
[2022-06-29T07:31:41.560Z] > git for-each-ref --format=%(refname)%00%(upstream:short)%00%(objectname)%00%(upstream:track)%00%(upstream:remotename)%00%(upstream:remoteref) refs/heads/Main refs/remotes/Main [3ms]
[2022-06-29T07:31:41.628Z] > git for-each-ref --sort -committerdate --format %(refname) %(objectname) %(*objectname) [30ms]
[2022-06-29T07:31:41.629Z] > git remote --verbose [5ms]
[2022-06-29T07:31:52.014Z] > git config --get commit.template [33ms]
[2022-06-29T07:31:52.057Z] > git ls-files --stage -- /home/sunnyhughes/js-demo/index.html [11ms]
[2022-06-29T07:31:53.662Z] > git show --textconv :js-demo/index.html [17ms]
[2022-06-29T07:34:52.653Z] > git fetch [603ms]
[2022-06-29T07:34:53.109Z] > git status -z -uall [424ms]
[2022-06-29T07:34:53.120Z] > git symbolic-ref --short HEAD [16ms]
[2022-06-29T07:34:53.163Z] > git for-each-ref --format=%(refname)%00%(upstream:short)%00%(objectname)%00%(upstream:track)%00%(upstream:remotename)%00%(upstream:remoteref) refs/heads/Main refs/remotes/Main [3ms]
[2022-06-29T07:34:53.239Z] > git remote --verbose [6ms]
[2022-06-29T07:34:53.240Z] > git for-each-ref --sort -committerdate --format %(refname) %(objectname) %(*objectname) [42ms]
[2022-06-29T07:35:04.301Z] > git ls-files --stage -- /home/sunnyhughes/js-demo/index.html [39ms]
[2022-06-29T07:35:04.303Z] > git config --get commit.template [107ms]
[2022-06-29T07:35:05.789Z] > git show --textconv :js-demo/index.html [16ms]
[2022-06-29T07:38:04.889Z] > git fetch [555ms]
[2022-06-29T07:38:05.381Z] > git status -z -uall [466ms]
[2022-06-29T07:38:05.382Z] > git symbolic-ref --short HEAD [7ms]
[2022-06-29T07:38:05.411Z] > git for-each-ref --format=%(refname)%00%(upstream:short)%00%(objectname)%00%(upstream:track)%00%(upstream:remotename)%00%(upstream:remoteref) refs/heads/Main refs/remotes/Main [3ms]
[2022-06-29T07:38:05.467Z] > git remote --verbose [5ms]
[2022-06-29T07:38:05.467Z] > git for-each-ref --sort -committerdate --format %(refname) %(objectname) %(*objectname) [31ms]
[2022-06-29T07:38:15.856Z] > git config --get commit.template [99ms]
[2022-06-29T07:38:15.904Z] > git ls-files --stage -- /home/sunnyhughes/js-demo/index.html [9ms]
[2022-06-29T07:38:17.204Z] > git show --textconv :js-demo/index.html [17ms]
[2022-06-29T07:41:16.790Z] > git fetch [901ms]
[2022-06-29T07:41:17.220Z] > git ls-files --stage -- /home/sunnyhughes/js-demo/index.html [21ms]
[2022-06-29T07:41:17.290Z] > git status -z -uall [475ms]
[2022-06-29T07:41:17.291Z] > git symbolic-ref --short HEAD [30ms]
[2022-06-29T07:41:17.322Z] > git show --textconv :js-demo/index.html [33ms]
[2022-06-29T07:41:17.324Z] > git for-each-ref --format=%(refname)%00%(upstream:short)%00%(objectname)%00%(upstream:track)%00%(upstream:remotename)%00%(upstream:remoteref) refs/heads/Main refs/remotes/Main [4ms]
[2022-06-29T07:41:17.384Z] > git remote --verbose [9ms]
[2022-06-29T07:41:17.385Z] > git for-each-ref --sort -committerdate --format %(refname) %(objectname) %(*objectname) [32ms]
[2022-06-29T07:41:28.237Z] > git config --get commit.template [70ms]
[2022-06-29T07:42:28.060Z] > git status -z -uall [664ms]
[2022-06-29T07:42:28.063Z] > git symbolic-ref --short HEAD [12ms]
[2022-06-29T07:42:28.114Z] > git for-each-ref --format=%(refname)%00%(upstream:short)%00%(objectname)%00%(upstream:track)%00%(upstream:remotename)%00%(upstream:remoteref) refs/heads/Main refs/remotes/Main [7ms]
[2022-06-29T07:42:28.200Z] > git remote --verbose [5ms]
[2022-06-29T07:42:28.201Z] > git for-each-ref --sort -committerdate --format %(refname) %(objectname) %(*objectname) [43ms]
[2022-06-29T07:42:46.760Z] > git config --get commit.template [92ms]
[2022-06-29T07:42:46.881Z] > git -c user.useConfigOnly=true commit --quiet --allow-empty-message --file - [341ms]
[2022-06-29T07:42:47.908Z] > git status -z -uall [964ms]
[2022-06-29T07:42:47.909Z] > git symbolic-ref --short HEAD [4ms]
[2022-06-29T07:42:47.953Z] > git for-each-ref --format=%(refname)%00%(upstream:short)%00%(objectname)%00%(upstream:track)%00%(upstream:remotename)%00%(upstream:remoteref) refs/heads/Main refs/remotes/Main [4ms]
[2022-06-29T07:42:48.086Z] > git remote --verbose [11ms]
[2022-06-29T07:42:48.089Z] > git for-each-ref --sort -committerdate --format %(refname) %(objectname) %(*objectname) [96ms]
[2022-06-29T07:42:55.984Z] > git ls-files --stage -- /home/sunnyhughes/js-demo/index.html [84ms]
[2022-06-29T07:42:55.988Z] > git config --get commit.template [165ms]
[2022-06-29T07:42:56.065Z] > git config --get commit.template [9ms]
[2022-06-29T07:42:57.332Z] > git config --local branch.Main.github-pr-owner-number [409ms]
[2022-06-29T07:42:58.185Z] > git show --textconv :js-demo/index.html [27ms]
[2022-06-29T07:42:58.667Z] > git check-ignore -v -z --stdin [20ms]
[2022-06-29T07:43:07.255Z] > git status -z -uall [513ms]
[2022-06-29T07:43:07.255Z] > git symbolic-ref --short HEAD [15ms]
[2022-06-29T07:43:07.312Z] > git for-each-ref --format=%(refname)%00%(upstream:short)%00%(objectname)%00%(upstream:track)%00%(upstream:remotename)%00%(upstream:remoteref) refs/heads/Main refs/remotes/Main [5ms]
[2022-06-29T07:43:07.396Z] > git for-each-ref --sort -committerdate --format %(refname) %(objectname) %(*objectname) [40ms]
[2022-06-29T07:43:07.397Z] > git remote --verbose [6ms]
[2022-06-29T07:43:19.415Z] > git config --get commit.template [56ms]
[2022-06-29T07:43:20.128Z] > git status -z -uall [650ms]
[2022-06-29T07:43:20.133Z] > git symbolic-ref --short HEAD [6ms]
[2022-06-29T07:43:20.192Z] > git for-each-ref --format=%(refname)%00%(upstream:short)%00%(objectname)%00%(upstream:track)%00%(upstream:remotename)%00%(upstream:remoteref) refs/heads/Main refs/remotes/Main [5ms]
[2022-06-29T07:43:20.295Z] > git for-each-ref --sort -committerdate --format %(refname) %(objectname) %(*objectname) [53ms]
[2022-06-29T07:43:20.299Z] > git remote --verbose [7ms]
[2022-06-29T07:43:34.550Z] > git config --get commit.template [189ms]
[2022-06-29T07:43:35.813Z] > git check-ignore -v -z --stdin [547ms]
[2022-06-29T07:43:38.272Z] > git check-ignore -v -z --stdin [1033ms]
[2022-06-29T07:43:38.799Z] > git check-ignore -v -z --stdin [10ms]
[2022-06-29T07:43:47.740Z] > git check-ignore -v -z --stdin [74ms]
[2022-06-29T07:43:49.571Z] > git check-ignore -v -z --stdin [36ms]
[2022-06-29T07:43:51.729Z] > git check-ignore -v -z --stdin [42ms]
[2022-06-29T07:43:52.441Z] > git check-ignore -v -z --stdin [17ms]
[2022-06-29T07:43:53.773Z] > git check-ignore -v -z --stdin [16ms]
[2022-06-29T07:43:55.908Z] > git check-ignore -v -z --stdin [64ms]
[2022-06-29T07:43:59.440Z] > git check-ignore -v -z --stdin [65ms]
[2022-06-29T07:44:00.612Z] > git check-ignore -v -z --stdin [20ms]
[2022-06-29T07:44:02.118Z] > git check-ignore -v -z --stdin [23ms]
[2022-06-29T07:44:02.799Z] > git check-ignore -v -z --stdin [12ms]
[2022-06-29T07:44:09.381Z] > git add -A -- /home/sunnyhughes/.Xauthority /home/sunnyhughes/.bash_history /home/sunnyhughes/.config/Code/Backups/workspaces.json /home/sunnyhughes/.config/Code/Cache/Cache_Data/00374a503576bf4a_0 /home/sunnyhughes/.config/Code/Cache/Cache_Data/1688709d7f5f7061_0 /home/sunnyhughes/.config/Code/Cache/Cache_Data/1721ac2f142f6f40_0 /home/sunnyhughes/.config/Code/Cache/Cache_Data/72ba2d3fa545061b_0 /home/sunnyhughes/.config/Code/Cache/Cache_Data/a97c96d98c7c4739_0 /home/sunnyhughes/.config/Code/Cache/Cache_Data/d121e2a6335b7510_0 /home/sunnyhughes/.config/Code/Cache/Cache_Data/e6650a2d0e3fa8ad_0 /home/sunnyhughes/.config/Code/Cache/Cache_Data/index-dir/the-real-index /home/sunnyhughes/.config/Code/CachedData/30d9c6cd9483b2cc586687151bcbcd635f373630/chrome/js/index-dir/the-real-index /home/sunnyhughes/.config/Code/CachedExtensions/user /home/sunnyhughes/.config/Code/GPUCache/data_1 /home/sunnyhughes/.config/Code/GPUCache/index /home/sunnyhughes/.config/Code/Local Storage/leveldb/000003.log /home/sunnyhughes/.config/Code/Local Storage/leveldb/LOG /home/sunnyhughes/.config/Code/Local Storage/leveldb/LOG.old /home/sunnyhughes/.config/Code/Network Persistent State /home/sunnyhughes/.config/Code/QuotaManager /home/sunnyhughes/.config/Code/Service Worker/CacheStorage/be592767767aeca226f223d1ac75e9548eb481b4/66c28fa6-2a6f-47f0-9459-be1b54931b1b/0989b80421f7e0d0_0 /home/sunnyhughes/.config/Code/Service Worker/CacheStorage/be592767767aeca226f223d1ac75e9548eb481b4/66c28fa6-2a6f-47f0-9459-be1b54931b1b/690901a97f2ea37c_0 /home/sunnyhughes/.config/Code/Service Worker/CacheStorage/be592767767aeca226f223d1ac75e9548eb481b4/66c28fa6-2a6f-47f0-9459-be1b54931b1b/79cfe9e5772040aa_0 /home/sunnyhughes/.config/Code/Service Worker/CacheStorage/be592767767aeca226f223d1ac75e9548eb481b4/66c28fa6-2a6f-47f0-9459-be1b54931b1b/8ba72c384c3c6cee_0 /home/sunnyhughes/.config/Code/Service Worker/CacheStorage/be592767767aeca226f223d1ac75e9548eb481b4/66c28fa6-2a6f-47f0-9459-be1b54931b1b/8ba72c384c3c6cee_1 /home/sunnyhughes/.config/Code/Service Worker/CacheStorage/be592767767aeca226f223d1ac75e9548eb481b4/66c28fa6-2a6f-47f0-9459-be1b54931b1b/d264d30abce99426_0 /home/sunnyhughes/.config/Code/Service Worker/CacheStorage/be592767767aeca226f223d1ac75e9548eb481b4/66c28fa6-2a6f-47f0-9459-be1b54931b1b/eaa778626f452157_0 /home/sunnyhughes/.config/Code/Service Worker/CacheStorage/be592767767aeca226f223d1ac75e9548eb481b4/66c28fa6-2a6f-47f0-9459-be1b54931b1b/eaa778626f452157_1 /home/sunnyhughes/.config/Code/Service Worker/CacheStorage/be592767767aeca226f223d1ac75e9548eb481b4/66c28fa6-2a6f-47f0-9459-be1b54931b1b/eb4189981573ce9f_0 /home/sunnyhughes/.config/Code/Service Worker/CacheStorage/be592767767aeca226f223d1ac75e9548eb481b4/66c28fa6-2a6f-47f0-9459-be1b54931b1b/index-dir/the-real-index /home/sunnyhughes/.config/Code/Service Worker/Database/000003.log /home/sunnyhughes/.config/Code/Service Worker/Database/LOG /home/sunnyhughes/.config/Code/Service Worker/Database/LOG.old /home/sunnyhughes/.config/Code/Service Worker/ScriptCache/index-dir/the-real-index /home/sunnyhughes/.config/Code/Session Storage/000003.log /home/sunnyhughes/.config/Code/Session Storage/LOG /home/sunnyhughes/.config/Code/Session Storage/LOG.old /home/sunnyhughes/.config/Code/TransportSecurity /home/sunnyhughes/.config/Code/User/History/-123d17d/0COX.css /home/sunnyhughes/.config/Code/User/History/-123d17d/2YYc.css /home/sunnyhughes/.config/Code/User/History/-123d17d/2dp6.css /home/sunnyhughes/.config/Code/User/History/-123d17d/3JwD.css /home/sunnyhughes/.config/Code/User/History/-123d17d/4Rxb.css /home/sunnyhughes/.config/Code/User/History/-123d17d/5mZH.css /home/sunnyhughes/.config/Code/User/History/-123d17d/7BcA.css /home/sunnyhughes/.config/Code/User/History/-123d17d/9a0Y.css /home/sunnyhughes/.config/Code/User/History/-123d17d/9y3R.css /home/sunnyhughes/.config/Code/User/History/-123d17d/DDYT.css /home/sunnyhughes/.config/Code/User/History/-123d17d/ENDp.css /home/sunnyhughes/.config/Code/User/History/-123d17d/Es6L.css /home/sunnyhughes/.config/Code/User/History/-123d17d/GB6Y.css /home/sunnyhughes/.config/Code/User/History/-123d17d/HKVI.css /home/sunnyhughes/.config/Code/User/History/-123d17d/HZFJ.css /home/sunnyhughes/.config/Code/User/History/-123d17d/JXRF.css /home/sunnyhughes/.config/Code/User/History/-123d17d/LTlK.css /home/sunnyhughes/.config/Code/User/History/-123d17d/MFjD.css /home/sunnyhughes/.config/Code/User/History/-123d17d/O3NE.css /home/sunnyhughes/.config/Code/User/History/-123d17d/O7NV.css /home/sunnyhughes/.config/Code/User/History/-123d17d/OFWO.css /home/sunnyhughes/.config/Code/User/History/-123d17d/Ov5Y.css /home/sunnyhughes/.config/Code/User/History/-123d17d/SSwD.css /home/sunnyhughes/.config/Code/User/History/-123d17d/UbLX.css /home/sunnyhughes/.config/Code/User/History/-123d17d/VD4p.css /home/sunnyhughes/.config/Code/User/History/-123d17d/W0jx.css /home/sunnyhughes/.config/Code/User/History/-123d17d/W95z.css /home/sunnyhughes/.config/Code/User/History/-123d17d/Wh8H.css /home/sunnyhughes/.config/Code/User/History/-123d17d/YRtD.css /home/sunnyhughes/.config/Code/User/History/-123d17d/bOFJ.css /home/sunnyhughes/.config/Code/User/History/-123d17d/bxIm.css /home/sunnyhughes/.config/Code/User/History/-123d17d/dAsA.css /home/sunnyhughes/.config/Code/User/History/-123d17d/entries.json /home/sunnyhughes/.config/Code/User/History/-123d17d/fAtL.css /home/sunnyhughes/.config/Code/User/History/-123d17d/fnKx.css /home/sunnyhughes/.config/Code/User/History/-123d17d/ig3T.css /home/sunnyhughes/.config/Code/User/History/-123d17d/ilJF.css /home/sunnyhughes/.config/Code/User/History/-123d17d/kh1j.css /home/sunnyhughes/.config/Code/User/History/-123d17d/km94.css /home/sunnyhughes/.config/Code/User/History/-123d17d/lKmq.css /home/sunnyhughes/.config/Code/User/History/-123d17d/maXQ.css /home/sunnyhughes/.config/Code/User/History/-123d17d/moQJ.css /home/sunnyhughes/.config/Code/User/History/-123d17d/myLw.css /home/sunnyhughes/.config/Code/User/History/-123d17d/o5nb.css /home/sunnyhughes/.config/Code/User/History/-123d17d/p20z.css /home/sunnyhughes/.config/Code/User/History/-123d17d/qa0k.css /home/sunnyhughes/.config/Code/User/History/-123d17d/qoaz.css /home/sunnyhughes/.config/Code/User/History/-123d17d/u9tL.css /home/sunnyhughes/.config/Code/User/History/-123d17d/udmR.css /home/sunnyhughes/.config/Code/User/History/-123d17d/x6p0.css /home/sunnyhughes/.config/Code/User/History/-123d17d/yZUD.css /home/sunnyhughes/.config/Code/User/History/-3c1fcf62/0baa.html /home/sunnyhughes/.config/Code/User/History/-3c1fcf62/3Xqc.html /home/sunnyhughes/.config/Code/User/History/-3c1fcf62/3vHP.html /home/sunnyhughes/.config/Code/User/History/-3c1fcf62/4pr4.html /home/sunnyhughes/.config/Code/User/History/-3c1fcf62/5Y7X.html /home/sunnyhughes/.config/Code/User/History/-3c1fcf62/5ugg.html /home/sunnyhughes/.config/Code/User/History/-3c1fcf62/9mut.html /home/sunnyhughes/.config/Code/User/History/-3c1fcf62/BfZ0.html /home/sunnyhughes/.config/Code/User/History/-3c1fcf62/BrmN.html /home/sunnyhughes/.config/Code/User/History/-3c1fcf62/CXEZ.html /home/sunnyhughes/.config/Code/User/History/-3c1fcf62/D8uZ.html /home/sunnyhughes/.config/Code/User/History/-3c1fcf62/De4I.html /home/sunnyhughes/.config/Code/User/History/-3c1fcf62/EaoN.html /home/sunnyhughes/.config/Code/User/History/-3c1fcf62/EfLy.html /home/sunnyhughes/.config/Code/User/History/-3c1fcf62/JiHP.html /home/sunnyhughes/.config/Code/User/History/-3c1fcf62/JtWw.html /home/sunnyhughes/.config/Code/User/History/-3c1fcf62/M51K.html /home/sunnyhughes/.config/Code/User/History/-3c1fcf62/MyRv.html /home/sunnyhughes/.config/Code/User/History/-3c1fcf62/NiKg.html /home/sunnyhughes/.config/Code/User/History/-3c1fcf62/O1gl.html /home/sunnyhughes/.config/Code/User/History/-3c1fcf62/Oldi.html /home/sunnyhughes/.config/Code/User/History/-3c1fcf62/PWkS.html /home/sunnyhughes/.config/Code/User/History/-3c1fcf62/PjoR.html /home/sunnyhughes/.config/Code/User/History/-3c1fcf62/QX8V.html /home/sunnyhughes/.config/Code/User/History/-3c1fcf62/QqdD.html /home/sunnyhughes/.config/Code/User/History/-3c1fcf62/RsnC.html /home/sunnyhughes/.config/Code/User/History/-3c1fcf62/Sw5U.html /home/sunnyhughes/.config/Code/User/History/-3c1fcf62/WJ3M.html /home/sunnyhughes/.config/Code/User/History/-3c1fcf62/XSZn.html /home/sunnyhughes/.config/Code/User/History/-3c1fcf62/YQcp.html /home/sunnyhughes/.config/Code/User/History/-3c1fcf62/Z8b6.html /home/sunnyhughes/.config/Code/User/History/-3c1fcf62/ZYIH.html /home/sunnyhughes/.config/Code/User/History/-3c1fcf62/cBIS.html /home/sunnyhughes/.config/Code/User/History/-3c1fcf62/cOxJ.html /home/sunnyhughes/.config/Code/User/History/-3c1fcf62/cPtl.html /home/sunnyhughes/.config/Code/User/History/-3c1fcf62/cUT5.html /home/sunnyhughes/.config/Code/User/History/-3c1fcf62/czTf.html /home/sunnyhughes/.config/Code/User/History/-3c1fcf62/d7MQ.html /home/sunnyhughes/.config/Code/User/History/-3c1fcf62/dl7U.html /home/sunnyhughes/.config/Code/User/History/-3c1fcf62/eLx1.html /home/sunnyhughes/.config/Code/User/History/-3c1fcf62/entries.json /home/sunnyhughes/.config/Code/User/History/-3c1fcf62/ex2q.html /home/sunnyhughes/.config/Code/User/History/-3c1fcf62/f0R2.html /home/sunnyhughes/.config/Code/User/History/-3c1fcf62/hDf3.html /home/sunnyhughes/.config/Code/User/History/-3c1fcf62/hfz1.html /home/sunnyhughes/.config/Code/User/History/-3c1fcf62/ivSg.html /home/sunnyhughes/.config/Code/User/History/-3c1fcf62/izGN.html /home/sunnyhughes/.config/Code/User/History/-3c1fcf62/kpe0.html /home/sunnyhughes/.config/Code/User/History/-3c1fcf62/lddz.html /home/sunnyhughes/.config/Code/User/History/-3c1fcf62/p7nz.html /home/sunnyhughes/.config/Code/User/History/-3c1fcf62/pRiH.html /home/sunnyhughes/.config/Code/User/History/-3c1fcf62/phNb.html /home/sunnyhughes/.config/Code/User/History/-3c1fcf62/sV2K.html /home/sunnyhughes/.config/Code/User/History/-3c1fcf62/tBh0.html /home/sunnyhughes/.config/Code/User/History/-3c1fcf62/xmLG.html /home/sunnyhughes/.config/Code/User/History/-3c1fcf62/z3YW.html /home/sunnyhughes/.config/Code/User/History/-4a7bbd7e/entries.json /home/sunnyhughes/.config/Code/User/History/-4b82a0d6/entries.json /home/sunnyhughes/.config/Code/User/History/7e47e13d/entries.json /home/sunnyhughes/.config/Code/User/globalStorage/state.vscdb /home/sunnyhughes/.config/Code/User/globalStorage/state.vscdb.backup /home/sunnyhughes/.config/Code/User/globalStorage/storage.json /home/sunnyhughes/.config/Code/User/settings.json /home/sunnyhughes/.config/Code/User/sync/extensions/lastSyncextensions.json /home/sunnyhughes/.config/Code/User/sync/globalState/lastSyncglobalState.json /home/sunnyhughes/.config/Code/User/sync/settings/lastSyncsettings.json /home/sunnyhughes/.config/Code/User/workspaceStorage/1656017771793/state.vscdb /home/sunnyhughes/.config/Code/User/workspaceStorage/1656017771793/state.vscdb.backup /home/sunnyhughes/.config/Code/User/workspaceStorage/1656045229207/state.vscdb /home/sunnyhughes/.config/Code/User/workspaceStorage/2d675b3fbdec9271f766068739e99f91/state.vscdb /home/sunnyhughes/.config/Code/User/workspaceStorage/2d675b3fbdec9271f766068739e99f91/state.vscdb.backup /home/sunnyhughes/.config/Code/User/workspaceStorage/4e165aa008355b3b9d6e2adf361fe94b/state.vscdb /home/sunnyhughes/.config/Code/User/workspaceStorage/6c7174e4735dfd6be83649d3f6be72c6/state.vscdb /home/sunnyhughes/.config/Code/User/workspaceStorage/6c7174e4735dfd6be83649d3f6be72c6/state.vscdb.backup /home/sunnyhughes/.config/Code/User/workspaceStorage/88d98f382f3dae1f46fc6f612538f655/state.vscdb /home/sunnyhughes/.config/Code/User/workspaceStorage/88d98f382f3dae1f46fc6f612538f655/state.vscdb.backup /home/sunnyhughes/.config/Code/User/workspaceStorage/9b477004e3bdd128d4b35a24ae83d653/state.vscdb /home/sunnyhughes/.config/Code/User/workspaceStorage/9b477004e3bdd128d4b35a24ae83d653/state.vscdb.backup /home/sunnyhughes/.config/Code/code.lock /home/sunnyhughes/.config/Code/logs/20220623T164337/exthost1/exthost.log /home/sunnyhughes/.config/Code/logs/20220623T164337/exthost1/output_logging_20220623T164343/1-Microsoft Authentication.log /home/sunnyhughes/.config/Code/logs/20220623T164337/exthost1/output_logging_20220623T164343/2-GitHub Authentication.log /home/sunnyhughes/.config/Code/logs/20220623T164337/exthost1/output_logging_20220623T164343/3-GitHub Pull Request.log /home/sunnyhughes/.config/Code/logs/20220623T164337/exthost1/output_logging_20220623T164343/4-Git.log /home/sunnyhughes/.config/Code/logs/20220623T164337/exthost1/output_logging_20220623T164343/5-GitHub Classroom.log /home/sunnyhughes/.config/Code/logs/20220623T164337/exthost1/output_logging_20220623T164343/6-JSON Language Server.log /home/sunnyhughes/.config/Code/logs/20220623T164337/main.log /home/sunnyhughes/.config/Code/logs/20220623T164337/output_1_20220623T164340/extensions.log /home/sunnyhughes/.config/Code/logs/20220623T164337/output_1_20220623T164340/tasks.log /home/sunnyhughes/.config/Code/logs/20220623T164337/renderer1.log /home/sunnyhughes/.config/Code/logs/20220623T164337/sharedprocess.log /home/sunnyhughes/.config/Code/logs/20220623T164337/telemetry.log /home/sunnyhughes/.config/Code/logs/20220623T164337/userDataSync.log /home/sunnyhughes/.config/Code/logs/20220623T164919/exthost1/exthost.log /home/sunnyhughes/.config/Code/logs/20220623T164919/exthost1/output_logging_20220623T164926/1-Microsoft Authentication.log /home/sunnyhughes/.config/Code/logs/20220623T164919/exthost1/output_logging_20220623T164926/2-GitHub Authentication.log /home/sunnyhughes/.config/Code/logs/20220623T164919/exthost1/output_logging_20220623T164926/3-GitHub Pull Request.log /home/sunnyhughes/.config/Code/logs/20220623T164919/exthost1/output_logging_20220623T164926/4-Git.log /home/sunnyhughes/.config/Code/logs/20220623T164919/exthost1/output_logging_20220623T164926/5-GitHub Classroom.log /home/sunnyhughes/.config/Code/logs/20220623T164919/exthost1/output_logging_20220623T165615/1-Microsoft Authentication.log /home/sunnyhughes/.config/Code/logs/20220623T164919/exthost1/output_logging_20220623T165615/2-GitHub Authentication.log /home/sunnyhughes/.config/Code/logs/20220623T164919/exthost1/output_logging_20220623T165615/3-GitHub Pull Request.log /home/sunnyhughes/.config/Code/logs/20220623T164919/exthost1/output_logging_20220623T165615/4-Git.log /home/sunnyhughes/.config/Code/logs/20220623T164919/exthost1/output_logging_20220623T165615/5-GitHub Classroom.log /home/sunnyhughes/.config/Code/logs/20220623T164919/main.log /home/sunnyhughes/.config/Code/logs/20220623T164919/output_1_20220623T164922/extensions.log /home/sunnyhughes/.config/Code/logs/20220623T164919/output_1_20220623T164922/tasks.log /home/sunnyhughes/.config/Code/logs/20220623T164919/output_1_20220623T165613/extensions.log /home/sunnyhughes/.config/Code/logs/20220623T164919/output_1_20220623T165613/tasks.log /home/sunnyhughes/.config/Code/logs/20220623T164919/renderer1.log /home/sunnyhughes/.config/Code/logs/20220623T164919/sharedprocess.log /home/sunnyhughes/.config/Code/logs/20220623T164919/telemetry.log /home/sunnyhughes/.config/Code/logs/20220623T164919/userDataSync.log /home/sunnyhughes/.config/Code/logs/20220623T170630/exthost1/exthost.log /home/sunnyhughes/.config/Code/logs/20220623T170630/exthost1/output_logging_20220623T170634/1-Microsoft Authentication.log /home/sunnyhughes/.config/Code/logs/20220623T170630/exthost1/output_logging_20220623T170634/2-GitHub Authentication.log /home/sunnyhughes/.config/Code/logs/20220623T170630/exthost1/output_logging_20220623T170634/3-GitHub Pull Request.log /home/sunnyhughes/.config/Code/logs/20220623T170630/exthost1/output_logging_20220623T170634/4-Git.log /home/sunnyhughes/.config/Code/logs/20220623T170630/exthost1/output_logging_20220623T170634/5-GitHub Classroom.log /home/sunnyhughes/.config/Code/logs/20220623T170630/exthost1/output_logging_20220623T170634/6-JSON Language Server.log /home/sunnyhughes/.config/Code/logs/20220623T170630/exthost1/output_logging_20220623T170848/1-Microsoft Authentication.log /home/sunnyhughes/.config/Code/logs/20220623T170630/exthost1/output_logging_20220623T170848/2-GitHub Authentication.log /home/sunnyhughes/.config/Code/logs/20220623T170630/exthost1/output_logging_20220623T170848/3-GitHub Pull Request.log /home/sunnyhughes/.config/Code/logs/20220623T170630/exthost1/output_logging_20220623T170848/4-Git.log /home/sunnyhughes/.config/Code/logs/20220623T170630/exthost1/output_logging_20220623T170848/5-GitHub Classroom.log /home/sunnyhughes/.config/Code/logs/20220623T170630/exthost1/output_logging_20220623T170848/6-TypeScript.log /home/sunnyhughes/.config/Code/logs/20220623T170630/exthost3/exthost.log /home/sunnyhughes/.config/Code/logs/20220623T170630/exthost3/output_logging_20220624T003356/1-Microsoft Authentication.log /home/sunnyhughes/.config/Code/logs/20220623T170630/exthost3/output_logging_20220624T003356/2-GitHub Authentication.log /home/sunnyhughes/.config/Code/logs/20220623T170630/exthost3/output_logging_20220624T003356/3-GitHub Pull Request.log /home/sunnyhughes/.config/Code/logs/20220623T170630/exthost3/output_logging_20220624T003356/4-Git.log /home/sunnyhughes/.config/Code/logs/20220623T170630/exthost3/output_logging_20220624T003356/5-GitHub Classroom.log /home/sunnyhughes/.config/Code/logs/20220623T170630/exthost3/output_logging_20220624T003412/1-Microsoft Authentication.log /home/sunnyhughes/.config/Code/logs/20220623T170630/exthost3/output_logging_20220624T003412/2-GitHub Authentication.log /home/sunnyhughes/.config/Code/logs/20220623T170630/exthost3/output_logging_20220624T003412/3-GitHub Pull Request.log /home/sunnyhughes/.config/Code/logs/20220623T170630/exthost3/output_logging_20220624T003412/4-Git.log /home/sunnyhughes/.config/Code/logs/20220623T170630/exthost3/output_logging_20220624T003412/5-GitHub Classroom.log /home/sunnyhughes/.config/Code/logs/20220623T170630/main.log /home/sunnyhughes/.config/Code/logs/20220623T170630/output_1_20220623T170632/extensions.log /home/sunnyhughes/.config/Code/logs/20220623T170630/output_1_20220623T170632/tasks.log /home/sunnyhughes/.config/Code/logs/20220623T170630/output_1_20220623T170845/extensions.log /home/sunnyhughes/.config/Code/logs/20220623T170630/output_1_20220623T170845/tasks.log /home/sunnyhughes/.config/Code/logs/20220623T170630/output_3_20220624T003351/extensions.log /home/sunnyhughes/.config/Code/logs/20220623T170630/output_3_20220624T003351/tasks.log /home/sunnyhughes/.config/Code/logs/20220623T170630/output_3_20220624T003408/extensions.log /home/sunnyhughes/.config/Code/logs/20220623T170630/output_3_20220624T003408/tasks.log /home/sunnyhughes/.config/Code/logs/20220623T170630/renderer1.log /home/sunnyhughes/.config/Code/logs/20220623T170630/renderer3.log /home/sunnyhughes/.config/Code/logs/20220623T170630/sharedprocess.log /home/sunnyhughes/.config/Code/logs/20220623T170630/telemetry.log /home/sunnyhughes/.config/Code/logs/20220623T170630/userDataSync.log /home/sunnyhughes/.local/share/recently-used.xbel /home/sunnyhughes/.npm/_cacache/index-v5/00/1d/23fcc00a2fb45461d178313e8a09425d4dd617fad16bcfa9ec5bb0e3398c /home/sunnyhughes/.npm/_cacache/index-v5/00/41/dde164125569987226d27924a2b9c1686fcc489445ef21e4d31606c0538f /home/sunnyhughes/.npm/_cacache/index-v5/00/5f/18224c2157be67c545ab9f5fde051127158e10b6eae5d7fc9efec64f4275 /home/sunnyhughes/.npm/_cacache/index-v5/00/fe/fbe98b9a0b5a955d1b987fd6744626f330a6c75c332b6f14fd2bfe4c45d1 /home/sunnyhughes/.npm/_cacache/index-v5/01/89/9301a4ca636efac2cf89c03d03cea4248395691c7e4e8de219b878fbad43 /home/sunnyhughes/.npm/_cacache/index-v5/04/01/a04c785f8b2349df9c2e7280a5e9194b6995c89502b7ef0846cd6aa5d5b9 /home/sunnyhughes/.npm/_cacache/index-v5/04/2a/5363c96e6cd59b0bdb5206eaa04eda37e67518d41b1a66cfcf10c75a8235 /home/sunnyhughes/.npm/_cacache/index-v5/04/ab/87c61f753da3e349b459f118da9d174994b4269952377e6813f88a0f2c1b /home/sunnyhughes/.npm/_cacache/index-v5/04/bb/e70e70e0cbc9b00841927b0c23c58d97f21063208f3e872c3e04db58c13b /home/sunnyhughes/.npm/_cacache/index-v5/07/dd/190b49e77e081996d08614744718df065d66c8100d33755cf0d9f6223695 /home/sunnyhughes/.npm/_cacache/index-v5/07/e3/f4b7fd643fd7d0ad2a489b5072f1032395dcb410d14c1bc3d292d346a350 /home/sunnyhughes/.npm/_cacache/index-v5/08/f3/b49667a0661a3e1c664d9ff791d1b60a654f8ecab9ec16bf0875ed84b964 /home/sunnyhughes/.npm/_cacache/index-v5/0c/52/cfba3106ef0da44f06a883b7b9d1fc70b8ed2a1d170599f48805f689e53c /home/sunnyhughes/.npm/_cacache/index-v5/0c/d8/342048477d8d1a66dcf45723307d428757556956d99a5aed2bdb0f2a269b /home/sunnyhughes/.npm/_cacache/index-v5/0e/65/87d28880b4aafdec2c88b756737dcca071715f17255b5f11a63482aea11d /home/sunnyhughes/.npm/_cacache/index-v5/0e/bc/3e860ac298a0e1f2ebc7443600688e9009766fff3e452683186dee25bd1c /home/sunnyhughes/.npm/_cacache/index-v5/10/97/5064c504a49b471c1397588aec788c9ca836551ebd535c4a0f7d9e843629 /home/sunnyhughes/.npm/_cacache/index-v5/11/d7/9a389bd7520ad1bcdc6a2a050876d7783dc3ec357143c6c6c7c8df92bd82 /home/sunnyhughes/.npm/_cacache/index-v5/11/e1/1c483d2122bd9cb1fa851dc036984e3754849f699fe4eca57537ef5d33ee /home/sunnyhughes/.npm/_cacache/index-v5/13/e6/8b70366626b79d2362b92b3a21516c665684f5b676a2f7912510aae211e2 /home/sunnyhughes/.npm/_cacache/index-v5/13/f5/352db4def9f305acdf0907671f77015ee9c6d78551abc1f931e74cfbdf2b /home/sunnyhughes/.npm/_cacache/index-v5/14/5f/6e2956b950b124b9bf3d0e3b14a8ffb59cd858fd75ac433405cc316cc14f /home/sunnyhughes/.npm/_cacache/index-v5/15/ce/08aa6036a1a212066bd5b6871bd6dd93ab268e284b78703f6666d78dfa71 /home/sunnyhughes/.npm/_cacache/index-v5/16/8a/16de4427109597311a8f6e1becf15d34f1f72d401bb5efb9e839e4f86252 /home/sunnyhughes/.npm/_cacache/index-v5/18/cc/fd3cce653645675b995bdd03ff311af873f6f7ec1bd11376fcc44a8388c8 /home/sunnyhughes/.npm/_cacache/index-v5/18/ef/78d3f128164221e4e4208bf4396e8171ae8bdb4ccb3582ed65c965330026 /home/sunnyhughes/.npm/_cacache/index-v5/19/04/a357e66af73ae6b3c9eeea86abec3681f9ecfd098c53446273e8e5913818 /home/sunnyhughes/.npm/_cacache/index-v5/19/16/ef4d366a68d2c4ccc97fc162102edebb2bec2dae2fa2b0a0acb6b056f0e3 /home/sunnyhughes/.npm/_cacache/index-v5/19/2c/96b0bfc0390e3364e2f28343a002202395acd27d5d24d4347f21bc135ca4 /home/sunnyhughes/.npm/_cacache/index-v5/19/6b/91078bcaa81e1efc9452690202fd2cb5034d901b41c2bd98681a91aa7867 /home/sunnyhughes/.npm/_cacache/index-v5/1a/8a/5a53540668ad6b539fd5ff50f3295ecb87c13cbde5b7c90861ef5c9f5fca /home/sunnyhughes/.npm/_cacache/index-v5/1b/96/a889d9c721d92e5f10bba704d4364c82177153dd1d5dca094fbfbefb3566 /home/sunnyhughes/.npm/_cacache/index-v5/1c/ee/3a45f8710835b97d0996c4c7c68405acc70dd5de91ed435f2d6eb89ca8fc /home/sunnyhughes/.npm/_cacache/index-v5/1e/75/b27eb7343c9a6a52f3bf59412de816d55e71330776078ccfa9b8a2ccb57e /home/sunnyhughes/.npm/_cacache/index-v5/1e/f0/18c2ba1478041d63777f5db6c3dc1b38dd361c189b898aeeacbf8b942c11 /home/sunnyhughes/.npm/_cacache/index-v5/20/17/d5fa167b278e5fed01910ca691cbc73749d2c9e7cc4c4db1d634cb5a273a /home/sunnyhughes/.npm/_cacache/index-v5/21/11/c5701e96f87e1e4fa9fc2ea48dec6667c522df85f7be77bbb7caaeb415ba /home/sunnyhughes/.npm/_cacache/index-v5/21/5c/43bc4bbdabf8ae0454ee7075000f4ba27acf124106cdb71a445723bbc8c9 /home/sunnyhughes/.npm/_cacache/index-v5/21/d0/904e5f0f07b7ad75293da990a816ba9cdbefceb21c5fa695030fadcf1243 /home/sunnyhughes/.npm/_cacache/index-v5/21/dd/04717439c7ce0ee8202ff8aa7236b4fcf72b19c994068e5af06b6217afa1 /home/sunnyhughes/.npm/_cacache/index-v5/22/7d/52a6c0870e5f4ba745b186ebdd55e711d926ca5de29f941823ee95f9d7a8 /home/sunnyhughes/.npm/_cacache/index-v5/23/8a/40022a2445164f31954b4503f6f89673a547f70f58518f0594c384979273 /home/sunnyhughes/.npm/_cacache/index-v5/24/1c/453dce02f3c195b167be0f6a0115f43880042d1f370c104b1dda20ec798b /home/sunnyhughes/.npm/_cacache/index-v5/25/5e/e8321d61d4731578a250b240981ac3bb550d2ad726b8e9822f1ca03d43ca /home/sunnyhughes/.npm/_cacache/index-v5/27/b6/bc1d086124331680bbaa5c4c1b8d244d40fc2dad68e9fe8dcd4f002638ec /home/sunnyhughes/.npm/_cacache/index-v5/27/de/84b1e51ad0f9ce7856564bce717e548d4a6b413dd6b3db31692402a6e171 /home/sunnyhughes/.npm/_cacache/index-v5/28/00/8bc3a9d305748da5f779c09196534895f507406a1ce58785ff2322ad6107 /home/sunnyhughes/.npm/_cacache/index-v5/29/bb/b8ae7069c8cc2c18eb4dd7e2fc4949be408b13032c4283d34efdd8111bf7 /home/sunnyhughes/.npm/_cacache/index-v5/2a/3c/15e50e54d1357a83ef7e6449ed632dfa0e8394626da2bce4169c6d20da7b /home/sunnyhughes/.npm/_cacache/index-v5/2a/94/333c6a1b59cd47506e0b729f3401d3caac5ec48cddc7e54bf11d97301fb0 /home/sunnyhughes/.npm/_cacache/index-v5/2a/ed/06d5efe6c6cdb3a65ff0a03c78c8a42d90a3206532c941dbc95e01518f92 /home/sunnyhughes/.npm/_cacache/index-v5/2d/59/67d6c55f651fb4888d6a298d04ba46692a3bd9662c3cf157126bdb90b95c /home/sunnyhughes/.npm/_cacache/index-v5/31/78/da9ea6643e8a0142a039bf3cbd19dcbac51331f94543c348c9c153e4bd32 /home/sunnyhughes/.npm/_cacache/index-v5/32/94/dcdd67656eced53b568143b81dad8bd8474a7e2609fbc8f9a1e96df7b86a /home/sunnyhughes/.npm/_cacache/index-v5/33/61/b25f71e94c58e2b76f0a00ec021a6d5ec6bb015dedfbb236ed370841d698 /home/sunnyhughes/.npm/_cacache/index-v5/35/bb/7ceabd3303229a525ebed08370be6a2a2506591c322b1e7144b8b7fbeb0a /home/sunnyhughes/.npm/_cacache/index-v5/36/30/a3ae08fe998bf960a406e1456b8391cc0e3b551d215adfabf7d5862dbece /home/sunnyhughes/.npm/_cacache/index-v5/36/c5/9c3fe2b4d0a38b7ff2089089771344b7becb00d75e52660f3362ca181661 /home/sunnyhughes/.npm/_cacache/index-v5/37/29/37b020c6c3707e49a97fb739f7db20d880b2bb6db03f8b6e32ded490c966 /home/sunnyhughes/.npm/_cacache/index-v5/37/92/e818c7d8b7c82df51a6485bed4155a8bc48774c70d38b41ca1332d530719 /home/sunnyhughes/.npm/_cacache/index-v5/39/cf/c37fcc6f87b04795ff1f394def5c556f5b40f61bb9a01550e63dd96b9405 /home/sunnyhughes/.npm/_cacache/index-v5/39/f4/595f05fbfd334ed807cc40a26bb72566c7669976e14bcef7c146fa2ad9fd /home/sunnyhughes/.npm/_cacache/index-v5/3a/48/099937fc1adb3fe8f39130113c74a03b909c0cfe1ba05792e0e670c25d56 /home/sunnyhughes/.npm/_cacache/index-v5/3a/e4/0ccb6ddb13c29a13a5743ba17b8328488a1bdebac660f49b3df51660ed34 /home/sunnyhughes/.npm/_cacache/index-v5/3b/5b/4c2242d7d23f38147f32d40f0cdabcc6ef10669bb2c8f6a5d70a3a66f0fc /home/sunnyhughes/.npm/_cacache/index-v5/3c/07/63e3cd244b1d009a05e51e25215786a10621d9879fd914c8a775bffd1970 /home/sunnyhughes/.npm/_cacache/index-v5/3d/dd/3e8c6b6c875addf2057fb5fa152fff0fab217f78a8e51c0aa457a925bf12 /home/sunnyhughes/.npm/_cacache/index-v5/3e/29/efa0ba3be1304a4c786f731b668d3d6526d57957d6fe7fe27ed3309c18b5 /home/sunnyhughes/.npm/_cacache/index-v5/3e/84/0ae8922729602acc7006b3a339e36890a5b116286367b98a4bb8a7a6817c /home/sunnyhughes/.npm/_cacache/index-v5/3f/00/5054c4dc0b0faa876ce494b47e2a161c3f912dea243a955ffd488db7fa25 /home/sunnyhughes/.npm/_cacache/index-v5/3f/b8/5a522e247d3c2e5b806d20f39afd2bbc24853fdaf5820b5fe4e3d1ed1c90 /home/sunnyhughes/.npm/_cacache/index-v5/40/8c/81b2891a2e80e9ed861cec4078701f09049c85cd14bc69585d469e68f3d7 /home/sunnyhughes/.npm/_cacache/index-v5/40/8d/dfbc293be9aec60d486ecfadc25eaa8563d97ba697984a0d25240d19a373 /home/sunnyhughes/.npm/_cacache/index-v5/40/ac/83d48046309a72e2d050fe8797a5ee3d0bfd0a55b78c905647806423ebe8 /home/sunnyhughes/.npm/_cacache/index-v5/40/cb/9c7967f3b8ca30bc891a3d867197a739fda2b6820f63e80be2af3b7e87f1 /home/sunnyhughes/.npm/_cacache/index-v5/41/7b/12f2f7af7f950c23d4cdb66d81b57e5ffd679a24f66f54f69674376024a5 /home/sunnyhughes/.npm/_cacache/index-v5/41/9c/6c9754337fc88b8873c6ed1dd54c2e7937c9a74d278e07d0509675354743 /home/sunnyhughes/.npm/_cacache/index-v5/41/bf/d2987a7db80f4e0738cc6f2af13aadeaa56311fb9d65373b0e9bb20f67d5 /home/sunnyhughes/.npm/_cacache/index-v5/42/23/c446d4fda36af7357f5181ef96c8f8a65b06c50845514146b7d6cee55412 /home/sunnyhughes/.npm/_cacache/index-v5/43/33/305bf56940320eec7a16492a3715b6c80ecbe759a62ac61339da69e9490d /home/sunnyhughes/.npm/_cacache/index-v5/43/c8/1a8d31e58493cd88b5fd9f037d2d281c03c476c88545e94ff262f9ba518c /home/sunnyhughes/.npm/_cacache/index-v5/43/ea/aa8d3182979b4f8a7d4d95c893ff4987bceca1bed58fe9ce54cd44934636 /home/sunnyhughes/.npm/_cacache/index-v5/44/6c/2939bfbdf9d263a6690339091114f91d9fd513f6ebfdb37018716252c53f /home/sunnyhughes/.npm/_cacache/index-v5/44/7c/7d21c38230dbe2cd221b314cae84e737355717d304bf48501d91f51b9f35 /home/sunnyhughes/.npm/_cacache/index-v5/47/f5/8f979b882b9abf479f4478bef8a57c6f553ce8c59b2ad1ee91162c0c0865 /home/sunnyhughes/.npm/_cacache/index-v5/48/10/9ab28e6de2edc1bf095464a39efb220841d4f79989c0a67895fe802889f7 /home/sunnyhughes/.npm/_cacache/index-v5/4a/11/9a089cdd0b04882d561bd381f54e55eacdfe8e3354f96bad8d6df317ccc0 /home/sunnyhughes/.npm/_cacache/index-v5/4a/c3/7408bd3b7e201d83eaa3dd950c92aafe6db31a0a6ace52dfbe4f45f1e3a3 /home/sunnyhughes/.npm/_cacache/index-v5/4b/82/117f268c3a9e2105e7235b238394c362c744f9edbfe1f09f4a8161ee8379 /home/sunnyhughes/.npm/_cacache/index-v5/4c/50/afa1e360376d2cfdfe7befea461cba3bd7815445ff10b81dfc2277dcf741 /home/sunnyhughes/.npm/_cacache/index-v5/4c/81/c53ba246c8bc38201cddda4ac317fd8ea1777353537967686ed6a1d7a9fb /home/sunnyhughes/.npm/_cacache/index-v5/4c/bf/8c64029393c045744092403eeb88b5c059a5f152d60595b592d202eca5dc /home/sunnyhughes/.npm/_cacache/index-v5/4d/11/7187e7fc42ccba59e77df7bbf53d622cedcd8d775ef19b4e431b4de8eaed /home/sunnyhughes/.npm/_cacache/index-v5/4e/da/7848abfb7d2fcf58bd8d9b1e6f5c60fab5a8f22fc0eb33b62873e988a268 /home/sunnyhughes/.npm/_cacache/index-v5/50/20/f55e6e49226f7b27116bf96f812ba2731eb6f7300b715bd66b06265c6cf9 /home/sunnyhughes/.npm/_cacache/index-v5/50/be/eec9e4c33de2c53adcccffdedfc016583fa61e83a0f32c6acc885e8c2a7d /home/sunnyhughes/.npm/_cacache/index-v5/51/14/35e35bcd0c3616c1349ce4e687df026ed2b2afd3ed6591fe86a77953fc13 /home/sunnyhughes/.npm/_cacache/index-v5/53/f6/46c490244075933af455d43dbee60823fcd77d0fabae63bd814e9dc1bf74 /home/sunnyhughes/.npm/_cacache/index-v5/54/12/e3ac720b360b0c34dfb25fd36d22f71e4c25549644c6ebeeb516f4284c58 /home/sunnyhughes/.npm/_cacache/index-v5/54/3d/50abec64d81d131ab725ae1b3f52bb6ed3fedf1bcd3ff19ff8574e6e2109 /home/sunnyhughes/.npm/_cacache/index-v5/54/ad/2a9923fe219972066d2d7b8d66c171cce48580bc9393935ca538970568bf /home/sunnyhughes/.npm/_cacache/index-v5/55/49/7a0c220c38e75dfed16c44317b4e3ec70e69ccf2c06c1a0ffa6909e6e490 /home/sunnyhughes/.npm/_cacache/index-v5/55/8c/9ac83ce1208cadd8a108933324f9db00feccd4e501d1f2146f0e6ae8a435 /home/sunnyhughes/.npm/_cacache/index-v5/55/b5/f15335156d83bfce05faea7e373939e26bdf062faeb257499112b3938411 /home/sunnyhughes/.npm/_cacache/index-v5/55/ba/5e16eab8d10e0c61838d3194a21a80e240db12a1e4f37ff4e435211edac6 [532ms]
[2022-06-29T07:44:10.177Z] > git add -A -- /home/sunnyhughes/.npm/_cacache/index-v5/55/f5/7ba532d44184474b98a1d7d821f0ff7f95305147757c9faf844b881ffe58 /home/sunnyhughes/.npm/_cacache/index-v5/56/64/ed3d5de8c6d0d59951da1e504de02fdd08ee35a6146385991914f71e049b /home/sunnyhughes/.npm/_cacache/index-v5/56/c7/b1041352e5900470f0a710be1b5ca17ee2b11b7bdda49903ec741e022551 /home/sunnyhughes/.npm/_cacache/index-v5/57/b7/2772f8c4daa4b31074e03545f8e473b547e88ef3141501fe2a54e1abdfc4 /home/sunnyhughes/.npm/_cacache/index-v5/58/52/7f9b06983f2a9167d6a83be35663cc1368166149da11d45ae881f3120541 /home/sunnyhughes/.npm/_cacache/index-v5/58/f0/4fe556f104b09be642895a82afa463fe560d9a0dc8f507efeef825a6905e /home/sunnyhughes/.npm/_cacache/index-v5/59/51/7d1dc2a7e1aaff52246d8b7a7b786596d31911b4285b62a65039fab15143 /home/sunnyhughes/.npm/_cacache/index-v5/5a/6c/cbedfba7f1f2603383e2c9389a4536ad7d88a7498f9ccce633b760e037dd /home/sunnyhughes/.npm/_cacache/index-v5/5b/60/abc8817693594e3f5397a1f22e643b0705e09227bf632a6a9832dfdd9153 /home/sunnyhughes/.npm/_cacache/index-v5/5b/61/d7f3d654f3f1dd35d1eaa1576e28837006a03c2b86225a285fb651716e31 /home/sunnyhughes/.npm/_cacache/index-v5/5c/ea/eb5a67261acbcccfde5fd78aa0fe0b4fd7dff3ed48f0210552d6ed53c520 /home/sunnyhughes/.npm/_cacache/index-v5/5d/ad/1cb61ae613816d5f049cd87dd24009e364126f73726b1f8eab2350fec505 /home/sunnyhughes/.npm/_cacache/index-v5/5e/ab/cad8c1c55eeda32d648f79d7c45c9bb91508f69abd09093389ae8e905c0b /home/sunnyhughes/.npm/_cacache/index-v5/5f/1e/d16ade7c4853c4bd4ff26d890786d0c003f369152d91f7e67a1fdf7d8470 /home/sunnyhughes/.npm/_cacache/index-v5/60/75/b04f932bf0c8a04c5be518dd86973f80ae1a0ede5004bc0b6b65d4e92959 /home/sunnyhughes/.npm/_cacache/index-v5/60/a3/dadb693db8f7964a287d4e8ab281260ff26626f4ec7373866a0002090689 /home/sunnyhughes/.npm/_cacache/index-v5/61/80/84eaff9b2ee2d8776fe4943fa2054ec8f25540084e51d3ae7e680358d033 /home/sunnyhughes/.npm/_cacache/index-v5/62/9e/772cd16e6d1d45ddfc00cd0094f905d4b0b0929b45defe4ce5aa382fb2a3 /home/sunnyhughes/.npm/_cacache/index-v5/62/e9/2c17d0516cf9964dee4af48c49c49a536e4e24905a2adcb26400bf3514a6 /home/sunnyhughes/.npm/_cacache/index-v5/63/31/92a805da73e80ae09309d6562e1225092d313eab246f9ad565af899eb65f /home/sunnyhughes/.npm/_cacache/index-v5/63/61/d9b08934d2adcc13f01a1052d256aca8456454c7f3744ad71e76d9904ea2 /home/sunnyhughes/.npm/_cacache/index-v5/63/98/4acbcc4b8caef7d9c1a386822f2438bb8a2d1fcd7ea41e8adb2c2d966954 /home/sunnyhughes/.npm/_cacache/index-v5/64/40/e11c87114aa2eb644ceb35fff755f62c221c65cf9b097eba8c89a874631f /home/sunnyhughes/.npm/_cacache/index-v5/66/76/ae373a8873069aa592834533810cf9543ee82ee36d5d7ff1e4c6b05f28f3 /home/sunnyhughes/.npm/_cacache/index-v5/66/bb/6e46437afeb8672e0c5f43269086aa41b0fdfeab2d0d495ef1f544f2b327 /home/sunnyhughes/.npm/_cacache/index-v5/67/0f/543b1a502c816fa068b4cc83acd74635d800e3a6555febc2e89559966605 /home/sunnyhughes/.npm/_cacache/index-v5/67/1d/177915af205cec0c39943d83e2bdc59bc87c72ac1c6eaefc30d7cbef7288 /home/sunnyhughes/.npm/_cacache/index-v5/67/5f/28c12321d8b73cabed8e5f6d334222738f3757d989855c298742f545c38d /home/sunnyhughes/.npm/_cacache/index-v5/67/99/2bcf3ae67e125dd7c37e505d5400dc8c1525210991853efeb91fff9e8e5b /home/sunnyhughes/.npm/_cacache/index-v5/68/b4/15f12bf4a69304d32faf757e7bd8bb7a8682d9cc7a5d2d5a822a1169bcb5 /home/sunnyhughes/.npm/_cacache/index-v5/6a/a7/1cbd001cd62203bc47d9086e371da3823c4fe7cb824efdfcccee13ad1ce3 /home/sunnyhughes/.npm/_cacache/index-v5/6a/ec/15f8087f2f2639cddfe907c22cf2fb422b664f14fbaade057fa15c80c3bf /home/sunnyhughes/.npm/_cacache/index-v5/6b/66/9d14b6b3ef458428633b939a23bdce4a3556afbe03232cfb72c12dc0c048 /home/sunnyhughes/.npm/_cacache/index-v5/6b/cf/b52cfb21aabc06d33adb8a890c96fe92a8f3e2bd3569af6f24a2fac8aa64 /home/sunnyhughes/.npm/_cacache/index-v5/6c/6f/8e7e8934679b7b49b8240b1f2dcb66c25a5bd17f9629f8fe0ea634cab93c /home/sunnyhughes/.npm/_cacache/index-v5/6c/b8/bf3defaf56a777b0a2db86bdc94ecb2191281a9ae7585d3ff39ed841c8f5 /home/sunnyhughes/.npm/_cacache/index-v5/6d/a8/5b09e909c684d4e0ffbaa6cbdd6e33aa3e5ea67fcde743d0bb92a0451c1c /home/sunnyhughes/.npm/_cacache/index-v5/6e/b6/2f4672114ef1fc362d474be6b6ea509429339b919d384f4d6c70445b7695 /home/sunnyhughes/.npm/_cacache/index-v5/6f/5e/d77fe33dcb9422b5a37faad5396354b1848c0f784cb1a6eda6007697589a /home/sunnyhughes/.npm/_cacache/index-v5/70/67/5ea3e5b3ad56482d7b2ee3b5fd34a828744918513a5f1fd08525876f1b6c /home/sunnyhughes/.npm/_cacache/index-v5/71/67/5e93982939bbc293fb8dcaf63717c57fa0b448800edb2b73031446e900bc /home/sunnyhughes/.npm/_cacache/index-v5/72/54/3c31acdc20f812cc009985a2bdce417575b6db0398910a13fc8802e77f73 /home/sunnyhughes/.npm/_cacache/index-v5/73/c1/2f699add58dcbb2a2d0f4c9a8a135df99a8179216a1b5bd26649876a2b00 /home/sunnyhughes/.npm/_cacache/index-v5/74/8e/b0011aaf7a0ed7d2c5d537bb9583cfc591e23940832c32454754c84dbe30 /home/sunnyhughes/.npm/_cacache/index-v5/75/39/d0508114cab31da80963fa9f8a5d57c78c99121b1241b4af44d032412620 /home/sunnyhughes/.npm/_cacache/index-v5/7a/75/09893f824f317e90db602d42ad90112b83b491c932ae5c0736c6c4692016 /home/sunnyhughes/.npm/_cacache/index-v5/7a/83/6be996e7250adf9a97984c85c3a7d3c22c795ce5321c44d257e053fd7442 /home/sunnyhughes/.npm/_cacache/index-v5/7d/ad/c4a86ec3e748ae644231f48089af7e5af9e3aa09dc40d6854e5ffa9561a9 /home/sunnyhughes/.npm/_cacache/index-v5/7d/e8/5446c5cdae0493e4ad3b10347b77c8df4b17b5fbe14834f5c6b06faa9f95 /home/sunnyhughes/.npm/_cacache/index-v5/7e/ca/1a6ae17597829626fd88ab4b079c041182c2938b0509f22edaa8c9066351 /home/sunnyhughes/.npm/_cacache/index-v5/7f/c3/dc0657b650edb6ea8e350ae8c6dd6cee5ca84fcc91d9d0b666cf225a139b /home/sunnyhughes/.npm/_cacache/index-v5/81/88/78dae8c084ff452423d2c893e2b778ea222eed1c6055a29826a17e7159b9 /home/sunnyhughes/.npm/_cacache/index-v5/83/2c/c9f91295ef14195043a9b7ae4310490229b111bc2e6de3ed4214e4e86318 /home/sunnyhughes/.npm/_cacache/index-v5/83/53/7ff8120d5c55f6d1c1497e9eaa6bb854d19767012e0f9cd3702711481d0b /home/sunnyhughes/.npm/_cacache/index-v5/83/ef/aff47278d7ef72e864717a2bb5e09eca947c1b761d2a3f590af1b5f1b379 /home/sunnyhughes/.npm/_cacache/index-v5/84/82/3fa8cdf58bf2fe359b6df055ad5f7a24f3495b4fd8f6d64768a5ec8335c3 /home/sunnyhughes/.npm/_cacache/index-v5/84/8d/c5cb3d60279896e7adca42a9d234a3cb7d90fb0f6a3d9de8aa9baabbdd5c /home/sunnyhughes/.npm/_cacache/index-v5/84/99/a4fd8fd0e1912060fd27d4c4d6a543dd0bb43a004159a1067a9f4fea505f /home/sunnyhughes/.npm/_cacache/index-v5/85/79/3fb741604093d8d76d46cd7ae5aae318318281c865ac55e74dfb55e3425d /home/sunnyhughes/.npm/_cacache/index-v5/85/7f/73533187d1a0e7f803852d84478a390ee870dda682ff13a49bace582e282 /home/sunnyhughes/.npm/_cacache/index-v5/85/aa/7abb529da4ccdc917436278c1306c49cce2ff3f33948211aad74f110e516 /home/sunnyhughes/.npm/_cacache/index-v5/85/e8/62bb0eee7c81dc0a064df57ee4bc3ef332c5f3e0cf654b5c582da024f5f3 /home/sunnyhughes/.npm/_cacache/index-v5/86/38/67cd332218e56148ab0eb89ec176defd516fc7b0dc3276cbe6a7b525e744 /home/sunnyhughes/.npm/_cacache/index-v5/86/a2/5b27bb74c4b5717e38015bd570d651f9a9ebdd15044c34b5717193654f28 /home/sunnyhughes/.npm/_cacache/index-v5/86/dc/fba08db0dafd75c8ddc891af8b052dd998c7f79e14e4bc31d6cb7948ada9 /home/sunnyhughes/.npm/_cacache/index-v5/87/42/23fa01f70917d8b9065dcd8590e415f30660b5609f3a5f2ad8bed3a7ee60 /home/sunnyhughes/.npm/_cacache/index-v5/87/92/c0e298d641742650f08cdaed7c4d7ea3e120544f85bfffd1dcef67547531 /home/sunnyhughes/.npm/_cacache/index-v5/88/7f/9976a6fa114253b07e4f75f339a670328ab06f1c05542c939256e63fb773 /home/sunnyhughes/.npm/_cacache/index-v5/89/0b/e2ba88ed525834b932f3ddb5624a540e279742a3c6851ec4ee466890a5ed /home/sunnyhughes/.npm/_cacache/index-v5/89/d4/ec52c00102545b78746b59671488264963abd741664f5be1ec73fef527a4 /home/sunnyhughes/.npm/_cacache/index-v5/8a/05/71c9dc0405f1ac6c53af436db2935dc2108afa446217367e57185c8556e7 /home/sunnyhughes/.npm/_cacache/index-v5/8a/e9/f78a927b119d27ece8b731dfde1470b48159f26c89ce35d5fe0fc80122ed /home/sunnyhughes/.npm/_cacache/index-v5/8b/31/bc01d265bae3ca83af69c0d83a12d6131c1075830ffa93b7ea52768a7363 /home/sunnyhughes/.npm/_cacache/index-v5/8b/f2/1e5f9a33425ff3917a9a099e08eac3bf584b2ba0232ad679b76ae809bdc3 /home/sunnyhughes/.npm/_cacache/index-v5/8d/2c/bf742c29757d7367d6a3aeb1fdc6d85b963e45fd23b6557f6f3b2b98eb14 /home/sunnyhughes/.npm/_cacache/index-v5/8d/b2/efb98333ec63b6ca87cb7ae75f9390fcea80b2f93321dfa7e712deeea8ef /home/sunnyhughes/.npm/_cacache/index-v5/8e/58/1ce1355f39c75fa063f8dc1c958c11d57446438253b206afc18efb9f28c9 /home/sunnyhughes/.npm/_cacache/index-v5/8f/e0/d0d067f30cadd73c41fe798b2b876e2a6dbfbce20fda2ad0f09eaee60b41 /home/sunnyhughes/.npm/_cacache/index-v5/90/7d/1cc759bb0e4a50466e579be6c7743dbd95eae6198cd197a595461e18171f /home/sunnyhughes/.npm/_cacache/index-v5/90/81/b282fc65fba2629a78ffb2c85ff35c7028db687a67d0498adaaa3f3215c1 /home/sunnyhughes/.npm/_cacache/index-v5/90/e9/348268bd2fa269b49ac0097c12c6c5c828fe853dbfe5b474ca1b9aca1c6f /home/sunnyhughes/.npm/_cacache/index-v5/91/52/09fdbbac2b9b168597fd3b998b5e6ef8048bb5f5d9688efe44c01e1c4043 /home/sunnyhughes/.npm/_cacache/index-v5/91/6f/c6f9334a488926cc981ec43c6294b67859df94dc61c005115ccab7b325dd /home/sunnyhughes/.npm/_cacache/index-v5/91/d0/533b0b0b908863ff49983848fa58e98ba37bf78e94035c57c910825ae7cf /home/sunnyhughes/.npm/_cacache/index-v5/92/c5/252e6275e383971654627e29d822b89277c8176a60d3140f081288c43a65 /home/sunnyhughes/.npm/_cacache/index-v5/93/69/f5fdf1f141001aa2ae40f2b94d1bd4eafc78fad1d39e5cd98f60eb36d0a8 /home/sunnyhughes/.npm/_cacache/index-v5/93/c9/a0dbbd75ae853d67c5f17925e577e7c57bbe2b2ab879ccf8537edd7bad8f /home/sunnyhughes/.npm/_cacache/index-v5/95/af/22c6a839205628feaf60de48f584fed7f9639fec3479b585882f8b30e3ee /home/sunnyhughes/.npm/_cacache/index-v5/95/f4/45ceed8bcb72518dd3b6337040f00876970ffea3f97a57d68ae261dbdca5 /home/sunnyhughes/.npm/_cacache/index-v5/96/c5/cfd4f290453cd7201716a3217433fe76e994d06ad3a598a6ab5772d5280f /home/sunnyhughes/.npm/_cacache/index-v5/97/2a/03a1b9559a3a37b035bdf0a91e5ef8519eda6c80bbecceed0e3b5e4dc88b /home/sunnyhughes/.npm/_cacache/index-v5/97/47/50e7b1c11041a87df14ae5db62362f4605f0d4590602e604775d2de329e3 /home/sunnyhughes/.npm/_cacache/index-v5/98/20/8cf39748e26add3139706a657e8908982a79143e5c985f1a3fd09031cf57 /home/sunnyhughes/.npm/_cacache/index-v5/98/7f/18558997a627d6b6eac76bbfe5672a8e7b0d17ed4a26f67542c13d47b4c6 /home/sunnyhughes/.npm/_cacache/index-v5/98/f2/b821772aae78a7cc4aebf09dcceac3e1a5f5efe02d2d15a291b886ebe1fb /home/sunnyhughes/.npm/_cacache/index-v5/99/09/ea85533a3308afa798af061bf98a8c5db607191480ca1b72c160ebcc79f7 /home/sunnyhughes/.npm/_cacache/index-v5/99/7b/bb864e5ee467386404b7d703d97a34d09b8b19dadefbcc14f2414db1c0f3 /home/sunnyhughes/.npm/_cacache/index-v5/99/c2/9dc6c023b0d9b4465fcb1dd082fe8a925694f3c2e8d6499d5381a311df61 /home/sunnyhughes/.npm/_cacache/index-v5/99/c7/17fd3c84571557c89f427e72603dcdfbb2d7343b7b6a5d2e0de78f4be554 /home/sunnyhughes/.npm/_cacache/index-v5/9a/de/e55058ce8e4373a683972ee4f367cac984ac7c58631661095c5a49983b4c /home/sunnyhughes/.npm/_cacache/index-v5/9a/ed/6bb96dd93ea013e0d00c3107002296c5993f507f384e69a58bbabfdefa34 /home/sunnyhughes/.npm/_cacache/index-v5/9f/74/8e33e878b4c307a9cce07ddb8b66c8c49eecb3a8f3e662c5a1f5fc27f085 /home/sunnyhughes/.npm/_cacache/index-v5/a0/c6/040205eebe8a1469c51bd2cf204508de0c8c99d31041c9481a8f7a10adb3 /home/sunnyhughes/.npm/_cacache/index-v5/a1/2c/58b8eda6ce40314ff6c022f7fa040904c18bd8493488121b35d5d85023fc /home/sunnyhughes/.npm/_cacache/index-v5/a1/ae/c3316befbc742747dc22b7a04c2ee492ede6d9df13c1691785e6a00371ec /home/sunnyhughes/.npm/_cacache/index-v5/a2/bb/29617f69dc62eb68cc20c23ba57a6854ade67d85d73861d28551cc3e8f37 /home/sunnyhughes/.npm/_cacache/index-v5/a3/22/3b79c53a2818fb6f928c058e1d8038e80516b5ba1e9cfd838ec47457462d /home/sunnyhughes/.npm/_cacache/index-v5/a3/4e/b20fd91d9412674e80142f55ab9f04c1441c3d22d7e25b45e568a3af25a5 /home/sunnyhughes/.npm/_cacache/index-v5/a3/a5/81ae3a020d0ed386b5f75c4b70d3798066e80cd259666442eb0364025ac4 /home/sunnyhughes/.npm/_cacache/index-v5/a4/44/c797a676c91c1866342b9b548736d8f581612b6024cf63b883a4e67da4d6 /home/sunnyhughes/.npm/_cacache/index-v5/a8/05/549b4a73b2df921cfb1da13a113057ce79598cbe5cb03dd6f46b3f8d97f1 /home/sunnyhughes/.npm/_cacache/index-v5/a8/46/58a5360e54d0f07457ac466dbe64611af2b98ddf43b469984b9070623280 /home/sunnyhughes/.npm/_cacache/index-v5/a8/e7/bcfc0e22d884193193b075a87538a1bcc4d341f01231444be0762b0c87e9 /home/sunnyhughes/.npm/_cacache/index-v5/a9/2f/3582b1f410b13e8a190ff0f3faaf0e837aec232e43830f6706af217dfc72 /home/sunnyhughes/.npm/_cacache/index-v5/ab/3e/75ab3e39a002536b25c45bb11c51e027f3ab23bd4df2a9385902d4e6e7a8 /home/sunnyhughes/.npm/_cacache/index-v5/ab/a3/6abc84291759cb5b5ed9f06186f33ea909a68cd960206d57e16032623327 /home/sunnyhughes/.npm/_cacache/index-v5/ac/59/0d9aa27abbf50d839a6d5069a547db7424d523bd5bd00a7df466deca232a /home/sunnyhughes/.npm/_cacache/index-v5/ac/ba/f22fa31b850d07f8d92263849db0d7019715081c71c9f9d45d4e901eec73 /home/sunnyhughes/.npm/_cacache/index-v5/ad/61/8dddf2bd79472c4ffce70d15930b9ad34a6b139ee6817c5af0547186b82c /home/sunnyhughes/.npm/_cacache/index-v5/ad/dc/3c28a4c6ede94dd893b19f8c6078a10e700928744d3e3aebb44216ee2c0a /home/sunnyhughes/.npm/_cacache/index-v5/af/03/5c781820370e585dc2323edbbc80669bf714da5b47d56510c7d0bd7521ee /home/sunnyhughes/.npm/_cacache/index-v5/af/a1/ab9d77cb026b86ef88670d9957d0288759ae1f0ae20a97de8e3182495128 /home/sunnyhughes/.npm/_cacache/index-v5/b0/05/26e07e6d729fc135bf35f3205b1119ba1cec7b23ab0618776b036f464683 /home/sunnyhughes/.npm/_cacache/index-v5/b0/4a/c18a99a2710b49b5a3a1121226be4940f623f8ba056f8108a634ed347da9 /home/sunnyhughes/.npm/_cacache/index-v5/b1/4f/d1ca97694349590704bd42510557a88885386fd4356f81ff9cd8de7a2083 /home/sunnyhughes/.npm/_cacache/index-v5/b1/cd/31cd49632059fd2c007f32608caf29ebe32b533478261667d35f71dee110 /home/sunnyhughes/.npm/_cacache/index-v5/b2/c8/d52bed21458db64738ea441744fbdfac778c9c573edcc5a471a71a597c21 /home/sunnyhughes/.npm/_cacache/index-v5/b4/0c/95fcab298b208bfa97e6a4ba87c0b72def0415a285edc2179df9a5b54ecd /home/sunnyhughes/.npm/_cacache/index-v5/b4/3d/cecf22eb8b3efe8096029005da4bc77ec82de5c550ef9f831e41a2015d8c /home/sunnyhughes/.npm/_cacache/index-v5/b4/ae/62e2ce0f22e980f45e37382a5cbed34697686fa67866cb10efadba8deb77 /home/sunnyhughes/.npm/_cacache/index-v5/b5/84/122a47d563714c86f43d03320210174edea68f8aba08dc2d19b7ccef50a9 /home/sunnyhughes/.npm/_cacache/index-v5/b5/90/d06ec4d3d605fd2bb31e7b70f39c06d6430c5b389ee5e584f1a080db51b0 /home/sunnyhughes/.npm/_cacache/index-v5/b7/c2/76e1d8e353f98ab50b58e3c229f2621357d7a9690c95e0a48ff52b96bf68 /home/sunnyhughes/.npm/_cacache/index-v5/b7/db/d00f8af6bd424a81e4be925b70165f2959fee554783e4a067bb0fee3d75e /home/sunnyhughes/.npm/_cacache/index-v5/b8/37/362ad2f17908b398400c235351fe10659d38b69b7e293b5acb001b411854 /home/sunnyhughes/.npm/_cacache/index-v5/b8/4d/25488400e3aa575fbd3068239a528958ee8f7823c7eb5dbe0507d0223fea /home/sunnyhughes/.npm/_cacache/index-v5/b9/63/a50f0ce294976defe9e146d5bf1c0332ae745f85095f01eed7829d2514b1 /home/sunnyhughes/.npm/_cacache/index-v5/b9/72/c340d05c0ea33cc0135af9102b46c6fe9e19f580af4494eb23b007c4ba48 /home/sunnyhughes/.npm/_cacache/index-v5/b9/85/a61e4faf2fa57d9503508bed591c594eb5609999d7fe0d23f010cd1c4cc5 /home/sunnyhughes/.npm/_cacache/index-v5/b9/de/c7ccbe139231637ae2e5431511e792cb69adaa46bf9b37195f87a17f3b9c /home/sunnyhughes/.npm/_cacache/index-v5/ba/1c/ed7b09364e4619a596926255cadf56de093530c5af6bb1cddf2148d99ae0 /home/sunnyhughes/.npm/_cacache/index-v5/ba/24/069dd810af2d3b29e009db1dc5158b1dc6a14c29afa31754a2a89363c8ac /home/sunnyhughes/.npm/_cacache/index-v5/bb/3e/256be0e1ad86cb6af43f7a2b285999f990001322fd94509520d011bab8f5 /home/sunnyhughes/.npm/_cacache/index-v5/bc/96/32683f7ffb7731d6518f96344b35c74b7e49ed661d40e28ab211841d1e09 /home/sunnyhughes/.npm/_cacache/index-v5/bd/0a/f94c9423286e6948fec6a738f192cb8539c3ab91e9fd221539a6ffcdf8ee /home/sunnyhughes/.npm/_cacache/index-v5/c0/4d/9492915ea22756fb716f7f58eb33dfe9e1e772f9a408cfce2b9ab73fcb95 /home/sunnyhughes/.npm/_cacache/index-v5/c0/e0/6bc9f5a2253c7ef1c79319e59c99f139f5084b9deae5421347e3f770cea8 /home/sunnyhughes/.npm/_cacache/index-v5/c1/8e/b2d9565fe60306da42efbbd6978e09bc583a7fa954ad3b148dc9c4793e51 /home/sunnyhughes/.npm/_cacache/index-v5/c5/2c/55c4429eb725a430a3b818084b07feb148a47303443d1d035edad02be626 /home/sunnyhughes/.npm/_cacache/index-v5/c7/87/52ed7c703a00fa83035496f76eabb39293240dfbbe25e5dc2ad8d0fe219e /home/sunnyhughes/.npm/_cacache/index-v5/c8/c2/8070f2394a3c8e7f7fe3c50ebd31d4d7cbd1c6767cacddae7cce5d5c8a5c /home/sunnyhughes/.npm/_cacache/index-v5/ca/04/009fc2c8b7808afd2dac908bb4192ddfc16c48b4d4553ccb1268d3bf52b9 /home/sunnyhughes/.npm/_cacache/index-v5/ca/ae/0a08a8484d198d8e325b1305fa4a6e4ca6da6401bd9fd1a4e3b26d2d4d5b /home/sunnyhughes/.npm/_cacache/index-v5/ca/f8/5fdf8973f1896e77c07a4919f6166c6a04ef8354c5efb0156670a06d24e3 /home/sunnyhughes/.npm/_cacache/index-v5/cb/f0/1d5f1470f83e534bf78fc0f6ed401e44679bbcdc7ed4076696558bfb5a3c /home/sunnyhughes/.npm/_cacache/index-v5/ce/32/e8f81c0aa328e9c3842ef14c1b454369994606388454b79bc231ab94ef81 /home/sunnyhughes/.npm/_cacache/index-v5/cf/4b/00d89bfd0ac984d06a82cd31f98d8509bc0bf7eb452d723a00985ef6c590 /home/sunnyhughes/.npm/_cacache/index-v5/cf/e0/07a97c126a2c1b23017824fa496cb2e484ac6e71669376944d9068ea8b01 /home/sunnyhughes/.npm/_cacache/index-v5/d0/a2/9b5933a9df317b031c4407f0d9cae19a4d56f253f7746786597a52daa76d /home/sunnyhughes/.npm/_cacache/index-v5/d1/97/607cf9828aa87029b5ec1e5a59c7ee0474d138399095e86f33bddffd5dff /home/sunnyhughes/.npm/_cacache/index-v5/d1/de/356b19ac3f5f443a895bdbe09fe7a38e6569e25657795ac1b375774c457b /home/sunnyhughes/.npm/_cacache/index-v5/d4/59/20bc9e3f17c5c1eca8c85afe74e2cd0790f1320df66e61ec09148442cd7d /home/sunnyhughes/.npm/_cacache/index-v5/d4/c9/e243df11c702e2b09d3feb8e8fca22f0378285eb87b4f1c3adccc37aa2ec /home/sunnyhughes/.npm/_cacache/index-v5/d5/02/a4d888268ff14e42946cd7c95823ef41e95209674fd2846654b819ae5f83 /home/sunnyhughes/.npm/_cacache/index-v5/d5/0c/24e2e5ce0d053d72356aec00cb3bcb62cf36429c906b157eb9cc0e771599 /home/sunnyhughes/.npm/_cacache/index-v5/d5/4b/e7e3758c2d19e1b8cf9a59f9a3bb013c0f8040f12ec62bfaa7fb9f279066 /home/sunnyhughes/.npm/_cacache/index-v5/d6/47/0b796a99c82c8fcdcdc3380884e2104085a357ad0ac568827bbf53c1f6bf /home/sunnyhughes/.npm/_cacache/index-v5/d6/4d/95351bd7b1c4630fa6590049d83b56ced950f5f2fd281f27e28527249cee /home/sunnyhughes/.npm/_cacache/index-v5/d8/50/4c4cd54169f4649a4888c107638556e96913ad914d713b8151bde3466baa /home/sunnyhughes/.npm/_cacache/index-v5/d8/62/fa9d7982c1af34cc1664c1504cdcf5728bee5cbfba341507a5c033098737 /home/sunnyhughes/.npm/_cacache/index-v5/d8/90/fe1e5bf54c6111708a78cd66613e0a69271ab056e9925db28b5d49664f6e /home/sunnyhughes/.npm/_cacache/index-v5/d8/bb/66d25d447e03e6861ba02b08510ed76cd7d0e16cebfb54265d50c853d8ff /home/sunnyhughes/.npm/_cacache/index-v5/d9/76/559cfffc9d6adac4f1d6845d8db876a281ca2b2987aab677a4d05c979108 /home/sunnyhughes/.npm/_cacache/index-v5/db/13/954501848391beb05dc0c013938371d750b7e6ea4153286c2e2fd1d64e12 /home/sunnyhughes/.npm/_cacache/index-v5/db/c2/8855edf7da021e57b70de6e655515e2c67481a70f390301375a0daf993ff /home/sunnyhughes/.npm/_cacache/index-v5/dc/59/5e28fb725a62daaa765a76844a5e5926591e80c6780f252c328e40b93da0 /home/sunnyhughes/.npm/_cacache/index-v5/dc/84/9cb9dcdca7e756092001ff3ca40dfa90047917db5516d3666cbd4139e769 /home/sunnyhughes/.npm/_cacache/index-v5/dd/50/286afc99bace92cde31d73618857aa64e0eea03a21e6918401e647e7ae13 /home/sunnyhughes/.npm/_cacache/index-v5/df/3e/bc62a93080fee7115e0df209952290c67fe77d2dbb5ff46368184a3ba028 /home/sunnyhughes/.npm/_cacache/index-v5/e0/50/56966ec0225f12f799a69767733c618e2c44013ff74ab6423c6271aeebc1 /home/sunnyhughes/.npm/_cacache/index-v5/e1/2c/d82b68277243e1022df78ac477e828454d66349e93d8b15d395c3689b1a3 /home/sunnyhughes/.npm/_cacache/index-v5/e1/8c/38ff40d2c203b102826036027e60b33906094f411acb8417b6a2b532ee34 /home/sunnyhughes/.npm/_cacache/index-v5/e2/0b/e7a95828c3a0abbf0a465684edea4ff38c9d00659712989055a405cd9ef3 /home/sunnyhughes/.npm/_cacache/index-v5/e2/36/0ef3b57aa04bac4afa98ae94be443a53d43ebe258f13f82f1d98ccc0c133 /home/sunnyhughes/.npm/_cacache/index-v5/e2/46/4705c8c8600a93ac62b3b76debefa2d25956d07b3d181cd758e49cfffda8 /home/sunnyhughes/.npm/_cacache/index-v5/e2/58/9f87d0a588ae2a6322c65b0916e3ec5af109671b0eee7b34730cfa1fe013 /home/sunnyhughes/.npm/_cacache/index-v5/e2/db/35a07ca94b6294d4da9beb91f5f126663b81b96d0d02676f1c4d7bd1b992 /home/sunnyhughes/.npm/_cacache/index-v5/e3/19/4e717a7291b5dd5ca225d7af96a7e53c214e4d8c1568ce5094a10bf0396b /home/sunnyhughes/.npm/_cacache/index-v5/e3/57/600db2236b7babc107e0a4133335d573b060586e3e1b8260014f5d743f4b /home/sunnyhughes/.npm/_cacache/index-v5/e5/28/6cb7ceea594b63b308624d0ea3afb8a96e8b28887c04fac1b96594699140 /home/sunnyhughes/.npm/_cacache/index-v5/e6/31/11eb65d70a004ba6dc4f967bae593980ef09d70ba81fd2af497387d1d59a /home/sunnyhughes/.npm/_cacache/index-v5/e6/37/c9e69f5074e9a22c766ffcc622280d4e580d2ee0238f670f28199487dd44 /home/sunnyhughes/.npm/_cacache/index-v5/e6/3b/7656677b4ce98fa80fbd05eb933b9b5a858fb4a25d07d9ecd22267443c62 /home/sunnyhughes/.npm/_cacache/index-v5/e6/5b/a5ccd6d9f05959c1c89efc411510f733374f46f5e7c4ee798f587f5ae931 /home/sunnyhughes/.npm/_cacache/index-v5/e6/e7/836747f2490d9ad67b369ec82fb4e0b82fbb8fe3ab58c500f4dee8c5d7a6 /home/sunnyhughes/.npm/_cacache/index-v5/e8/7b/0817eb9f1646f60b27e507cd62e9e466ab147621279b2b9c754664d522ad /home/sunnyhughes/.npm/_cacache/index-v5/ec/76/50bc0855375a410b2a8bea85589bad6c3c063983759738daf5619a170902 /home/sunnyhughes/.npm/_cacache/index-v5/ec/da/4497dc8d2813413abe1f1c72b66bd18f50b6f2f052a7c0eb0dd8c8130496 /home/sunnyhughes/.npm/_cacache/index-v5/ee/41/9d919883ff80d9d4ae1af85440fde90b96e1c924a26f5324a09ed77e3e9e /home/sunnyhughes/.npm/_cacache/index-v5/f1/0d/c6029d51f93afd01a0113d7d479df0817dcf4fb9386094683c5ab033d76e /home/sunnyhughes/.npm/_cacache/index-v5/f2/3c/1c79abdced79951257dabca02e144d20a105eb60113c0f31c0df105f3a18 /home/sunnyhughes/.npm/_cacache/index-v5/f3/2c/80267cf9b394a43404ccabe3e574f5fd89b769b43be625b75ff9b1b4a2ee /home/sunnyhughes/.npm/_cacache/index-v5/f4/f0/22cc0b58a3130a20fc0015a98a37eff19452bd09903bad6286495faad602 /home/sunnyhughes/.npm/_cacache/index-v5/f5/d2/2263ec56a30342e426851ebfcf78701c4a21c4e1864204dfcca8dc2754ef /home/sunnyhughes/.npm/_cacache/index-v5/f6/3d/f2f0f797a9b8bc04ff5a617328dd807c77dc2d1a81c8243f65499cc44d81 /home/sunnyhughes/.npm/_cacache/index-v5/f6/d3/856f4e146dc3e8cb995652c4d6a1e16806d6bca7e87878fd9046e55ea74f /home/sunnyhughes/.npm/_cacache/index-v5/f7/83/f6d745edc6348460207733876a8ee9e9a527c28fd14a23b81f5d00386b04 /home/sunnyhughes/.npm/_cacache/index-v5/f8/eb/9e3af65eef30d4748632985b736b54c696161a44bd24b7dba6e505378420 /home/sunnyhughes/.npm/_cacache/index-v5/f9/55/449742d3444f5f79d72fc555d26c21f24cf7e231ca15cf007c399a0412e0 /home/sunnyhughes/.npm/_cacache/index-v5/f9/bb/0ce9bcf3ee8229dd748ba6f95b9d05b76ebddd9eca76d73ad5a36d08dd44 /home/sunnyhughes/.npm/_cacache/index-v5/fb/4b/0fb3ce45fb690a1851537ed333cfcfd6be1e8b868b655055069aab25adf3 /home/sunnyhughes/.npm/_cacache/index-v5/fc/b9/d14641ca9b49399d982314e9297ab3a0c090e2ec773c37b440f9be791ad6 /home/sunnyhughes/.npm/_cacache/index-v5/fc/ee/fc3e1dd6706bd557d2840d92ff10cdd6928b92fb8c46d2195dfbd8d4b2be /home/sunnyhughes/.npm/_cacache/index-v5/fd/51/5bf9d842e1ecfea484079ce86f5d7bf7ceddbcc1711c7b29270cb9913b31 /home/sunnyhughes/.npm/_cacache/index-v5/fe/1b/4bf4d691d300c0a3a7e81c481d5a45549fa893c5b82100b8365dace4efa7 /home/sunnyhughes/.npm/_cacache/index-v5/fe/2d/9bf8ddda981c1340cae8f412b86870a6ac97944ceaf772db609537a94b80 /home/sunnyhughes/.npm/_cacache/index-v5/ff/b4/82251a6a025226e5c6c812f2f8005a44e29efaba13ebcee1998faeed5c27 /home/sunnyhughes/.npm/_cacache/index-v5/ff/d3/eca629ba696cac5a91e13f61bb768d7cbf82072f798d17071572ab3943f2 /home/sunnyhughes/.npm/_logs/2022-06-20T22_40_43_631Z-debug-0.log /home/sunnyhughes/.npm/_logs/2022-06-20T22_52_30_547Z-debug-0.log /home/sunnyhughes/.npm/_logs/2022-06-20T22_53_13_864Z-debug-0.log /home/sunnyhughes/.npm/_logs/2022-06-20T22_53_48_831Z-debug-0.log /home/sunnyhughes/.npm/_logs/2022-06-20T22_54_17_404Z-debug-0.log /home/sunnyhughes/.npm/_logs/2022-06-20T22_58_20_719Z-debug-0.log /home/sunnyhughes/.npm/_logs/2022-06-20T23_10_57_199Z-debug-0.log /home/sunnyhughes/.viminfo /home/sunnyhughes/README.md /home/sunnyhughes/meandmamas.png /home/sunnyhughes/package-lock.json /home/sunnyhughes/.config/Code/Cache/Cache_Data/05974c35b51c95bc_0 /home/sunnyhughes/.config/Code/Cache/Cache_Data/09b656530cbea045_0 /home/sunnyhughes/.config/Code/Cache/Cache_Data/0d4ac3acca2347f1_0 /home/sunnyhughes/.config/Code/Cache/Cache_Data/0ec69528caccdc6a_0 /home/sunnyhughes/.config/Code/Cache/Cache_Data/10bb3cc46bd2bf26_0 /home/sunnyhughes/.config/Code/Cache/Cache_Data/129b4dd095bb163f_0 /home/sunnyhughes/.config/Code/Cache/Cache_Data/13de9b92e33a801c_0 /home/sunnyhughes/.config/Code/Cache/Cache_Data/1badb7db96badde8_0 /home/sunnyhughes/.config/Code/Cache/Cache_Data/2b07c9fb6b02a55f_0 /home/sunnyhughes/.config/Code/Cache/Cache_Data/327f33890bbdcf34_0 /home/sunnyhughes/.config/Code/Cache/Cache_Data/47def3e3ea12859f_0 /home/sunnyhughes/.config/Code/Cache/Cache_Data/51666800d13182a9_0 /home/sunnyhughes/.config/Code/Cache/Cache_Data/5b43a6959c4efa49_0 /home/sunnyhughes/.config/Code/Cache/Cache_Data/5dbd200156fb12c2_0 /home/sunnyhughes/.config/Code/Cache/Cache_Data/6f285f82c2a85dd8_0 /home/sunnyhughes/.config/Code/Cache/Cache_Data/6fd975cb92c9478d_0 /home/sunnyhughes/.config/Code/Cache/Cache_Data/745a1960a87be59a_0 /home/sunnyhughes/.config/Code/Cache/Cache_Data/80862bb4bbfd4131_0 /home/sunnyhughes/.config/Code/Cache/Cache_Data/896504e7476d6122_0 /home/sunnyhughes/.config/Code/Cache/Cache_Data/97fb980c8eff1903_0 /home/sunnyhughes/.config/Code/Cache/Cache_Data/9bfc040b3be6f3b3_0 /home/sunnyhughes/.config/Code/Cache/Cache_Data/a0b366d3a1eaf82e_0 /home/sunnyhughes/.config/Code/Cache/Cache_Data/a3819912fe7e9ba3_0 /home/sunnyhughes/.config/Code/Cache/Cache_Data/a70c7cbf3208cae8_0 /home/sunnyhughes/.config/Code/Cache/Cache_Data/b096335fa97b938e_0 /home/sunnyhughes/.config/Code/Cache/Cache_Data/b14106ddb5adc240_0 /home/sunnyhughes/.config/Code/Cache/Cache_Data/b54596bbe8e82bed_0 /home/sunnyhughes/.config/Code/Cache/Cache_Data/bde414f50b287e5f_0 /home/sunnyhughes/.config/Code/Cache/Cache_Data/c2511788a57537fa_0 /home/sunnyhughes/.config/Code/Cache/Cache_Data/ca81058f58c529c8_0 /home/sunnyhughes/.config/Code/Cache/Cache_Data/d0415b092ed9f062_0 /home/sunnyhughes/.config/Code/Cache/Cache_Data/d29bce04c6eeead6_0 /home/sunnyhughes/.config/Code/Cache/Cache_Data/d7e1d27dccb5d6ab_0 /home/sunnyhughes/.config/Code/Cache/Cache_Data/daa416d5843ccdde_0 /home/sunnyhughes/.config/Code/Cache/Cache_Data/dc0c745b48741000_0 /home/sunnyhughes/.config/Code/Cache/Cache_Data/dd154efc58ebbc3f_0 /home/sunnyhughes/.config/Code/Cache/Cache_Data/df693cc5efb589e8_0 /home/sunnyhughes/.config/Code/Cache/Cache_Data/e2341f385b9ca43a_0 /home/sunnyhughes/.config/Code/Cache/Cache_Data/e5153f8da9934248_0 /home/sunnyhughes/.config/Code/Cache/Cache_Data/e583f0ca7b7487cb_0 /home/sunnyhughes/.config/Code/Cache/Cache_Data/e5b7eaa41c41b0de_0 /home/sunnyhughes/.config/Code/Cache/Cache_Data/e6dba11feea6bb03_0 /home/sunnyhughes/.config/Code/Cache/Cache_Data/ee640155e1429e88_0 /home/sunnyhughes/.config/Code/Cache/Cache_Data/f4d5f968e5a6daa2_0 /home/sunnyhughes/.config/Code/CachedData/30d9c6cd9483b2cc586687151bcbcd635f373630/chrome/js/1cbc188c4a0de998_0 /home/sunnyhughes/.config/Code/CachedData/30d9c6cd9483b2cc586687151bcbcd635f373630/chrome/js/54df4ed636c4de00_0 /home/sunnyhughes/.config/Code/CachedData/30d9c6cd9483b2cc586687151bcbcd635f373630/chrome/js/8613b19e5a5557f4_0 /home/sunnyhughes/.config/Code/CachedData/30d9c6cd9483b2cc586687151bcbcd635f373630/chrome/js/93e881d345fd8cac_0 /home/sunnyhughes/.config/Code/CachedData/30d9c6cd9483b2cc586687151bcbcd635f373630/eventEmitter2-f61d53438b8eb03586f38a5a8e0e77a4.code /home/sunnyhughes/.config/Code/CachedData/30d9c6cd9483b2cc586687151bcbcd635f373630/extension-571e61fe29e8e0733956265ee04b4cbe.code /home/sunnyhughes/.config/Code/CachedData/30d9c6cd9483b2cc586687151bcbcd635f373630/extension-5d29fad004f3df490def1fd40d9fd271.code /home/sunnyhughes/.config/Code/CachedData/30d9c6cd9483b2cc586687151bcbcd635f373630/extension-a87391d7798736ad60a8e706cec49aa9.code /home/sunnyhughes/.config/Code/CachedData/30d9c6cd9483b2cc586687151bcbcd635f373630/extension-b36f3583408051e41abd4ab4d86c2d9f.code /home/sunnyhughes/.config/Code/CachedData/30d9c6cd9483b2cc586687151bcbcd635f373630/extension-eb85e2c8d7734b9e045358778604d531.code /home/sunnyhughes/.config/Code/CachedData/30d9c6cd9483b2cc586687151bcbcd635f373630/index-372486340a54b2688baa22ce206ae242.code /home/sunnyhughes/.config/Code/CachedData/30d9c6cd9483b2cc586687151bcbcd635f373630/npmMain-fe6b24d982fa2a732eedafbc03685a5a.code /home/sunnyhughes/.config/Code/CachedData/30d9c6cd9483b2cc586687151bcbcd635f373630/terminal-f94f398833bfd21e3647c4e2573783e8.code /home/sunnyhughes/.config/Code/CachedData/30d9c6cd9483b2cc586687151bcbcd635f373630/unixTerminal-8862fd0e2ed37e5b3a22983c85f6f306.code /home/sunnyhughes/.config/Code/CachedData/30d9c6cd9483b2cc586687151bcbcd635f373630/utils-3524aea5380e420ce5225e30dc1cff0d.code /home/sunnyhughes/.config/Code/CachedData/30d9c6cd9483b2cc586687151bcbcd635f373630/xterm-addon-serialize-cc6c4e5ffd59e13364292a6b3e02059c.code /home/sunnyhughes/.config/Code/CachedData/30d9c6cd9483b2cc586687151bcbcd635f373630/xterm-addon-unicode11-8143070c45c75152f5ec0066501e8816.code /home/sunnyhughes/.config/Code/CachedExtensionVSIXs/eg2.vscode-npm-script-0.3.26 /home/sunnyhughes/.config/Code/Service Worker/CacheStorage/2735e36f5b135adbf83fc5c3688dbd861d4640b9/65ffd473-8728-4fbc-b0e4-3f82f2487ab7/4bae8fd99ec8094e_0 /home/sunnyhughes/.config/Code/Service Worker/CacheStorage/2735e36f5b135adbf83fc5c3688dbd861d4640b9/65ffd473-8728-4fbc-b0e4-3f82f2487ab7/4bae8fd99ec8094e_1 /home/sunnyhughes/.config/Code/Service Worker/CacheStorage/2735e36f5b135adbf83fc5c3688dbd861d4640b9/65ffd473-8728-4fbc-b0e4-3f82f2487ab7/4cffa28c556bebc0_0 /home/sunnyhughes/.config/Code/Service Worker/CacheStorage/2735e36f5b135adbf83fc5c3688dbd861d4640b9/65ffd473-8728-4fbc-b0e4-3f82f2487ab7/index /home/sunnyhughes/.config/Code/Service Worker/CacheStorage/2735e36f5b135adbf83fc5c3688dbd861d4640b9/65ffd473-8728-4fbc-b0e4-3f82f2487ab7/index-dir/the-real-index /home/sunnyhughes/.config/Code/Service Worker/CacheStorage/2735e36f5b135adbf83fc5c3688dbd861d4640b9/index.txt [758ms]
