[2022-06-23 17:06:31.095] [main] [info] update#setState idle
[2022-06-23 17:06:33.772] [main] [info] Starting extension host with pid 6832 (fork() took 33 ms).
[2022-06-23 17:07:01.098] [main] [info] update#setState checking for updates
[2022-06-23 17:07:01.265] [main] [info] update#setState idle
[2022-06-23 17:08:44.201] [main] [info] Extension host with pid 6832 exited with code: 0, signal: null.
[2022-06-23 17:08:46.447] [main] [info] Starting extension host with pid 7297 (fork() took 45 ms).
[2022-06-23 17:08:57.683] [main] [info] Enabling inspect port on extension host with pid 7297.
[2022-06-23 18:07:01.102] [main] [info] update#setState checking for updates
[2022-06-23 18:07:01.682] [main] [info] update#setState idle
[2022-06-23 19:07:01.207] [main] [info] update#setState checking for updates
[2022-06-23 19:07:01.695] [main] [info] update#setState idle
[2022-06-23 20:28:02.622] [main] [info] update#setState checking for updates
[2022-06-23 20:28:04.673] [main] [error] Error: net::ERR_NETWORK_CHANGED
    at SimpleURLLoaderWrapper.<anonymous> (node:electron/js2c/browser_init:105:6946)
    at SimpleURLLoaderWrapper.emit (node:events:390:28)
[2022-06-23 20:28:04.674] [main] [info] update#setState idle
[2022-06-23 21:28:03.004] [main] [info] update#setState checking for updates
[2022-06-23 21:28:03.524] [main] [info] update#setState idle
[2022-06-23 22:28:03.018] [main] [info] update#setState checking for updates
[2022-06-23 22:28:03.594] [main] [info] update#setState idle
[2022-06-23 23:28:03.051] [main] [info] update#setState checking for updates
[2022-06-23 23:28:03.596] [main] [info] update#setState idle
[2022-06-24 00:28:03.067] [main] [info] update#setState checking for updates
[2022-06-24 00:28:03.550] [main] [info] update#setState idle
[2022-06-24 00:33:53.199] [main] [info] Starting extension host with pid 23161 (fork() took 42 ms).
[2022-06-24 00:34:06.330] [main] [info] Extension host with pid 23161 exited with code: 0, signal: null.
[2022-06-24 00:34:09.555] [main] [info] Starting extension host with pid 23203 (fork() took 49 ms).
[2022-06-24 00:34:26.220] [main] [info] Enabling inspect port on extension host with pid 23203.
[2022-06-24 00:38:47.268] [main] [info] Extension host with pid 23203 exited with code: 0, signal: null.
