[2022-06-23 17:06:34.485] [settingssync] [info] Using settings sync service https://vscode-sync.trafficmanager.net/
[2022-06-23 17:06:34.485] [settingssync] [info] Auto Sync is enabled.
[2022-06-23 17:06:34.485] [settingssync] [info] Auto Sync: Suspended until auth token is available.
[2022-06-23 17:06:47.995] [settingssync] [info] Auto Sync: Started
[2022-06-23 17:06:47.996] [settingssync] [info] Auto Sync: Triggered by Interval
[2022-06-23 17:06:49.058] [settingssync] [info] Settings: No changes found during synchronizing settings.
[2022-06-23 17:06:49.089] [settingssync] [info] Keybindings: No changes found during synchronizing keybindings.
[2022-06-23 17:06:49.109] [settingssync] [info] Snippets: No changes found during synchronizing snippets.
[2022-06-23 17:06:49.122] [settingssync] [info] Tasks: No changes found during synchronizing tasks.
[2022-06-23 17:06:49.611] [settingssync] [info] GlobalState: Updated remote ui state
[2022-06-23 17:06:49.640] [settingssync] [info] GlobalState: Updated last synchronized ui state
[2022-06-23 17:06:49.950] [settingssync] [info] Extensions: No changes found during synchronizing extensions.
[2022-06-23 17:06:49.955] [settingssync] [info] Sync done. Took 975ms
[2022-06-23 17:08:37.606] [settingssync] [info] Auto Sync: Triggered by Activity
[2022-06-23 17:08:38.163] [settingssync] [info] Settings: No changes found during synchronizing settings.
[2022-06-23 17:08:38.194] [settingssync] [info] Keybindings: No changes found during synchronizing keybindings.
[2022-06-23 17:08:38.207] [settingssync] [info] Snippets: No changes found during synchronizing snippets.
[2022-06-23 17:08:38.219] [settingssync] [info] Tasks: No changes found during synchronizing tasks.
[2022-06-23 17:08:38.232] [settingssync] [info] GlobalState: No changes found during synchronizing ui state.
[2022-06-23 17:08:38.441] [settingssync] [info] Extensions: No changes found during synchronizing extensions.
[2022-06-23 17:08:38.444] [settingssync] [info] Sync done. Took 305ms
[2022-06-23 17:08:49.564] [settingssync] [info] Auto Sync: Suspended until auth token is available.
[2022-06-23 17:08:49.566] [settingssync] [info] Auto Sync: Stopped
[2022-06-24 00:27:52.140] [settingssync] [info] Auto Sync: Started
[2022-06-24 00:27:52.143] [settingssync] [info] Auto Sync: Triggered by Interval
[2022-06-24 00:27:52.946] [settingssync] [info] Settings: No changes found during synchronizing settings.
[2022-06-24 00:27:52.994] [settingssync] [info] Keybindings: No changes found during synchronizing keybindings.
[2022-06-24 00:27:53.028] [settingssync] [info] Snippets: No changes found during synchronizing snippets.
[2022-06-24 00:27:53.038] [settingssync] [info] Tasks: No changes found during synchronizing tasks.
[2022-06-24 00:27:53.724] [settingssync] [info] GlobalState: Updated remote ui state
[2022-06-24 00:27:53.750] [settingssync] [info] GlobalState: Updated last synchronized ui state
[2022-06-24 00:27:54.015] [settingssync] [info] Extensions: No changes found during synchronizing extensions.
[2022-06-24 00:27:54.022] [settingssync] [info] Sync done. Took 1117ms
[2022-06-24 00:28:41.870] [settingssync] [info] Auto Sync: Triggered by Activity
[2022-06-24 00:28:42.394] [settingssync] [info] Settings: No changes found during synchronizing settings.
[2022-06-24 00:28:42.490] [settingssync] [info] Keybindings: No changes found during synchronizing keybindings.
[2022-06-24 00:28:42.540] [settingssync] [info] Snippets: No changes found during synchronizing snippets.
[2022-06-24 00:28:42.572] [settingssync] [info] Tasks: No changes found during synchronizing tasks.
[2022-06-24 00:28:42.604] [settingssync] [info] GlobalState: No changes found during synchronizing ui state.
[2022-06-24 00:28:43.147] [settingssync] [info] Extensions: No changes found during synchronizing extensions.
[2022-06-24 00:28:43.154] [settingssync] [info] Sync done. Took 882ms
[2022-06-24 00:29:36.584] [settingssync] [info] Auto Sync: Triggered by Activity
[2022-06-24 00:29:36.854] [settingssync] [info] Settings: No changes found during synchronizing settings.
[2022-06-24 00:29:36.868] [settingssync] [info] Keybindings: No changes found during synchronizing keybindings.
[2022-06-24 00:29:36.883] [settingssync] [info] Snippets: No changes found during synchronizing snippets.
[2022-06-24 00:29:36.897] [settingssync] [info] Tasks: No changes found during synchronizing tasks.
[2022-06-24 00:29:36.914] [settingssync] [info] GlobalState: No changes found during synchronizing ui state.
[2022-06-24 00:29:37.243] [settingssync] [info] Extensions: No changes found during synchronizing extensions.
[2022-06-24 00:29:37.250] [settingssync] [info] Sync done. Took 412ms
[2022-06-24 00:30:48.092] [settingssync] [info] Auto Sync: Triggered by Activity
[2022-06-24 00:30:48.592] [settingssync] [info] Settings: No changes found during synchronizing settings.
[2022-06-24 00:30:48.639] [settingssync] [info] Keybindings: No changes found during synchronizing keybindings.
[2022-06-24 00:30:48.665] [settingssync] [info] Snippets: No changes found during synchronizing snippets.
[2022-06-24 00:30:48.711] [settingssync] [info] Tasks: No changes found during synchronizing tasks.
[2022-06-24 00:30:48.746] [settingssync] [info] GlobalState: No changes found during synchronizing ui state.
[2022-06-24 00:30:49.201] [settingssync] [info] Extensions: No changes found during synchronizing extensions.
[2022-06-24 00:30:49.207] [settingssync] [info] Sync done. Took 679ms
[2022-06-24 00:33:03.953] [settingssync] [info] Auto Sync: Triggered by Activity
[2022-06-24 00:33:04.825] [settingssync] [info] Settings: No changes found during synchronizing settings.
[2022-06-24 00:33:04.844] [settingssync] [info] Keybindings: No changes found during synchronizing keybindings.
[2022-06-24 00:33:04.859] [settingssync] [info] Snippets: No changes found during synchronizing snippets.
[2022-06-24 00:33:04.869] [settingssync] [info] Tasks: No changes found during synchronizing tasks.
[2022-06-24 00:33:04.884] [settingssync] [info] GlobalState: No changes found during synchronizing ui state.
[2022-06-24 00:33:05.139] [settingssync] [info] Extensions: No changes found during synchronizing extensions.
[2022-06-24 00:33:05.145] [settingssync] [info] Sync done. Took 430ms
[2022-06-24 00:33:45.556] [settingssync] [info] Auto Sync: Triggered by Activity
[2022-06-24 00:33:45.828] [settingssync] [info] Settings: No changes found during synchronizing settings.
[2022-06-24 00:33:45.845] [settingssync] [info] Keybindings: No changes found during synchronizing keybindings.
[2022-06-24 00:33:45.857] [settingssync] [info] Snippets: No changes found during synchronizing snippets.
[2022-06-24 00:33:45.867] [settingssync] [info] Tasks: No changes found during synchronizing tasks.
[2022-06-24 00:33:45.887] [settingssync] [info] GlobalState: No changes found during synchronizing ui state.
[2022-06-24 00:33:46.145] [settingssync] [info] Extensions: No changes found during synchronizing extensions.
[2022-06-24 00:33:46.152] [settingssync] [info] Sync done. Took 368ms
[2022-06-24 00:33:56.528] [settingssync] [info] Auto Sync: Triggered by Activity
[2022-06-24 00:33:57.362] [settingssync] [info] Settings: No changes found during synchronizing settings.
[2022-06-24 00:33:57.452] [settingssync] [info] Keybindings: No changes found during synchronizing keybindings.
[2022-06-24 00:33:57.548] [settingssync] [info] Snippets: No changes found during synchronizing snippets.
[2022-06-24 00:33:57.578] [settingssync] [info] Tasks: No changes found during synchronizing tasks.
[2022-06-24 00:33:59.350] [settingssync] [info] GlobalState: Updated remote ui state
[2022-06-24 00:33:59.724] [settingssync] [info] GlobalState: Updated last synchronized ui state
[2022-06-24 00:34:00.212] [settingssync] [info] Extensions: No changes found during synchronizing extensions.
[2022-06-24 00:34:00.254] [settingssync] [info] Sync done. Took 2994ms
[2022-06-24 00:34:00.722] [settingssync] [info] Auto Sync: Suspended until auth token is available.
[2022-06-24 00:34:00.728] [settingssync] [info] Auto Sync: Stopped
[2022-06-24 00:40:36.717] [settingssync] [info] Auto Sync: Started
[2022-06-24 00:40:36.718] [settingssync] [info] Auto Sync: Triggered by Interval
[2022-06-24 00:40:37.188] [settingssync] [info] Settings: No changes found during synchronizing settings.
[2022-06-24 00:40:37.226] [settingssync] [info] Keybindings: No changes found during synchronizing keybindings.
[2022-06-24 00:40:37.244] [settingssync] [info] Snippets: No changes found during synchronizing snippets.
[2022-06-24 00:40:37.260] [settingssync] [info] Tasks: No changes found during synchronizing tasks.
[2022-06-24 00:40:37.678] [settingssync] [info] GlobalState: Updated remote ui state
[2022-06-24 00:40:37.705] [settingssync] [info] GlobalState: Updated last synchronized ui state
[2022-06-24 00:40:37.956] [settingssync] [info] Extensions: No changes found during synchronizing extensions.
[2022-06-24 00:40:37.963] [settingssync] [info] Sync done. Took 838ms
[2022-06-24 00:43:07.799] [settingssync] [info] Auto Sync: Triggered by Activity
[2022-06-24 00:43:08.417] [settingssync] [info] Settings: No changes found during synchronizing settings.
[2022-06-24 00:43:08.435] [settingssync] [info] Keybindings: No changes found during synchronizing keybindings.
[2022-06-24 00:43:08.453] [settingssync] [info] Snippets: No changes found during synchronizing snippets.
[2022-06-24 00:43:08.466] [settingssync] [info] Tasks: No changes found during synchronizing tasks.
[2022-06-24 00:43:08.484] [settingssync] [info] GlobalState: No changes found during synchronizing ui state.
[2022-06-24 00:43:08.908] [settingssync] [info] Extensions: No changes found during synchronizing extensions.
[2022-06-24 00:43:08.914] [settingssync] [info] Sync done. Took 546ms
[2022-06-24 00:44:10.609] [settingssync] [info] Auto Sync: Triggered by Activity
[2022-06-24 00:44:10.903] [settingssync] [info] Settings: No changes found during synchronizing settings.
[2022-06-24 00:44:10.922] [settingssync] [info] Keybindings: No changes found during synchronizing keybindings.
[2022-06-24 00:44:10.943] [settingssync] [info] Snippets: No changes found during synchronizing snippets.
[2022-06-24 00:44:10.955] [settingssync] [info] Tasks: No changes found during synchronizing tasks.
[2022-06-24 00:44:10.973] [settingssync] [info] GlobalState: No changes found during synchronizing ui state.
[2022-06-24 00:44:11.275] [settingssync] [info] Extensions: No changes found during synchronizing extensions.
[2022-06-24 00:44:11.283] [settingssync] [info] Sync done. Took 440ms
[2022-06-24 00:45:02.740] [settingssync] [info] Auto Sync: Triggered by Activity
[2022-06-24 00:45:02.970] [settingssync] [info] Settings: No changes found during synchronizing settings.
[2022-06-24 00:45:02.990] [settingssync] [info] Keybindings: No changes found during synchronizing keybindings.
[2022-06-24 00:45:03.008] [settingssync] [info] Snippets: No changes found during synchronizing snippets.
[2022-06-24 00:45:03.019] [settingssync] [info] Tasks: No changes found during synchronizing tasks.
[2022-06-24 00:45:03.038] [settingssync] [info] GlobalState: No changes found during synchronizing ui state.
[2022-06-24 00:45:03.368] [settingssync] [info] Extensions: No changes found during synchronizing extensions.
[2022-06-24 00:45:03.379] [settingssync] [info] Sync done. Took 423ms
[2022-06-24 00:47:48.202] [settingssync] [info] Auto Sync: Triggered by Activity
[2022-06-24 00:47:48.846] [settingssync] [info] Settings: No changes found during synchronizing settings.
[2022-06-24 00:47:48.864] [settingssync] [info] Keybindings: No changes found during synchronizing keybindings.
[2022-06-24 00:47:48.886] [settingssync] [info] Snippets: No changes found during synchronizing snippets.
[2022-06-24 00:47:48.920] [settingssync] [info] Tasks: No changes found during synchronizing tasks.
[2022-06-24 00:47:48.949] [settingssync] [info] GlobalState: No changes found during synchronizing ui state.
[2022-06-24 00:47:49.216] [settingssync] [info] Extensions: No changes found during synchronizing extensions.
[2022-06-24 00:47:49.283] [settingssync] [info] Sync done. Took 484ms
[2022-06-24 00:48:29.462] [settingssync] [info] Auto Sync: Triggered by Activity
[2022-06-24 00:48:29.854] [settingssync] [info] Settings: No changes found during synchronizing settings.
[2022-06-24 00:48:29.897] [settingssync] [info] Keybindings: No changes found during synchronizing keybindings.
[2022-06-24 00:48:29.946] [settingssync] [info] Snippets: No changes found during synchronizing snippets.
[2022-06-24 00:48:29.976] [settingssync] [info] Tasks: No changes found during synchronizing tasks.
[2022-06-24 00:48:29.997] [settingssync] [info] GlobalState: No changes found during synchronizing ui state.
[2022-06-24 00:48:30.297] [settingssync] [info] Extensions: No changes found during synchronizing extensions.
[2022-06-24 00:48:30.303] [settingssync] [info] Sync done. Took 496ms
[2022-06-24 00:52:48.960] [settingssync] [info] Auto Sync: Triggered by Activity
[2022-06-24 00:52:49.722] [settingssync] [info] Settings: No changes found during synchronizing settings.
[2022-06-24 00:52:49.736] [settingssync] [info] Keybindings: No changes found during synchronizing keybindings.
[2022-06-24 00:52:49.762] [settingssync] [info] Snippets: No changes found during synchronizing snippets.
[2022-06-24 00:52:49.798] [settingssync] [info] Tasks: No changes found during synchronizing tasks.
[2022-06-24 00:52:49.820] [settingssync] [info] GlobalState: No changes found during synchronizing ui state.
[2022-06-24 00:52:50.170] [settingssync] [info] Extensions: No changes found during synchronizing extensions.
[2022-06-24 00:52:50.174] [settingssync] [info] Sync done. Took 477ms
[2022-06-24 00:53:44.362] [settingssync] [info] Auto Sync: Triggered by Activity
[2022-06-24 00:53:44.602] [settingssync] [info] Settings: No changes found during synchronizing settings.
[2022-06-24 00:53:44.621] [settingssync] [info] Keybindings: No changes found during synchronizing keybindings.
[2022-06-24 00:53:44.637] [settingssync] [info] Snippets: No changes found during synchronizing snippets.
[2022-06-24 00:53:44.646] [settingssync] [info] Tasks: No changes found during synchronizing tasks.
[2022-06-24 00:53:44.658] [settingssync] [info] GlobalState: No changes found during synchronizing ui state.
[2022-06-24 00:53:44.917] [settingssync] [info] Extensions: No changes found during synchronizing extensions.
[2022-06-24 00:53:44.922] [settingssync] [info] Sync done. Took 339ms
[2022-06-24 00:54:36.475] [settingssync] [info] Auto Sync: Triggered by Activity
[2022-06-24 00:54:36.737] [settingssync] [info] Settings: No changes found during synchronizing settings.
[2022-06-24 00:54:36.788] [settingssync] [info] Keybindings: No changes found during synchronizing keybindings.
[2022-06-24 00:54:36.800] [settingssync] [info] Snippets: No changes found during synchronizing snippets.
[2022-06-24 00:54:36.813] [settingssync] [info] Tasks: No changes found during synchronizing tasks.
[2022-06-24 00:54:36.828] [settingssync] [info] GlobalState: No changes found during synchronizing ui state.
[2022-06-24 00:54:37.314] [settingssync] [info] Extensions: No changes found during synchronizing extensions.
[2022-06-24 00:54:37.318] [settingssync] [info] Sync done. Took 614ms
[2022-06-24 00:55:21.598] [settingssync] [info] Auto Sync: Triggered by Activity
[2022-06-24 00:55:22.007] [settingssync] [info] Settings: No changes found during synchronizing settings.
[2022-06-24 00:55:22.040] [settingssync] [info] Keybindings: No changes found during synchronizing keybindings.
[2022-06-24 00:55:22.057] [settingssync] [info] Snippets: No changes found during synchronizing snippets.
[2022-06-24 00:55:22.068] [settingssync] [info] Tasks: No changes found during synchronizing tasks.
[2022-06-24 00:55:22.101] [settingssync] [info] GlobalState: No changes found during synchronizing ui state.
[2022-06-24 00:55:22.380] [settingssync] [info] Extensions: No changes found during synchronizing extensions.
[2022-06-24 00:55:22.412] [settingssync] [info] Sync done. Took 441ms
[2022-06-24 00:56:42.568] [settingssync] [info] Auto Sync: Triggered by Activity
[2022-06-24 00:56:42.831] [settingssync] [info] Settings: No changes found during synchronizing settings.
[2022-06-24 00:56:42.864] [settingssync] [info] Keybindings: No changes found during synchronizing keybindings.
[2022-06-24 00:56:42.896] [settingssync] [info] Snippets: No changes found during synchronizing snippets.
[2022-06-24 00:56:42.929] [settingssync] [info] Tasks: No changes found during synchronizing tasks.
[2022-06-24 00:56:42.961] [settingssync] [info] GlobalState: No changes found during synchronizing ui state.
[2022-06-24 00:56:43.449] [settingssync] [info] Extensions: No changes found during synchronizing extensions.
[2022-06-24 00:56:43.453] [settingssync] [info] Sync done. Took 678ms
[2022-06-24 00:59:30.607] [settingssync] [info] Auto Sync: Triggered by Activity
[2022-06-24 00:59:31.261] [settingssync] [info] Settings: No changes found during synchronizing settings.
[2022-06-24 00:59:31.278] [settingssync] [info] Keybindings: No changes found during synchronizing keybindings.
[2022-06-24 00:59:31.297] [settingssync] [info] Snippets: No changes found during synchronizing snippets.
[2022-06-24 00:59:31.310] [settingssync] [info] Tasks: No changes found during synchronizing tasks.
[2022-06-24 00:59:31.329] [settingssync] [info] GlobalState: No changes found during synchronizing ui state.
[2022-06-24 00:59:31.590] [settingssync] [info] Extensions: No changes found during synchronizing extensions.
[2022-06-24 00:59:31.601] [settingssync] [info] Sync done. Took 390ms
